[+] Containers:
 |- [+] Container: /Game/ThirdPerson/Maps/ThirdPersonMap
 |   |- [+] ActorDescs:
 |   |   |- Guid:2FB58999456391D349DC0F86DAC136ED NativeClass:/Script/Engine.SkyLight Name:SkyLight_1 Label:SkyLight SpatiallyLoaded:false EditorBounds:IsValid=true, Min=(X=0.000 Y=0.000 Z=690.000), Max=(X=0.000 Y=0.000 Z=690.000) RuntimeBounds:IsValid=true, Min=(X=0.000 Y=0.000 Z=690.000), Max=(X=0.000 Y=0.000 Z=690.000) RuntimeGrid:None EditorOnly:false RuntimeOnly:false HLODRelevant:false ListedInSceneOutliner:true IsMainWorldOnly:false FolderPath:Lighting FolderGuid:963EC3EB4002CCE9759E2EBA541A873A
 |   |   |- Guid:316CF2A6494ACA4C0E4180A87D36AB8F NativeClass:/Script/Engine.ExponentialHeightFog Name:ExponentialHeightFog_0 Label:ExponentialHeightFog SpatiallyLoaded:false EditorBounds:IsValid=true, Min=(X=-5600.000 Y=-50.000 Z=-6850.000), Max=(X=-5600.000 Y=-50.000 Z=-6850.000) RuntimeBounds:IsValid=true, Min=(X=-5600.000 Y=-50.000 Z=-6850.000), Max=(X=-5600.000 Y=-50.000 Z=-6850.000) RuntimeGrid:None EditorOnly:false RuntimeOnly:false HLODRelevant:false ListedInSceneOutliner:true IsMainWorldOnly:false FolderPath:Lighting FolderGuid:963EC3EB4002CCE9759E2EBA541A873A
 |   |   |- Guid:3A00AA1C422CE54C0BDB60BAF471BFBB NativeClass:/Script/Engine.PlayerStart Name:PlayerStart_0 Label:PlayerStart SpatiallyLoaded:false EditorBounds:IsValid=true, Min=(X=859.978 Y=1628.818 Z=84.760), Max=(X=1227.978 Y=1884.818 Z=340.760) RuntimeBounds:IsValid=true, Min=(X=947.978 Y=1716.818 Z=120.760), Max=(X=1027.978 Y=1796.818 Z=304.760) RuntimeGrid:None EditorOnly:false RuntimeOnly:false HLODRelevant:false ListedInSceneOutliner:true IsMainWorldOnly:false
 |   |   |- Guid:441A82F84047BE14FAAB9781D2A5A9DD NativeClass:/Script/Engine.StaticMeshActor Name:StaticMeshActor_UAID_D45D64346FDF6A4002_1307931744 Label:CubeGridToolOutput3 SpatiallyLoaded:true EditorBounds:IsValid=true, Min=(X=700.000 Y=1600.000 Z=100.000), Max=(X=1700.000 Y=1700.000 Z=500.000) RuntimeBounds:IsValid=true, Min=(X=700.000 Y=1600.000 Z=100.000), Max=(X=1700.000 Y=1700.000 Z=500.000) RuntimeGrid:None EditorOnly:false RuntimeOnly:false HLODRelevant:true ListedInSceneOutliner:true IsMainWorldOnly:false
 |   |   |- Guid:4D3BE93F4146AAAC8BBE79999D96D57F NativeClass:/Script/Engine.VolumetricCloud Name:VolumetricCloud_0 Label:VolumetricCloud SpatiallyLoaded:false EditorBounds:IsValid=true, Min=(X=0.000 Y=0.000 Z=820.000), Max=(X=0.000 Y=0.000 Z=820.000) RuntimeBounds:IsValid=true, Min=(X=0.000 Y=0.000 Z=820.000), Max=(X=0.000 Y=0.000 Z=820.000) RuntimeGrid:None EditorOnly:false RuntimeOnly:false HLODRelevant:false ListedInSceneOutliner:true IsMainWorldOnly:false FolderPath:Lighting FolderGuid:963EC3EB4002CCE9759E2EBA541A873A
 |   |   |- Guid:6BAF4DDD444C60371492D3919DB42C97 NativeClass:/Script/Engine.WorldDataLayers Name:WorldDataLayers Label:WorldDataLayers SpatiallyLoaded:false EditorBounds:IsValid=true, Min=(X=0.000 Y=0.000 Z=0.000), Max=(X=0.000 Y=0.000 Z=0.000) RuntimeBounds:IsValid=true, Min=(X=0.000 Y=0.000 Z=0.000), Max=(X=0.000 Y=0.000 Z=0.000) RuntimeGrid:None EditorOnly:false RuntimeOnly:false HLODRelevant:false ListedInSceneOutliner:true IsMainWorldOnly:true
 |   |   |- Guid:83A6A8BD4753846C5DCDA38A25E0AC25 NativeClass:/Script/Engine.PointLight Name:PointLight_UAID_D45D64346FDF6A4002_1131902741 Label:PointLight4 SpatiallyLoaded:true EditorBounds:IsValid=true, Min=(X=526.782 Y=1156.372 Z=-678.762), Max=(X=2526.782 Y=3156.372 Z=1321.238) RuntimeBounds:IsValid=true, Min=(X=526.782 Y=1156.372 Z=-678.762), Max=(X=2526.782 Y=3156.372 Z=1321.238) RuntimeGrid:None EditorOnly:false RuntimeOnly:false HLODRelevant:false ListedInSceneOutliner:true IsMainWorldOnly:false
 |   |   |- Guid:8BF88E414BEF6646D57883851885155C NativeClass:/Script/Engine.StaticMeshActor Name:StaticMeshActor_UAID_D45D64346FDF6A4002_1612554748 Label:Stairs2 SpatiallyLoaded:true EditorBounds:IsValid=true, Min=(X=1555.000 Y=2470.000 Z=260.000), Max=(X=1705.000 Y=2710.000 Z=420.000) RuntimeBounds:IsValid=true, Min=(X=1555.000 Y=2470.000 Z=260.000), Max=(X=1705.000 Y=2710.000 Z=420.000) RuntimeGrid:None EditorOnly:false RuntimeOnly:false HLODRelevant:true ListedInSceneOutliner:true IsMainWorldOnly:false
 |   |   |- Guid:987AAC3E4295953A6BBD46A72ECC5DE4 NativeClass:/Script/Engine.PointLight Name:PointLight_UAID_D45D64346FDF6A4002_1134991742 Label:PointLight5 SpatiallyLoaded:true EditorBounds:IsValid=true, Min=(X=197.185 Y=604.540 Z=-611.469), Max=(X=2197.185 Y=2604.540 Z=1388.531) RuntimeBounds:IsValid=true, Min=(X=197.185 Y=604.540 Z=-611.469), Max=(X=2197.185 Y=2604.540 Z=1388.531) RuntimeGrid:None EditorOnly:false RuntimeOnly:false HLODRelevant:false ListedInSceneOutliner:true IsMainWorldOnly:false
 |   |   |- Guid:A06413424ADCD831264DCB924B7DBFE4 NativeClass:/Script/Engine.StaticMeshActor Name:StaticMeshActor_UAID_D45D64346FDF6A4002_1458303746 Label:Stairs SpatiallyLoaded:true EditorBounds:IsValid=true, Min=(X=1555.000 Y=2230.000 Z=100.000), Max=(X=1705.000 Y=2470.000 Z=260.000) RuntimeBounds:IsValid=true, Min=(X=1555.000 Y=2230.000 Z=100.000), Max=(X=1705.000 Y=2470.000 Z=260.000) RuntimeGrid:None EditorOnly:false RuntimeOnly:false HLODRelevant:true ListedInSceneOutliner:true IsMainWorldOnly:false
 |   |   |- Guid:B785ED2844B84CFB91E7F39FE661CD99 NativeClass:/Script/Engine.DirectionalLight Name:DirectionalLight_0 Label:DirectionalLight SpatiallyLoaded:false EditorBounds:IsValid=true, Min=(X=-1048576.000 Y=-1048576.000 Z=-1048576.000), Max=(X=1048576.000 Y=1048576.000 Z=1048576.000) RuntimeBounds:IsValid=true, Min=(X=-1048576.000 Y=-1048576.000 Z=-1048576.000), Max=(X=1048576.000 Y=1048576.000 Z=1048576.000) RuntimeGrid:None EditorOnly:false RuntimeOnly:false HLODRelevant:false ListedInSceneOutliner:true IsMainWorldOnly:false FolderPath:Lighting FolderGuid:963EC3EB4002CCE9759E2EBA541A873A
 |   |   |- Guid:C10CF7EE4BCFEA14410A49AAD3339F26 NativeClass:/Script/Engine.StaticMeshActor Name:StaticMeshActor_UAID_D45D64346FDF694002_2078581560 Label:CubeGridToolOutput SpatiallyLoaded:true EditorBounds:IsValid=true, Min=(X=600.000 Y=1600.000 Z=0.000), Max=(X=1800.000 Y=3000.000 Z=100.000) RuntimeBounds:IsValid=true, Min=(X=600.000 Y=1600.000 Z=0.000), Max=(X=1800.000 Y=3000.000 Z=100.000) RuntimeGrid:None EditorOnly:false RuntimeOnly:false HLODRelevant:true ListedInSceneOutliner:true IsMainWorldOnly:false
 |   |   |- Guid:CCFF262C46EEFFDF319E7F9539CE697E NativeClass:/Script/Engine.SkyAtmosphere Name:SkyAtmosphere_0 Label:SkyAtmosphere SpatiallyLoaded:false EditorBounds:IsValid=true, Min=(X=0.000 Y=0.000 Z=1020.000), Max=(X=0.000 Y=0.000 Z=1020.000) RuntimeBounds:IsValid=true, Min=(X=0.000 Y=0.000 Z=1020.000), Max=(X=0.000 Y=0.000 Z=1020.000) RuntimeGrid:None EditorOnly:false RuntimeOnly:false HLODRelevant:false ListedInSceneOutliner:true IsMainWorldOnly:false FolderPath:Lighting FolderGuid:963EC3EB4002CCE9759E2EBA541A873A
 |   |   |- Guid:EA517670485B8270C343D3B22CB4A032 NativeClass:/Script/Engine.PointLight Name:PointLight_UAID_D45D64346FDF6A4002_1126284739 Label:PointLight2 SpatiallyLoaded:true EditorBounds:IsValid=true, Min=(X=-253.714 Y=836.279 Z=-601.573), Max=(X=1746.286 Y=2836.279 Z=1398.427) RuntimeBounds:IsValid=true, Min=(X=-253.714 Y=836.279 Z=-601.573), Max=(X=1746.286 Y=2836.279 Z=1398.427) RuntimeGrid:None EditorOnly:false RuntimeOnly:false HLODRelevant:false ListedInSceneOutliner:true IsMainWorldOnly:false
 |   |   |- Guid:EC4E0C944CE6AC6E784BC6BB2916EA13 NativeClass:/Script/Engine.StaticMeshActor Name:StaticMeshActor_UAID_A4AE111137DC5EFB00_1110535423 Label:SM_SkySphere SpatiallyLoaded:false EditorBounds:IsValid=true, Min=(X=-1638400.000 Y=-1638400.000 Z=-1638400.000), Max=(X=1638400.000 Y=1638400.000 Z=1638400.000) RuntimeBounds:IsValid=true, Min=(X=-1638400.000 Y=-1638400.000 Z=-1638400.000), Max=(X=1638400.000 Y=1638400.000 Z=1638400.000) RuntimeGrid:None EditorOnly:false RuntimeOnly:false HLODRelevant:true ListedInSceneOutliner:true IsMainWorldOnly:false FolderPath:Lighting FolderGuid:963EC3EB4002CCE9759E2EBA541A873A
 |   |   |- Guid:F1E40A18493940FE70193D9361FDE0B5 NativeClass:/Script/Engine.PointLight Name:PointLight_UAID_D45D64346FDF6A4002_1128546740 Label:PointLight3 SpatiallyLoaded:true EditorBounds:IsValid=true, Min=(X=-155.243 Y=1660.636 Z=-591.575), Max=(X=1844.757 Y=3660.636 Z=1408.425) RuntimeBounds:IsValid=true, Min=(X=-155.243 Y=1660.636 Z=-591.575), Max=(X=1844.757 Y=3660.636 Z=1408.425) RuntimeGrid:None EditorOnly:false RuntimeOnly:false HLODRelevant:false ListedInSceneOutliner:true IsMainWorldOnly:false
 |   |   |- Guid:F2E1AE784B4CA2D7743D78AE04B525FD NativeClass:/Script/Engine.StaticMeshActor Name:StaticMeshActor_UAID_D45D64346FDF6A4002_1100217737 Label:CubeGridToolOutput2 SpatiallyLoaded:true EditorBounds:IsValid=true, Min=(X=600.000 Y=1600.000 Z=100.000), Max=(X=1800.000 Y=3000.000 Z=790.000) RuntimeBounds:IsValid=true, Min=(X=600.000 Y=1600.000 Z=100.000), Max=(X=1800.000 Y=3000.000 Z=790.000) RuntimeGrid:None EditorOnly:false RuntimeOnly:false HLODRelevant:true ListedInSceneOutliner:true IsMainWorldOnly:false
 |   |   |- Guid:F5E3FEB3450C49844FD93DA8E083C8AD NativeClass:/Script/Engine.PostProcessVolume Name:PostProcessVolume_0 Label:PostProcessVolume SpatiallyLoaded:false EditorBounds:IsValid=true, Min=(X=0.000 Y=0.000 Z=400.000), Max=(X=200.000 Y=200.000 Z=600.000) RuntimeBounds:IsValid=true, Min=(X=0.000 Y=0.000 Z=400.000), Max=(X=200.000 Y=200.000 Z=600.000) RuntimeGrid:None EditorOnly:false RuntimeOnly:false HLODRelevant:false ListedInSceneOutliner:true IsMainWorldOnly:false FolderPath:Lighting FolderGuid:963EC3EB4002CCE9759E2EBA541A873A
 |   |- [+] Clusters:
 |   |   |- [+] [  0]
 |   |   |   |- Guid:2FB58999456391D349DC0F86DAC136ED NativeClass:/Script/Engine.SkyLight Name:SkyLight_1 Label:SkyLight SpatiallyLoaded:false EditorBounds:IsValid=true, Min=(X=0.000 Y=0.000 Z=690.000), Max=(X=0.000 Y=0.000 Z=690.000) RuntimeBounds:IsValid=true, Min=(X=0.000 Y=0.000 Z=690.000), Max=(X=0.000 Y=0.000 Z=690.000) RuntimeGrid:None EditorOnly:false RuntimeOnly:false HLODRelevant:false ListedInSceneOutliner:true IsMainWorldOnly:false FolderPath:Lighting FolderGuid:963EC3EB4002CCE9759E2EBA541A873A
 |   |   |- [+] [  1]
 |   |   |   |- Guid:316CF2A6494ACA4C0E4180A87D36AB8F NativeClass:/Script/Engine.ExponentialHeightFog Name:ExponentialHeightFog_0 Label:ExponentialHeightFog SpatiallyLoaded:false EditorBounds:IsValid=true, Min=(X=-5600.000 Y=-50.000 Z=-6850.000), Max=(X=-5600.000 Y=-50.000 Z=-6850.000) RuntimeBounds:IsValid=true, Min=(X=-5600.000 Y=-50.000 Z=-6850.000), Max=(X=-5600.000 Y=-50.000 Z=-6850.000) RuntimeGrid:None EditorOnly:false RuntimeOnly:false HLODRelevant:false ListedInSceneOutliner:true IsMainWorldOnly:false FolderPath:Lighting FolderGuid:963EC3EB4002CCE9759E2EBA541A873A
 |   |   |- [+] [  2]
 |   |   |   |- Guid:3A00AA1C422CE54C0BDB60BAF471BFBB NativeClass:/Script/Engine.PlayerStart Name:PlayerStart_0 Label:PlayerStart SpatiallyLoaded:false EditorBounds:IsValid=true, Min=(X=859.978 Y=1628.818 Z=84.760), Max=(X=1227.978 Y=1884.818 Z=340.760) RuntimeBounds:IsValid=true, Min=(X=947.978 Y=1716.818 Z=120.760), Max=(X=1027.978 Y=1796.818 Z=304.760) RuntimeGrid:None EditorOnly:false RuntimeOnly:false HLODRelevant:false ListedInSceneOutliner:true IsMainWorldOnly:false
 |   |   |- [+] [  3]
 |   |   |   |- Guid:441A82F84047BE14FAAB9781D2A5A9DD NativeClass:/Script/Engine.StaticMeshActor Name:StaticMeshActor_UAID_D45D64346FDF6A4002_1307931744 Label:CubeGridToolOutput3 SpatiallyLoaded:true EditorBounds:IsValid=true, Min=(X=700.000 Y=1600.000 Z=100.000), Max=(X=1700.000 Y=1700.000 Z=500.000) RuntimeBounds:IsValid=true, Min=(X=700.000 Y=1600.000 Z=100.000), Max=(X=1700.000 Y=1700.000 Z=500.000) RuntimeGrid:None EditorOnly:false RuntimeOnly:false HLODRelevant:true ListedInSceneOutliner:true IsMainWorldOnly:false
 |   |   |- [+] [  4]
 |   |   |   |- Guid:4D3BE93F4146AAAC8BBE79999D96D57F NativeClass:/Script/Engine.VolumetricCloud Name:VolumetricCloud_0 Label:VolumetricCloud SpatiallyLoaded:false EditorBounds:IsValid=true, Min=(X=0.000 Y=0.000 Z=820.000), Max=(X=0.000 Y=0.000 Z=820.000) RuntimeBounds:IsValid=true, Min=(X=0.000 Y=0.000 Z=820.000), Max=(X=0.000 Y=0.000 Z=820.000) RuntimeGrid:None EditorOnly:false RuntimeOnly:false HLODRelevant:false ListedInSceneOutliner:true IsMainWorldOnly:false FolderPath:Lighting FolderGuid:963EC3EB4002CCE9759E2EBA541A873A
 |   |   |- [+] [  5]
 |   |   |   |- Guid:6BAF4DDD444C60371492D3919DB42C97 NativeClass:/Script/Engine.WorldDataLayers Name:WorldDataLayers Label:WorldDataLayers SpatiallyLoaded:false EditorBounds:IsValid=true, Min=(X=0.000 Y=0.000 Z=0.000), Max=(X=0.000 Y=0.000 Z=0.000) RuntimeBounds:IsValid=true, Min=(X=0.000 Y=0.000 Z=0.000), Max=(X=0.000 Y=0.000 Z=0.000) RuntimeGrid:None EditorOnly:false RuntimeOnly:false HLODRelevant:false ListedInSceneOutliner:true IsMainWorldOnly:true
 |   |   |- [+] [  6]
 |   |   |   |- Guid:83A6A8BD4753846C5DCDA38A25E0AC25 NativeClass:/Script/Engine.PointLight Name:PointLight_UAID_D45D64346FDF6A4002_1131902741 Label:PointLight4 SpatiallyLoaded:true EditorBounds:IsValid=true, Min=(X=526.782 Y=1156.372 Z=-678.762), Max=(X=2526.782 Y=3156.372 Z=1321.238) RuntimeBounds:IsValid=true, Min=(X=526.782 Y=1156.372 Z=-678.762), Max=(X=2526.782 Y=3156.372 Z=1321.238) RuntimeGrid:None EditorOnly:false RuntimeOnly:false HLODRelevant:false ListedInSceneOutliner:true IsMainWorldOnly:false
 |   |   |- [+] [  7]
 |   |   |   |- Guid:8BF88E414BEF6646D57883851885155C NativeClass:/Script/Engine.StaticMeshActor Name:StaticMeshActor_UAID_D45D64346FDF6A4002_1612554748 Label:Stairs2 SpatiallyLoaded:true EditorBounds:IsValid=true, Min=(X=1555.000 Y=2470.000 Z=260.000), Max=(X=1705.000 Y=2710.000 Z=420.000) RuntimeBounds:IsValid=true, Min=(X=1555.000 Y=2470.000 Z=260.000), Max=(X=1705.000 Y=2710.000 Z=420.000) RuntimeGrid:None EditorOnly:false RuntimeOnly:false HLODRelevant:true ListedInSceneOutliner:true IsMainWorldOnly:false
 |   |   |- [+] [  8]
 |   |   |   |- Guid:987AAC3E4295953A6BBD46A72ECC5DE4 NativeClass:/Script/Engine.PointLight Name:PointLight_UAID_D45D64346FDF6A4002_1134991742 Label:PointLight5 SpatiallyLoaded:true EditorBounds:IsValid=true, Min=(X=197.185 Y=604.540 Z=-611.469), Max=(X=2197.185 Y=2604.540 Z=1388.531) RuntimeBounds:IsValid=true, Min=(X=197.185 Y=604.540 Z=-611.469), Max=(X=2197.185 Y=2604.540 Z=1388.531) RuntimeGrid:None EditorOnly:false RuntimeOnly:false HLODRelevant:false ListedInSceneOutliner:true IsMainWorldOnly:false
 |   |   |- [+] [  9]
 |   |   |   |- Guid:A06413424ADCD831264DCB924B7DBFE4 NativeClass:/Script/Engine.StaticMeshActor Name:StaticMeshActor_UAID_D45D64346FDF6A4002_1458303746 Label:Stairs SpatiallyLoaded:true EditorBounds:IsValid=true, Min=(X=1555.000 Y=2230.000 Z=100.000), Max=(X=1705.000 Y=2470.000 Z=260.000) RuntimeBounds:IsValid=true, Min=(X=1555.000 Y=2230.000 Z=100.000), Max=(X=1705.000 Y=2470.000 Z=260.000) RuntimeGrid:None EditorOnly:false RuntimeOnly:false HLODRelevant:true ListedInSceneOutliner:true IsMainWorldOnly:false
 |   |   |- [+] [ 10]
 |   |   |   |- Guid:B785ED2844B84CFB91E7F39FE661CD99 NativeClass:/Script/Engine.DirectionalLight Name:DirectionalLight_0 Label:DirectionalLight SpatiallyLoaded:false EditorBounds:IsValid=true, Min=(X=-1048576.000 Y=-1048576.000 Z=-1048576.000), Max=(X=1048576.000 Y=1048576.000 Z=1048576.000) RuntimeBounds:IsValid=true, Min=(X=-1048576.000 Y=-1048576.000 Z=-1048576.000), Max=(X=1048576.000 Y=1048576.000 Z=1048576.000) RuntimeGrid:None EditorOnly:false RuntimeOnly:false HLODRelevant:false ListedInSceneOutliner:true IsMainWorldOnly:false FolderPath:Lighting FolderGuid:963EC3EB4002CCE9759E2EBA541A873A
 |   |   |- [+] [ 11]
 |   |   |   |- Guid:C10CF7EE4BCFEA14410A49AAD3339F26 NativeClass:/Script/Engine.StaticMeshActor Name:StaticMeshActor_UAID_D45D64346FDF694002_2078581560 Label:CubeGridToolOutput SpatiallyLoaded:true EditorBounds:IsValid=true, Min=(X=600.000 Y=1600.000 Z=0.000), Max=(X=1800.000 Y=3000.000 Z=100.000) RuntimeBounds:IsValid=true, Min=(X=600.000 Y=1600.000 Z=0.000), Max=(X=1800.000 Y=3000.000 Z=100.000) RuntimeGrid:None EditorOnly:false RuntimeOnly:false HLODRelevant:true ListedInSceneOutliner:true IsMainWorldOnly:false
 |   |   |- [+] [ 12]
 |   |   |   |- Guid:CCFF262C46EEFFDF319E7F9539CE697E NativeClass:/Script/Engine.SkyAtmosphere Name:SkyAtmosphere_0 Label:SkyAtmosphere SpatiallyLoaded:false EditorBounds:IsValid=true, Min=(X=0.000 Y=0.000 Z=1020.000), Max=(X=0.000 Y=0.000 Z=1020.000) RuntimeBounds:IsValid=true, Min=(X=0.000 Y=0.000 Z=1020.000), Max=(X=0.000 Y=0.000 Z=1020.000) RuntimeGrid:None EditorOnly:false RuntimeOnly:false HLODRelevant:false ListedInSceneOutliner:true IsMainWorldOnly:false FolderPath:Lighting FolderGuid:963EC3EB4002CCE9759E2EBA541A873A
 |   |   |- [+] [ 13]
 |   |   |   |- Guid:EA517670485B8270C343D3B22CB4A032 NativeClass:/Script/Engine.PointLight Name:PointLight_UAID_D45D64346FDF6A4002_1126284739 Label:PointLight2 SpatiallyLoaded:true EditorBounds:IsValid=true, Min=(X=-253.714 Y=836.279 Z=-601.573), Max=(X=1746.286 Y=2836.279 Z=1398.427) RuntimeBounds:IsValid=true, Min=(X=-253.714 Y=836.279 Z=-601.573), Max=(X=1746.286 Y=2836.279 Z=1398.427) RuntimeGrid:None EditorOnly:false RuntimeOnly:false HLODRelevant:false ListedInSceneOutliner:true IsMainWorldOnly:false
 |   |   |- [+] [ 14]
 |   |   |   |- Guid:EC4E0C944CE6AC6E784BC6BB2916EA13 NativeClass:/Script/Engine.StaticMeshActor Name:StaticMeshActor_UAID_A4AE111137DC5EFB00_1110535423 Label:SM_SkySphere SpatiallyLoaded:false EditorBounds:IsValid=true, Min=(X=-1638400.000 Y=-1638400.000 Z=-1638400.000), Max=(X=1638400.000 Y=1638400.000 Z=1638400.000) RuntimeBounds:IsValid=true, Min=(X=-1638400.000 Y=-1638400.000 Z=-1638400.000), Max=(X=1638400.000 Y=1638400.000 Z=1638400.000) RuntimeGrid:None EditorOnly:false RuntimeOnly:false HLODRelevant:true ListedInSceneOutliner:true IsMainWorldOnly:false FolderPath:Lighting FolderGuid:963EC3EB4002CCE9759E2EBA541A873A
 |   |   |- [+] [ 15]
 |   |   |   |- Guid:F1E40A18493940FE70193D9361FDE0B5 NativeClass:/Script/Engine.PointLight Name:PointLight_UAID_D45D64346FDF6A4002_1128546740 Label:PointLight3 SpatiallyLoaded:true EditorBounds:IsValid=true, Min=(X=-155.243 Y=1660.636 Z=-591.575), Max=(X=1844.757 Y=3660.636 Z=1408.425) RuntimeBounds:IsValid=true, Min=(X=-155.243 Y=1660.636 Z=-591.575), Max=(X=1844.757 Y=3660.636 Z=1408.425) RuntimeGrid:None EditorOnly:false RuntimeOnly:false HLODRelevant:false ListedInSceneOutliner:true IsMainWorldOnly:false
 |   |   |- [+] [ 16]
 |   |   |   |- Guid:F2E1AE784B4CA2D7743D78AE04B525FD NativeClass:/Script/Engine.StaticMeshActor Name:StaticMeshActor_UAID_D45D64346FDF6A4002_1100217737 Label:CubeGridToolOutput2 SpatiallyLoaded:true EditorBounds:IsValid=true, Min=(X=600.000 Y=1600.000 Z=100.000), Max=(X=1800.000 Y=3000.000 Z=790.000) RuntimeBounds:IsValid=true, Min=(X=600.000 Y=1600.000 Z=100.000), Max=(X=1800.000 Y=3000.000 Z=790.000) RuntimeGrid:None EditorOnly:false RuntimeOnly:false HLODRelevant:true ListedInSceneOutliner:true IsMainWorldOnly:false
 |   |   |- [+] [ 17]
 |   |   |   |- Guid:F5E3FEB3450C49844FD93DA8E083C8AD NativeClass:/Script/Engine.PostProcessVolume Name:PostProcessVolume_0 Label:PostProcessVolume SpatiallyLoaded:false EditorBounds:IsValid=true, Min=(X=0.000 Y=0.000 Z=400.000), Max=(X=200.000 Y=200.000 Z=600.000) RuntimeBounds:IsValid=true, Min=(X=0.000 Y=0.000 Z=400.000), Max=(X=200.000 Y=200.000 Z=600.000) RuntimeGrid:None EditorOnly:false RuntimeOnly:false HLODRelevant:false ListedInSceneOutliner:true IsMainWorldOnly:false FolderPath:Lighting FolderGuid:963EC3EB4002CCE9759E2EBA541A873A
 |- ContainerInstances:
 |- [+] MainContainer:
 |   |-        ID: 00000000000000000000000000000000
 |   |-  ParentID: 00000000000000000000000000000000
 |   |-    Bounds: IsValid=false, Min=(X=0.000 Y=0.000 Z=0.000), Max=(X=0.000 Y=0.000 Z=0.000)
 |   |- Transform: 0.000000,0.000000,0.000000|0.000000,0.000000,-0.000000|1.000000,1.000000,1.000000
 |   |- Container: /Game/ThirdPerson/Maps/ThirdPersonMap
----------------------------------------------------------------------------------------------------------------
ThirdPersonMap - Persistent Level
----------------------------------------------------------------------------------------------------------------
[+] Content of ThirdPersonMap Persistent Level
 |- Always loaded Actor Count: 18 
 |- Actor Path: /Game/ThirdPerson/Maps/ThirdPersonMap.ThirdPersonMap:PersistentLevel.DirectionalLight_0
 |- Actor Package: /Game/__ExternalActors__/ThirdPerson/Maps/ThirdPersonMap/5/R1/TS5OQ5CRUWFZYL1ZQ7I416
 |- Actor Path: /Game/ThirdPerson/Maps/ThirdPersonMap.ThirdPersonMap:PersistentLevel.ExponentialHeightFog_0
 |- Actor Package: /Game/__ExternalActors__/ThirdPerson/Maps/ThirdPersonMap/6/J7/N10XDC9G27EMLS5AGZ6AVV
 |- Actor Path: /Game/ThirdPerson/Maps/ThirdPersonMap.ThirdPersonMap:PersistentLevel.PlayerStart_0
 |- Actor Package: /Game/__ExternalActors__/ThirdPerson/Maps/ThirdPersonMap/D/DE/SWSI13675DVYIZ0N4NF7Y3
 |- Actor Path: /Game/ThirdPerson/Maps/ThirdPersonMap.ThirdPersonMap:PersistentLevel.PointLight_UAID_D45D64346FDF6A4002_1126284739
 |- Actor Package: /Game/__ExternalActors__/ThirdPerson/Maps/ThirdPersonMap/3/ZL/0ZDFIM1WIJX0ARV3OELZKL
 |- Actor Path: /Game/ThirdPerson/Maps/ThirdPersonMap.ThirdPersonMap:PersistentLevel.PointLight_UAID_D45D64346FDF6A4002_1128546740
 |- Actor Package: /Game/__ExternalActors__/ThirdPerson/Maps/ThirdPersonMap/8/L4/TXZZ4ZA788VSMV095JCNIA
 |- Actor Path: /Game/ThirdPerson/Maps/ThirdPersonMap.ThirdPersonMap:PersistentLevel.PointLight_UAID_D45D64346FDF6A4002_1131902741
 |- Actor Package: /Game/__ExternalActors__/ThirdPerson/Maps/ThirdPersonMap/4/1B/MCCSCTAFF2TSNKKDAZGB75
 |- Actor Path: /Game/ThirdPerson/Maps/ThirdPersonMap.ThirdPersonMap:PersistentLevel.PointLight_UAID_D45D64346FDF6A4002_1134991742
 |- Actor Package: /Game/__ExternalActors__/ThirdPerson/Maps/ThirdPersonMap/8/AL/EG5YHY939J73Z06YBJNIXP
 |- Actor Path: /Game/ThirdPerson/Maps/ThirdPersonMap.ThirdPersonMap:PersistentLevel.PostProcessVolume_0
 |- Actor Package: /Game/__ExternalActors__/ThirdPerson/Maps/ThirdPersonMap/1/AZ/A7GPT109Y6ZTTJD4A7TXER
 |- Actor Path: /Game/ThirdPerson/Maps/ThirdPersonMap.ThirdPersonMap:PersistentLevel.SkyAtmosphere_0
 |- Actor Package: /Game/__ExternalActors__/ThirdPerson/Maps/ThirdPersonMap/4/LN/30UBDLYFFA5ZR7U4W4L4GG
 |- Actor Path: /Game/ThirdPerson/Maps/ThirdPersonMap.ThirdPersonMap:PersistentLevel.SkyLight_1
 |- Actor Package: /Game/__ExternalActors__/ThirdPerson/Maps/ThirdPersonMap/8/S1/DXUWD12MD3HRWVVXX076BY
 |- Actor Path: /Game/ThirdPerson/Maps/ThirdPersonMap.ThirdPersonMap:PersistentLevel.StaticMeshActor_UAID_A4AE111137DC5EFB00_1110535423
 |- Actor Package: /Game/__ExternalActors__/ThirdPerson/Maps/ThirdPersonMap/4/PN/2QISIGK5DJNQ05US8O8FXW
 |- Actor Path: /Game/ThirdPerson/Maps/ThirdPersonMap.ThirdPersonMap:PersistentLevel.StaticMeshActor_UAID_D45D64346FDF694002_2078581560
 |- Actor Package: /Game/__ExternalActors__/ThirdPerson/Maps/ThirdPersonMap/6/ZT/W8GBQSY107DIEEWZ9KCZ18
 |- Actor Path: /Game/ThirdPerson/Maps/ThirdPersonMap.ThirdPersonMap:PersistentLevel.StaticMeshActor_UAID_D45D64346FDF6A4002_1100217737
 |- Actor Package: /Game/__ExternalActors__/ThirdPerson/Maps/ThirdPersonMap/C/LL/8AOKG7K3TB9GOJWQG42MZS
 |- Actor Path: /Game/ThirdPerson/Maps/ThirdPersonMap.ThirdPersonMap:PersistentLevel.StaticMeshActor_UAID_D45D64346FDF6A4002_1307931744
 |- Actor Package: /Game/__ExternalActors__/ThirdPerson/Maps/ThirdPersonMap/4/G2/WGTS84TWJ6PVP152DT1JRO
 |- Actor Path: /Game/ThirdPerson/Maps/ThirdPersonMap.ThirdPersonMap:PersistentLevel.StaticMeshActor_UAID_D45D64346FDF6A4002_1458303746
 |- Actor Package: /Game/__ExternalActors__/ThirdPerson/Maps/ThirdPersonMap/1/E7/9PEC9I6XBSPY61X5JTXKFB
 |- Actor Path: /Game/ThirdPerson/Maps/ThirdPersonMap.ThirdPersonMap:PersistentLevel.StaticMeshActor_UAID_D45D64346FDF6A4002_1612554748
 |- Actor Package: /Game/__ExternalActors__/ThirdPerson/Maps/ThirdPersonMap/8/TX/MM4ARE3VJLE5IS013JSOS3
 |- Actor Path: /Game/ThirdPerson/Maps/ThirdPersonMap.ThirdPersonMap:PersistentLevel.VolumetricCloud_0
 |- Actor Package: /Game/__ExternalActors__/ThirdPerson/Maps/ThirdPersonMap/3/EY/87SHEJN5UBEAN2K5OV1G6R
 |- Actor Path: /Game/ThirdPerson/Maps/ThirdPersonMap.ThirdPersonMap:PersistentLevel.WorldDataLayers
 |- Actor Package: /Game/__ExternalActors__/ThirdPerson/Maps/ThirdPersonMap/0/43/HYQWORMY4JDQ5X3OKZXFLC

----------------------------------------------------------------------------------------------------------------
ThirdPersonMap - Runtime Hash Set
----------------------------------------------------------------------------------------------------------------

