[+] Containers:
 |- [+] Container: /Game/ThirdPerson/Maps/ThirdPersonMap
 |   |- [+] ActorDescs:
 |   |   |- Guid:075835F14F596911E862EAB52827736E BaseClass:/Game/ThirdPerson/Blueprints/Vidas.Vidas_C NativeClass:/Script/Engine.Actor Name:Vidas_C_UAID_D45D64346FDF9B4102_2073210422 Label:Vidas4 SpatiallyLoaded:true EditorBounds:IsValid=true, Min=(X=547.500 Y=1857.500 Z=190.000), Max=(X=572.500 Y=1882.500 Z=215.000) RuntimeBounds:IsValid=true, Min=(X=547.500 Y=1857.500 Z=190.000), Max=(X=572.500 Y=1882.500 Z=215.000) RuntimeGrid:None EditorOnly:false RuntimeOnly:false HLODRelevant:false ListedInSceneOutliner:true IsMainWorldOnly:false
 |   |   |- Guid:11E3437944BC41A90E754D8BFF03F12E BaseClass:/Game/ThirdPerson/Blueprints/Vidas.Vidas_C NativeClass:/Script/Engine.Actor Name:Vidas_C_UAID_D45D64346FDF9B4102_2071686421 Label:Vidas3 SpatiallyLoaded:true EditorBounds:IsValid=true, Min=(X=667.500 Y=1857.500 Z=190.000), Max=(X=692.500 Y=1882.500 Z=215.000) RuntimeBounds:IsValid=true, Min=(X=667.500 Y=1857.500 Z=190.000), Max=(X=692.500 Y=1882.500 Z=215.000) RuntimeGrid:None EditorOnly:false RuntimeOnly:false HLODRelevant:false ListedInSceneOutliner:true IsMainWorldOnly:false
 |   |   |- Guid:1646BAE947EAF8E1E2BA06957720CF55 NativeClass:/Script/Engine.StaticMeshActor Name:StaticMeshActor_UAID_D45D64346FDFBD4002_1594712392 Label:Cercadinho SpatiallyLoaded:true EditorBounds:IsValid=true, Min=(X=-3201.725 Y=500.094 Z=98.120), Max=(X=-1600.558 Y=2232.594 Z=183.120) RuntimeBounds:IsValid=true, Min=(X=-3201.725 Y=500.094 Z=98.120), Max=(X=-1600.558 Y=2232.594 Z=183.120) RuntimeGrid:None EditorOnly:false RuntimeOnly:false HLODRelevant:true ListedInSceneOutliner:true IsMainWorldOnly:false
 |   |   |- Guid:193FBA4D4C439BAE81B561BE85D63C06 BaseClass:/Game/ThirdPerson/Blueprints/WinPickup.WinPickup_C NativeClass:/Script/Engine.Actor Name:WinOrLost_C_UAID_D45D64346FDF2D4302_1612770169 Label:Win3 SpatiallyLoaded:true EditorBounds:IsValid=true, Min=(X=-1392.720 Y=3947.280 Z=177.280), Max=(X=-1367.280 Y=3972.720 Z=202.720) RuntimeBounds:IsValid=true, Min=(X=-1392.720 Y=3947.280 Z=177.280), Max=(X=-1367.280 Y=3972.720 Z=202.720) RuntimeGrid:None EditorOnly:false RuntimeOnly:false HLODRelevant:false ListedInSceneOutliner:true IsMainWorldOnly:false
 |   |   |- Guid:2166249B42F4F03347C06BA8CCC1B42F NativeClass:/Script/Engine.StaticMeshActor Name:StaticMeshActor_UAID_D45D64346FDFBE4002_2020051599 Label:SM_Couch3 SpatiallyLoaded:true EditorBounds:IsValid=true, Min=(X=1108.922 Y=-185.966 Z=100.096), Max=(X=1191.078 Y=85.966 Z=215.447) RuntimeBounds:IsValid=true, Min=(X=1108.922 Y=-185.966 Z=100.096), Max=(X=1191.078 Y=85.966 Z=215.447) RuntimeGrid:None EditorOnly:false RuntimeOnly:false HLODRelevant:true ListedInSceneOutliner:true IsMainWorldOnly:false
 |   |   |- Guid:316CF2A6494ACA4C0E4180A87D36AB8F NativeClass:/Script/Engine.ExponentialHeightFog Name:ExponentialHeightFog_0 Label:ExponentialHeightFog SpatiallyLoaded:false EditorBounds:IsValid=true, Min=(X=-5600.000 Y=-50.000 Z=-6850.000), Max=(X=-5600.000 Y=-50.000 Z=-6850.000) RuntimeBounds:IsValid=true, Min=(X=-5600.000 Y=-50.000 Z=-6850.000), Max=(X=-5600.000 Y=-50.000 Z=-6850.000) RuntimeGrid:None EditorOnly:false RuntimeOnly:false HLODRelevant:false ListedInSceneOutliner:true IsMainWorldOnly:false FolderPath:Lighting FolderGuid:963EC3EB4002CCE9759E2EBA541A873A
 |   |   |- Guid:3A054CF24CD7DF8D699ADCA2151606AD BaseClass:/Game/ThirdPerson/Blueprints/Vidas.Vidas_C NativeClass:/Script/Engine.Actor Name:Vidas_C_UAID_D45D64346FDF9B4102_2070236420 Label:Vidas2 SpatiallyLoaded:true EditorBounds:IsValid=true, Min=(X=787.500 Y=1857.500 Z=190.000), Max=(X=812.500 Y=1882.500 Z=215.000) RuntimeBounds:IsValid=true, Min=(X=787.500 Y=1857.500 Z=190.000), Max=(X=812.500 Y=1882.500 Z=215.000) RuntimeGrid:None EditorOnly:false RuntimeOnly:false HLODRelevant:false ListedInSceneOutliner:true IsMainWorldOnly:false
 |   |   |- Guid:3BA802DE4176634DBB839FBFDF907D9B BaseClass:/Game/ThirdPerson/Blueprints/Moeda.Moeda_C NativeClass:/Script/Engine.Actor Name:Moeda_C_UAID_D45D64346FDF994102_1887337064 Label:Moeda2 SpatiallyLoaded:true EditorBounds:IsValid=true, Min=(X=-1867.412 Y=818.541 Z=202.444), Max=(X=-1842.412 Y=827.451 Z=227.444) RuntimeBounds:IsValid=true, Min=(X=-1867.412 Y=818.541 Z=202.444), Max=(X=-1842.412 Y=827.451 Z=227.444) RuntimeGrid:None EditorOnly:false RuntimeOnly:false HLODRelevant:false ListedInSceneOutliner:true IsMainWorldOnly:false
 |   |   |- Guid:402B27EA411DF21330EA7B9321A1F0E1 NativeClass:/Script/Engine.StaticMeshActor Name:StaticMeshActor_UAID_D45D64346FDFBC4002_1335259167 Label:Casinha SpatiallyLoaded:true EditorBounds:IsValid=true, Min=(X=-3200.000 Y=2100.000 Z=0.000), Max=(X=-1600.000 Y=3700.000 Z=800.000) RuntimeBounds:IsValid=true, Min=(X=-3200.000 Y=2100.000 Z=0.000), Max=(X=-1600.000 Y=3700.000 Z=800.000) RuntimeGrid:None EditorOnly:false RuntimeOnly:false HLODRelevant:true ListedInSceneOutliner:true IsMainWorldOnly:false
 |   |   |- Guid:4CB064C14BF1ADD8E43E89A49F7643B2 NativeClass:/Script/Engine.StaticMeshActor Name:StaticMeshActor_UAID_D45D64346FDFBE4002_1273915594 Label:CubeGridToolOutput SpatiallyLoaded:true EditorBounds:IsValid=true, Min=(X=-1600.000 Y=-4300.000 Z=0.000), Max=(X=1300.000 Y=5000.000 Z=100.000) RuntimeBounds:IsValid=true, Min=(X=-1600.000 Y=-4300.000 Z=0.000), Max=(X=1300.000 Y=5000.000 Z=100.000) RuntimeGrid:None EditorOnly:false RuntimeOnly:false HLODRelevant:true ListedInSceneOutliner:true IsMainWorldOnly:false
 |   |   |- Guid:4D3BE93F4146AAAC8BBE79999D96D57F NativeClass:/Script/Engine.VolumetricCloud Name:VolumetricCloud_0 Label:VolumetricCloud SpatiallyLoaded:false EditorBounds:IsValid=true, Min=(X=-2267.769 Y=-308.436 Z=876.205), Max=(X=-2011.769 Y=-52.436 Z=1132.205) RuntimeBounds:IsValid=true, Min=(X=-2139.769 Y=-180.436 Z=1004.205), Max=(X=-2139.769 Y=-180.436 Z=1004.205) RuntimeGrid:None EditorOnly:false RuntimeOnly:false HLODRelevant:false ListedInSceneOutliner:true IsMainWorldOnly:false FolderPath:Lighting FolderGuid:963EC3EB4002CCE9759E2EBA541A873A
 |   |   |- Guid:574629754181E8FA27A58F9DA30CA82C BaseClass:/Game/ThirdPerson/Blueprints/WinPickup.WinPickup_C NativeClass:/Script/Engine.Actor Name:WinOrLost_C_UAID_D45D64346FDF2D4302_1610166168 Label:Win2 SpatiallyLoaded:true EditorBounds:IsValid=true, Min=(X=-1392.720 Y=4287.280 Z=177.280), Max=(X=-1367.280 Y=4312.720 Z=202.720) RuntimeBounds:IsValid=true, Min=(X=-1392.720 Y=4287.280 Z=177.280), Max=(X=-1367.280 Y=4312.720 Z=202.720) RuntimeGrid:None EditorOnly:false RuntimeOnly:false HLODRelevant:false ListedInSceneOutliner:true IsMainWorldOnly:false
 |   |   |- Guid:5DA6EEC94DB5F214F77A018A0BF026C3 BaseClass:/Game/ThirdPerson/Blueprints/Vidas.Vidas_C NativeClass:/Script/Engine.Actor Name:Vidas_C_UAID_D45D64346FDF9B4102_2067463419 Label:Vidas SpatiallyLoaded:true EditorBounds:IsValid=true, Min=(X=927.500 Y=1857.500 Z=190.000), Max=(X=952.500 Y=1882.500 Z=215.000) RuntimeBounds:IsValid=true, Min=(X=927.500 Y=1857.500 Z=190.000), Max=(X=952.500 Y=1882.500 Z=215.000) RuntimeGrid:None EditorOnly:false RuntimeOnly:false HLODRelevant:false ListedInSceneOutliner:true IsMainWorldOnly:false
 |   |   |- Guid:61C882A84824F28DFAE8008FE1F43277 NativeClass:/Script/Engine.StaticMeshActor Name:StaticMeshActor_UAID_D45D64346FDFBE4002_1994735597 Label:SM_Couch SpatiallyLoaded:true EditorBounds:IsValid=true, Min=(X=1108.922 Y=1534.034 Z=100.096), Max=(X=1191.078 Y=1805.966 Z=215.447) RuntimeBounds:IsValid=true, Min=(X=1108.922 Y=1534.034 Z=100.096), Max=(X=1191.078 Y=1805.966 Z=215.447) RuntimeGrid:None EditorOnly:false RuntimeOnly:false HLODRelevant:true ListedInSceneOutliner:true IsMainWorldOnly:false
 |   |   |- Guid:6438392543BC7F3C202FA9BADA62F3C1 NativeClass:/Script/Engine.StaticMeshActor Name:StaticMeshActor_UAID_D45D64346FDFBE4002_1639860596 Label:CubeGridToolOutput3 SpatiallyLoaded:true EditorBounds:IsValid=true, Min=(X=-2600.000 Y=-4300.000 Z=300.000), Max=(X=1300.000 Y=5000.000 Z=800.000) RuntimeBounds:IsValid=true, Min=(X=-2600.000 Y=-4300.000 Z=300.000), Max=(X=1300.000 Y=5000.000 Z=800.000) RuntimeGrid:None EditorOnly:false RuntimeOnly:false HLODRelevant:true ListedInSceneOutliner:true IsMainWorldOnly:false
 |   |   |- Guid:6BAF4DDD444C60371492D3919DB42C97 NativeClass:/Script/Engine.WorldDataLayers Name:WorldDataLayers Label:WorldDataLayers SpatiallyLoaded:false EditorBounds:IsValid=true, Min=(X=0.000 Y=0.000 Z=0.000), Max=(X=0.000 Y=0.000 Z=0.000) RuntimeBounds:IsValid=true, Min=(X=0.000 Y=0.000 Z=0.000), Max=(X=0.000 Y=0.000 Z=0.000) RuntimeGrid:None EditorOnly:false RuntimeOnly:false HLODRelevant:false ListedInSceneOutliner:true IsMainWorldOnly:true
 |   |   |- Guid:6C55D6944D26CB14994D4BBECE5A8725 BaseClass:/Game/ThirdPerson/Blueprints/WinPickup.WinPickup_C NativeClass:/Script/Engine.Actor Name:WinOrLost_C_UAID_D45D64346FDFE24102_2092255916 Label:Win SpatiallyLoaded:true EditorBounds:IsValid=true, Min=(X=-1392.720 Y=4607.280 Z=177.280), Max=(X=-1367.280 Y=4632.720 Z=202.720) RuntimeBounds:IsValid=true, Min=(X=-1392.720 Y=4607.280 Z=177.280), Max=(X=-1367.280 Y=4632.720 Z=202.720) RuntimeGrid:None EditorOnly:false RuntimeOnly:false HLODRelevant:false ListedInSceneOutliner:true IsMainWorldOnly:false
 |   |   |- Guid:742D75F748436A4535CB1A9DAA1F13BF NativeClass:/Script/Engine.StaticMeshActor Name:StaticMeshActor_UAID_D45D64346FDFBE4002_1499688595 Label:CubeGridToolOutput2 SpatiallyLoaded:true EditorBounds:IsValid=true, Min=(X=-3200.000 Y=-4300.000 Z=0.000), Max=(X=1300.000 Y=5000.000 Z=700.000) RuntimeBounds:IsValid=true, Min=(X=-3200.000 Y=-4300.000 Z=0.000), Max=(X=1300.000 Y=5000.000 Z=700.000) RuntimeGrid:None EditorOnly:false RuntimeOnly:false HLODRelevant:true ListedInSceneOutliner:true IsMainWorldOnly:false
 |   |   |- Guid:80A1C42C430D8FD88FFF32AE33D90DD6 BaseClass:/Game/ThirdPerson/Blueprints/Moeda.Moeda_C NativeClass:/Script/Engine.Actor Name:Moeda_C_UAID_D45D64346FDF994102_1893389066 Label:Moeda4 SpatiallyLoaded:true EditorBounds:IsValid=true, Min=(X=-2603.429 Y=1557.688 Z=249.996), Max=(X=-2578.429 Y=1566.599 Z=274.996) RuntimeBounds:IsValid=true, Min=(X=-2603.429 Y=1557.688 Z=249.996), Max=(X=-2578.429 Y=1566.599 Z=274.996) RuntimeGrid:None EditorOnly:false RuntimeOnly:false HLODRelevant:false ListedInSceneOutliner:true IsMainWorldOnly:false
 |   |   |- Guid:846AD395410FBB529C2F489C169CC6C1 BaseClass:/Game/ThirdPerson/Blueprints/Vidas.Vidas_C NativeClass:/Script/Engine.Actor Name:Vidas_C_UAID_D45D64346FDF9B4102_2074529423 Label:Vidas5 SpatiallyLoaded:true EditorBounds:IsValid=true, Min=(X=447.500 Y=1857.500 Z=190.000), Max=(X=472.500 Y=1882.500 Z=215.000) RuntimeBounds:IsValid=true, Min=(X=447.500 Y=1857.500 Z=190.000), Max=(X=472.500 Y=1882.500 Z=215.000) RuntimeGrid:None EditorOnly:false RuntimeOnly:false HLODRelevant:false ListedInSceneOutliner:true IsMainWorldOnly:false
 |   |   |- Guid:884FB7C84A01ED771370AFB28B406275 NativeClass:/Script/Engine.StaticMeshActor Name:StaticMeshActor_UAID_D45D64346FDF2D4302_1209486167 Label:Combined SpatiallyLoaded:true EditorBounds:IsValid=true, Min=(X=-4800.000 Y=-4299.992 Z=-0.000), Max=(X=0.000 Y=3690.000 Z=100.000) RuntimeBounds:IsValid=true, Min=(X=-4800.000 Y=-4299.992 Z=-0.000), Max=(X=0.000 Y=3690.000 Z=100.000) RuntimeGrid:None EditorOnly:false RuntimeOnly:false HLODRelevant:true ListedInSceneOutliner:true IsMainWorldOnly:false
 |   |   |- Guid:9B9BC4BE428F7DAEB72BCEADA413E3EB BaseClass:/Game/ThirdPerson/Blueprints/Moeda.Moeda_C NativeClass:/Script/Engine.Actor Name:Moeda_C_UAID_D45D64346FDF984102_1712159887 Label:Moeda SpatiallyLoaded:true EditorBounds:IsValid=true, Min=(X=-2952.500 Y=979.545 Z=257.500), Max=(X=-2927.500 Y=988.455 Z=282.500) RuntimeBounds:IsValid=true, Min=(X=-2952.500 Y=979.545 Z=257.500), Max=(X=-2927.500 Y=988.455 Z=282.500) RuntimeGrid:None EditorOnly:false RuntimeOnly:false HLODRelevant:false ListedInSceneOutliner:true IsMainWorldOnly:false
 |   |   |- Guid:A0144F944F1DD1F72F2A4A96135E5076 BaseClass:/Game/ThirdPerson/Blueprints/Moeda.Moeda_C NativeClass:/Script/Engine.Actor Name:Moeda_C_UAID_D45D64346FDF994102_1891964065 Label:Moeda3 SpatiallyLoaded:true EditorBounds:IsValid=true, Min=(X=-1963.429 Y=1557.688 Z=249.996), Max=(X=-1938.429 Y=1566.599 Z=274.996) RuntimeBounds:IsValid=true, Min=(X=-1963.429 Y=1557.688 Z=249.996), Max=(X=-1938.429 Y=1566.599 Z=274.996) RuntimeGrid:None EditorOnly:false RuntimeOnly:false HLODRelevant:false ListedInSceneOutliner:true IsMainWorldOnly:false
 |   |   |- Guid:B25BDEAD4779C53666D8F98EADC8E267 NativeClass:/Script/Engine.StaticMeshActor Name:StaticMeshActor_UAID_D45D64346FDFBE4002_2014342598 Label:SM_Couch2 SpatiallyLoaded:true EditorBounds:IsValid=true, Min=(X=1108.922 Y=684.034 Z=100.096), Max=(X=1191.078 Y=955.966 Z=215.447) RuntimeBounds:IsValid=true, Min=(X=1108.922 Y=684.034 Z=100.096), Max=(X=1191.078 Y=955.966 Z=215.447) RuntimeGrid:None EditorOnly:false RuntimeOnly:false HLODRelevant:true ListedInSceneOutliner:true IsMainWorldOnly:false
 |   |   |- Guid:B785ED2844B84CFB91E7F39FE661CD99 NativeClass:/Script/Engine.DirectionalLight Name:DirectionalLight_0 Label:DirectionalLight SpatiallyLoaded:false EditorBounds:IsValid=false, Min=(X=0.000 Y=0.000 Z=0.000), Max=(X=0.000 Y=0.000 Z=0.000) RuntimeBounds:IsValid=false, Min=(X=0.000 Y=0.000 Z=0.000), Max=(X=0.000 Y=0.000 Z=0.000) RuntimeGrid:None EditorOnly:false RuntimeOnly:false HLODRelevant:false ListedInSceneOutliner:true IsMainWorldOnly:false FolderPath:Lighting FolderGuid:963EC3EB4002CCE9759E2EBA541A873A
 |   |   |- Guid:C370C91B4E2AA6CE98FEBC8F3ABC9BF7 NativeClass:/Script/Engine.PlayerStart Name:PlayerStart_UAID_D45D64346FDFBD4002_1090792347 Label:PlayerStart3 SpatiallyLoaded:false EditorBounds:IsValid=true, Min=(X=-716.249 Y=4027.347 Z=76.112), Max=(X=-348.249 Y=4283.347 Z=332.112) RuntimeBounds:IsValid=true, Min=(X=-516.249 Y=4115.347 Z=112.112), Max=(X=-436.249 Y=4195.347 Z=296.112) RuntimeGrid:None EditorOnly:false RuntimeOnly:false HLODRelevant:false ListedInSceneOutliner:true IsMainWorldOnly:false
 |   |   |- Guid:CCFF262C46EEFFDF319E7F9539CE697E NativeClass:/Script/Engine.SkyAtmosphere Name:SkyAtmosphere_0 Label:SkyAtmosphere SpatiallyLoaded:false EditorBounds:IsValid=true, Min=(X=-1575.897 Y=-464.395 Z=1010.297), Max=(X=-1212.623 Y=-120.843 Z=1266.297) RuntimeBounds:IsValid=true, Min=(X=-1340.623 Y=-336.395 Z=1138.297), Max=(X=-1340.623 Y=-336.395 Z=1138.297) RuntimeGrid:None EditorOnly:false RuntimeOnly:false HLODRelevant:false ListedInSceneOutliner:true IsMainWorldOnly:false FolderPath:Lighting FolderGuid:963EC3EB4002CCE9759E2EBA541A873A
 |   |   |- Guid:F5E3FEB3450C49844FD93DA8E083C8AD NativeClass:/Script/Engine.PostProcessVolume Name:PostProcessVolume_0 Label:PostProcessVolume SpatiallyLoaded:false EditorBounds:IsValid=true, Min=(X=-2082.383 Y=-569.069 Z=1146.044), Max=(X=-1882.383 Y=-369.069 Z=1346.044) RuntimeBounds:IsValid=true, Min=(X=-2082.383 Y=-569.069 Z=1146.044), Max=(X=-1882.383 Y=-369.069 Z=1346.044) RuntimeGrid:None EditorOnly:false RuntimeOnly:false HLODRelevant:false ListedInSceneOutliner:true IsMainWorldOnly:false FolderPath:Lighting FolderGuid:963EC3EB4002CCE9759E2EBA541A873A
 |   |- [+] Clusters:
 |   |   |- [+] [  0]
 |   |   |   |- Guid:075835F14F596911E862EAB52827736E BaseClass:/Game/ThirdPerson/Blueprints/Vidas.Vidas_C NativeClass:/Script/Engine.Actor Name:Vidas_C_UAID_D45D64346FDF9B4102_2073210422 Label:Vidas4 SpatiallyLoaded:true EditorBounds:IsValid=true, Min=(X=547.500 Y=1857.500 Z=190.000), Max=(X=572.500 Y=1882.500 Z=215.000) RuntimeBounds:IsValid=true, Min=(X=547.500 Y=1857.500 Z=190.000), Max=(X=572.500 Y=1882.500 Z=215.000) RuntimeGrid:None EditorOnly:false RuntimeOnly:false HLODRelevant:false ListedInSceneOutliner:true IsMainWorldOnly:false
 |   |   |- [+] [  1]
 |   |   |   |- Guid:11E3437944BC41A90E754D8BFF03F12E BaseClass:/Game/ThirdPerson/Blueprints/Vidas.Vidas_C NativeClass:/Script/Engine.Actor Name:Vidas_C_UAID_D45D64346FDF9B4102_2071686421 Label:Vidas3 SpatiallyLoaded:true EditorBounds:IsValid=true, Min=(X=667.500 Y=1857.500 Z=190.000), Max=(X=692.500 Y=1882.500 Z=215.000) RuntimeBounds:IsValid=true, Min=(X=667.500 Y=1857.500 Z=190.000), Max=(X=692.500 Y=1882.500 Z=215.000) RuntimeGrid:None EditorOnly:false RuntimeOnly:false HLODRelevant:false ListedInSceneOutliner:true IsMainWorldOnly:false
 |   |   |- [+] [  2]
 |   |   |   |- Guid:1646BAE947EAF8E1E2BA06957720CF55 NativeClass:/Script/Engine.StaticMeshActor Name:StaticMeshActor_UAID_D45D64346FDFBD4002_1594712392 Label:Cercadinho SpatiallyLoaded:true EditorBounds:IsValid=true, Min=(X=-3201.725 Y=500.094 Z=98.120), Max=(X=-1600.558 Y=2232.594 Z=183.120) RuntimeBounds:IsValid=true, Min=(X=-3201.725 Y=500.094 Z=98.120), Max=(X=-1600.558 Y=2232.594 Z=183.120) RuntimeGrid:None EditorOnly:false RuntimeOnly:false HLODRelevant:true ListedInSceneOutliner:true IsMainWorldOnly:false
 |   |   |- [+] [  3]
 |   |   |   |- Guid:193FBA4D4C439BAE81B561BE85D63C06 BaseClass:/Game/ThirdPerson/Blueprints/WinPickup.WinPickup_C NativeClass:/Script/Engine.Actor Name:WinOrLost_C_UAID_D45D64346FDF2D4302_1612770169 Label:Win3 SpatiallyLoaded:true EditorBounds:IsValid=true, Min=(X=-1392.720 Y=3947.280 Z=177.280), Max=(X=-1367.280 Y=3972.720 Z=202.720) RuntimeBounds:IsValid=true, Min=(X=-1392.720 Y=3947.280 Z=177.280), Max=(X=-1367.280 Y=3972.720 Z=202.720) RuntimeGrid:None EditorOnly:false RuntimeOnly:false HLODRelevant:false ListedInSceneOutliner:true IsMainWorldOnly:false
 |   |   |- [+] [  4]
 |   |   |   |- Guid:2166249B42F4F03347C06BA8CCC1B42F NativeClass:/Script/Engine.StaticMeshActor Name:StaticMeshActor_UAID_D45D64346FDFBE4002_2020051599 Label:SM_Couch3 SpatiallyLoaded:true EditorBounds:IsValid=true, Min=(X=1108.922 Y=-185.966 Z=100.096), Max=(X=1191.078 Y=85.966 Z=215.447) RuntimeBounds:IsValid=true, Min=(X=1108.922 Y=-185.966 Z=100.096), Max=(X=1191.078 Y=85.966 Z=215.447) RuntimeGrid:None EditorOnly:false RuntimeOnly:false HLODRelevant:true ListedInSceneOutliner:true IsMainWorldOnly:false
 |   |   |- [+] [  5]
 |   |   |   |- Guid:316CF2A6494ACA4C0E4180A87D36AB8F NativeClass:/Script/Engine.ExponentialHeightFog Name:ExponentialHeightFog_0 Label:ExponentialHeightFog SpatiallyLoaded:false EditorBounds:IsValid=true, Min=(X=-5600.000 Y=-50.000 Z=-6850.000), Max=(X=-5600.000 Y=-50.000 Z=-6850.000) RuntimeBounds:IsValid=true, Min=(X=-5600.000 Y=-50.000 Z=-6850.000), Max=(X=-5600.000 Y=-50.000 Z=-6850.000) RuntimeGrid:None EditorOnly:false RuntimeOnly:false HLODRelevant:false ListedInSceneOutliner:true IsMainWorldOnly:false FolderPath:Lighting FolderGuid:963EC3EB4002CCE9759E2EBA541A873A
 |   |   |- [+] [  6]
 |   |   |   |- Guid:3A054CF24CD7DF8D699ADCA2151606AD BaseClass:/Game/ThirdPerson/Blueprints/Vidas.Vidas_C NativeClass:/Script/Engine.Actor Name:Vidas_C_UAID_D45D64346FDF9B4102_2070236420 Label:Vidas2 SpatiallyLoaded:true EditorBounds:IsValid=true, Min=(X=787.500 Y=1857.500 Z=190.000), Max=(X=812.500 Y=1882.500 Z=215.000) RuntimeBounds:IsValid=true, Min=(X=787.500 Y=1857.500 Z=190.000), Max=(X=812.500 Y=1882.500 Z=215.000) RuntimeGrid:None EditorOnly:false RuntimeOnly:false HLODRelevant:false ListedInSceneOutliner:true IsMainWorldOnly:false
 |   |   |- [+] [  7]
 |   |   |   |- Guid:3BA802DE4176634DBB839FBFDF907D9B BaseClass:/Game/ThirdPerson/Blueprints/Moeda.Moeda_C NativeClass:/Script/Engine.Actor Name:Moeda_C_UAID_D45D64346FDF994102_1887337064 Label:Moeda2 SpatiallyLoaded:true EditorBounds:IsValid=true, Min=(X=-1867.412 Y=818.541 Z=202.444), Max=(X=-1842.412 Y=827.451 Z=227.444) RuntimeBounds:IsValid=true, Min=(X=-1867.412 Y=818.541 Z=202.444), Max=(X=-1842.412 Y=827.451 Z=227.444) RuntimeGrid:None EditorOnly:false RuntimeOnly:false HLODRelevant:false ListedInSceneOutliner:true IsMainWorldOnly:false
 |   |   |- [+] [  8]
 |   |   |   |- Guid:402B27EA411DF21330EA7B9321A1F0E1 NativeClass:/Script/Engine.StaticMeshActor Name:StaticMeshActor_UAID_D45D64346FDFBC4002_1335259167 Label:Casinha SpatiallyLoaded:true EditorBounds:IsValid=true, Min=(X=-3200.000 Y=2100.000 Z=0.000), Max=(X=-1600.000 Y=3700.000 Z=800.000) RuntimeBounds:IsValid=true, Min=(X=-3200.000 Y=2100.000 Z=0.000), Max=(X=-1600.000 Y=3700.000 Z=800.000) RuntimeGrid:None EditorOnly:false RuntimeOnly:false HLODRelevant:true ListedInSceneOutliner:true IsMainWorldOnly:false
 |   |   |- [+] [  9]
 |   |   |   |- Guid:4CB064C14BF1ADD8E43E89A49F7643B2 NativeClass:/Script/Engine.StaticMeshActor Name:StaticMeshActor_UAID_D45D64346FDFBE4002_1273915594 Label:CubeGridToolOutput SpatiallyLoaded:true EditorBounds:IsValid=true, Min=(X=-1600.000 Y=-4300.000 Z=0.000), Max=(X=1300.000 Y=5000.000 Z=100.000) RuntimeBounds:IsValid=true, Min=(X=-1600.000 Y=-4300.000 Z=0.000), Max=(X=1300.000 Y=5000.000 Z=100.000) RuntimeGrid:None EditorOnly:false RuntimeOnly:false HLODRelevant:true ListedInSceneOutliner:true IsMainWorldOnly:false
 |   |   |- [+] [ 10]
 |   |   |   |- Guid:4D3BE93F4146AAAC8BBE79999D96D57F NativeClass:/Script/Engine.VolumetricCloud Name:VolumetricCloud_0 Label:VolumetricCloud SpatiallyLoaded:false EditorBounds:IsValid=true, Min=(X=-2267.769 Y=-308.436 Z=876.205), Max=(X=-2011.769 Y=-52.436 Z=1132.205) RuntimeBounds:IsValid=true, Min=(X=-2139.769 Y=-180.436 Z=1004.205), Max=(X=-2139.769 Y=-180.436 Z=1004.205) RuntimeGrid:None EditorOnly:false RuntimeOnly:false HLODRelevant:false ListedInSceneOutliner:true IsMainWorldOnly:false FolderPath:Lighting FolderGuid:963EC3EB4002CCE9759E2EBA541A873A
 |   |   |- [+] [ 11]
 |   |   |   |- Guid:574629754181E8FA27A58F9DA30CA82C BaseClass:/Game/ThirdPerson/Blueprints/WinPickup.WinPickup_C NativeClass:/Script/Engine.Actor Name:WinOrLost_C_UAID_D45D64346FDF2D4302_1610166168 Label:Win2 SpatiallyLoaded:true EditorBounds:IsValid=true, Min=(X=-1392.720 Y=4287.280 Z=177.280), Max=(X=-1367.280 Y=4312.720 Z=202.720) RuntimeBounds:IsValid=true, Min=(X=-1392.720 Y=4287.280 Z=177.280), Max=(X=-1367.280 Y=4312.720 Z=202.720) RuntimeGrid:None EditorOnly:false RuntimeOnly:false HLODRelevant:false ListedInSceneOutliner:true IsMainWorldOnly:false
 |   |   |- [+] [ 12]
 |   |   |   |- Guid:5DA6EEC94DB5F214F77A018A0BF026C3 BaseClass:/Game/ThirdPerson/Blueprints/Vidas.Vidas_C NativeClass:/Script/Engine.Actor Name:Vidas_C_UAID_D45D64346FDF9B4102_2067463419 Label:Vidas SpatiallyLoaded:true EditorBounds:IsValid=true, Min=(X=927.500 Y=1857.500 Z=190.000), Max=(X=952.500 Y=1882.500 Z=215.000) RuntimeBounds:IsValid=true, Min=(X=927.500 Y=1857.500 Z=190.000), Max=(X=952.500 Y=1882.500 Z=215.000) RuntimeGrid:None EditorOnly:false RuntimeOnly:false HLODRelevant:false ListedInSceneOutliner:true IsMainWorldOnly:false
 |   |   |- [+] [ 13]
 |   |   |   |- Guid:61C882A84824F28DFAE8008FE1F43277 NativeClass:/Script/Engine.StaticMeshActor Name:StaticMeshActor_UAID_D45D64346FDFBE4002_1994735597 Label:SM_Couch SpatiallyLoaded:true EditorBounds:IsValid=true, Min=(X=1108.922 Y=1534.034 Z=100.096), Max=(X=1191.078 Y=1805.966 Z=215.447) RuntimeBounds:IsValid=true, Min=(X=1108.922 Y=1534.034 Z=100.096), Max=(X=1191.078 Y=1805.966 Z=215.447) RuntimeGrid:None EditorOnly:false RuntimeOnly:false HLODRelevant:true ListedInSceneOutliner:true IsMainWorldOnly:false
 |   |   |- [+] [ 14]
 |   |   |   |- Guid:6438392543BC7F3C202FA9BADA62F3C1 NativeClass:/Script/Engine.StaticMeshActor Name:StaticMeshActor_UAID_D45D64346FDFBE4002_1639860596 Label:CubeGridToolOutput3 SpatiallyLoaded:true EditorBounds:IsValid=true, Min=(X=-2600.000 Y=-4300.000 Z=300.000), Max=(X=1300.000 Y=5000.000 Z=800.000) RuntimeBounds:IsValid=true, Min=(X=-2600.000 Y=-4300.000 Z=300.000), Max=(X=1300.000 Y=5000.000 Z=800.000) RuntimeGrid:None EditorOnly:false RuntimeOnly:false HLODRelevant:true ListedInSceneOutliner:true IsMainWorldOnly:false
 |   |   |- [+] [ 15]
 |   |   |   |- Guid:6BAF4DDD444C60371492D3919DB42C97 NativeClass:/Script/Engine.WorldDataLayers Name:WorldDataLayers Label:WorldDataLayers SpatiallyLoaded:false EditorBounds:IsValid=true, Min=(X=0.000 Y=0.000 Z=0.000), Max=(X=0.000 Y=0.000 Z=0.000) RuntimeBounds:IsValid=true, Min=(X=0.000 Y=0.000 Z=0.000), Max=(X=0.000 Y=0.000 Z=0.000) RuntimeGrid:None EditorOnly:false RuntimeOnly:false HLODRelevant:false ListedInSceneOutliner:true IsMainWorldOnly:true
 |   |   |- [+] [ 16]
 |   |   |   |- Guid:6C55D6944D26CB14994D4BBECE5A8725 BaseClass:/Game/ThirdPerson/Blueprints/WinPickup.WinPickup_C NativeClass:/Script/Engine.Actor Name:WinOrLost_C_UAID_D45D64346FDFE24102_2092255916 Label:Win SpatiallyLoaded:true EditorBounds:IsValid=true, Min=(X=-1392.720 Y=4607.280 Z=177.280), Max=(X=-1367.280 Y=4632.720 Z=202.720) RuntimeBounds:IsValid=true, Min=(X=-1392.720 Y=4607.280 Z=177.280), Max=(X=-1367.280 Y=4632.720 Z=202.720) RuntimeGrid:None EditorOnly:false RuntimeOnly:false HLODRelevant:false ListedInSceneOutliner:true IsMainWorldOnly:false
 |   |   |- [+] [ 17]
 |   |   |   |- Guid:742D75F748436A4535CB1A9DAA1F13BF NativeClass:/Script/Engine.StaticMeshActor Name:StaticMeshActor_UAID_D45D64346FDFBE4002_1499688595 Label:CubeGridToolOutput2 SpatiallyLoaded:true EditorBounds:IsValid=true, Min=(X=-3200.000 Y=-4300.000 Z=0.000), Max=(X=1300.000 Y=5000.000 Z=700.000) RuntimeBounds:IsValid=true, Min=(X=-3200.000 Y=-4300.000 Z=0.000), Max=(X=1300.000 Y=5000.000 Z=700.000) RuntimeGrid:None EditorOnly:false RuntimeOnly:false HLODRelevant:true ListedInSceneOutliner:true IsMainWorldOnly:false
 |   |   |- [+] [ 18]
 |   |   |   |- Guid:80A1C42C430D8FD88FFF32AE33D90DD6 BaseClass:/Game/ThirdPerson/Blueprints/Moeda.Moeda_C NativeClass:/Script/Engine.Actor Name:Moeda_C_UAID_D45D64346FDF994102_1893389066 Label:Moeda4 SpatiallyLoaded:true EditorBounds:IsValid=true, Min=(X=-2603.429 Y=1557.688 Z=249.996), Max=(X=-2578.429 Y=1566.599 Z=274.996) RuntimeBounds:IsValid=true, Min=(X=-2603.429 Y=1557.688 Z=249.996), Max=(X=-2578.429 Y=1566.599 Z=274.996) RuntimeGrid:None EditorOnly:false RuntimeOnly:false HLODRelevant:false ListedInSceneOutliner:true IsMainWorldOnly:false
 |   |   |- [+] [ 19]
 |   |   |   |- Guid:846AD395410FBB529C2F489C169CC6C1 BaseClass:/Game/ThirdPerson/Blueprints/Vidas.Vidas_C NativeClass:/Script/Engine.Actor Name:Vidas_C_UAID_D45D64346FDF9B4102_2074529423 Label:Vidas5 SpatiallyLoaded:true EditorBounds:IsValid=true, Min=(X=447.500 Y=1857.500 Z=190.000), Max=(X=472.500 Y=1882.500 Z=215.000) RuntimeBounds:IsValid=true, Min=(X=447.500 Y=1857.500 Z=190.000), Max=(X=472.500 Y=1882.500 Z=215.000) RuntimeGrid:None EditorOnly:false RuntimeOnly:false HLODRelevant:false ListedInSceneOutliner:true IsMainWorldOnly:false
 |   |   |- [+] [ 20]
 |   |   |   |- Guid:884FB7C84A01ED771370AFB28B406275 NativeClass:/Script/Engine.StaticMeshActor Name:StaticMeshActor_UAID_D45D64346FDF2D4302_1209486167 Label:Combined SpatiallyLoaded:true EditorBounds:IsValid=true, Min=(X=-4800.000 Y=-4299.992 Z=-0.000), Max=(X=0.000 Y=3690.000 Z=100.000) RuntimeBounds:IsValid=true, Min=(X=-4800.000 Y=-4299.992 Z=-0.000), Max=(X=0.000 Y=3690.000 Z=100.000) RuntimeGrid:None EditorOnly:false RuntimeOnly:false HLODRelevant:true ListedInSceneOutliner:true IsMainWorldOnly:false
 |   |   |- [+] [ 21]
 |   |   |   |- Guid:9B9BC4BE428F7DAEB72BCEADA413E3EB BaseClass:/Game/ThirdPerson/Blueprints/Moeda.Moeda_C NativeClass:/Script/Engine.Actor Name:Moeda_C_UAID_D45D64346FDF984102_1712159887 Label:Moeda SpatiallyLoaded:true EditorBounds:IsValid=true, Min=(X=-2952.500 Y=979.545 Z=257.500), Max=(X=-2927.500 Y=988.455 Z=282.500) RuntimeBounds:IsValid=true, Min=(X=-2952.500 Y=979.545 Z=257.500), Max=(X=-2927.500 Y=988.455 Z=282.500) RuntimeGrid:None EditorOnly:false RuntimeOnly:false HLODRelevant:false ListedInSceneOutliner:true IsMainWorldOnly:false
 |   |   |- [+] [ 22]
 |   |   |   |- Guid:A0144F944F1DD1F72F2A4A96135E5076 BaseClass:/Game/ThirdPerson/Blueprints/Moeda.Moeda_C NativeClass:/Script/Engine.Actor Name:Moeda_C_UAID_D45D64346FDF994102_1891964065 Label:Moeda3 SpatiallyLoaded:true EditorBounds:IsValid=true, Min=(X=-1963.429 Y=1557.688 Z=249.996), Max=(X=-1938.429 Y=1566.599 Z=274.996) RuntimeBounds:IsValid=true, Min=(X=-1963.429 Y=1557.688 Z=249.996), Max=(X=-1938.429 Y=1566.599 Z=274.996) RuntimeGrid:None EditorOnly:false RuntimeOnly:false HLODRelevant:false ListedInSceneOutliner:true IsMainWorldOnly:false
 |   |   |- [+] [ 23]
 |   |   |   |- Guid:B25BDEAD4779C53666D8F98EADC8E267 NativeClass:/Script/Engine.StaticMeshActor Name:StaticMeshActor_UAID_D45D64346FDFBE4002_2014342598 Label:SM_Couch2 SpatiallyLoaded:true EditorBounds:IsValid=true, Min=(X=1108.922 Y=684.034 Z=100.096), Max=(X=1191.078 Y=955.966 Z=215.447) RuntimeBounds:IsValid=true, Min=(X=1108.922 Y=684.034 Z=100.096), Max=(X=1191.078 Y=955.966 Z=215.447) RuntimeGrid:None EditorOnly:false RuntimeOnly:false HLODRelevant:true ListedInSceneOutliner:true IsMainWorldOnly:false
 |   |   |- [+] [ 24]
 |   |   |   |- Guid:B785ED2844B84CFB91E7F39FE661CD99 NativeClass:/Script/Engine.DirectionalLight Name:DirectionalLight_0 Label:DirectionalLight SpatiallyLoaded:false EditorBounds:IsValid=false, Min=(X=0.000 Y=0.000 Z=0.000), Max=(X=0.000 Y=0.000 Z=0.000) RuntimeBounds:IsValid=false, Min=(X=0.000 Y=0.000 Z=0.000), Max=(X=0.000 Y=0.000 Z=0.000) RuntimeGrid:None EditorOnly:false RuntimeOnly:false HLODRelevant:false ListedInSceneOutliner:true IsMainWorldOnly:false FolderPath:Lighting FolderGuid:963EC3EB4002CCE9759E2EBA541A873A
 |   |   |- [+] [ 25]
 |   |   |   |- Guid:C370C91B4E2AA6CE98FEBC8F3ABC9BF7 NativeClass:/Script/Engine.PlayerStart Name:PlayerStart_UAID_D45D64346FDFBD4002_1090792347 Label:PlayerStart3 SpatiallyLoaded:false EditorBounds:IsValid=true, Min=(X=-716.249 Y=4027.347 Z=76.112), Max=(X=-348.249 Y=4283.347 Z=332.112) RuntimeBounds:IsValid=true, Min=(X=-516.249 Y=4115.347 Z=112.112), Max=(X=-436.249 Y=4195.347 Z=296.112) RuntimeGrid:None EditorOnly:false RuntimeOnly:false HLODRelevant:false ListedInSceneOutliner:true IsMainWorldOnly:false
 |   |   |- [+] [ 26]
 |   |   |   |- Guid:CCFF262C46EEFFDF319E7F9539CE697E NativeClass:/Script/Engine.SkyAtmosphere Name:SkyAtmosphere_0 Label:SkyAtmosphere SpatiallyLoaded:false EditorBounds:IsValid=true, Min=(X=-1575.897 Y=-464.395 Z=1010.297), Max=(X=-1212.623 Y=-120.843 Z=1266.297) RuntimeBounds:IsValid=true, Min=(X=-1340.623 Y=-336.395 Z=1138.297), Max=(X=-1340.623 Y=-336.395 Z=1138.297) RuntimeGrid:None EditorOnly:false RuntimeOnly:false HLODRelevant:false ListedInSceneOutliner:true IsMainWorldOnly:false FolderPath:Lighting FolderGuid:963EC3EB4002CCE9759E2EBA541A873A
 |   |   |- [+] [ 27]
 |   |   |   |- Guid:F5E3FEB3450C49844FD93DA8E083C8AD NativeClass:/Script/Engine.PostProcessVolume Name:PostProcessVolume_0 Label:PostProcessVolume SpatiallyLoaded:false EditorBounds:IsValid=true, Min=(X=-2082.383 Y=-569.069 Z=1146.044), Max=(X=-1882.383 Y=-369.069 Z=1346.044) RuntimeBounds:IsValid=true, Min=(X=-2082.383 Y=-569.069 Z=1146.044), Max=(X=-1882.383 Y=-369.069 Z=1346.044) RuntimeGrid:None EditorOnly:false RuntimeOnly:false HLODRelevant:false ListedInSceneOutliner:true IsMainWorldOnly:false FolderPath:Lighting FolderGuid:963EC3EB4002CCE9759E2EBA541A873A
 |- ContainerInstances:
 |- [+] MainContainer:
 |   |-        ID: 00000000000000000000000000000000
 |   |-  ParentID: 00000000000000000000000000000000
 |   |-    Bounds: IsValid=false, Min=(X=0.000 Y=0.000 Z=0.000), Max=(X=0.000 Y=0.000 Z=0.000)
 |   |- Transform: 0.000000,0.000000,0.000000|0.000000,0.000000,-0.000000|1.000000,1.000000,1.000000
 |   |- Container: /Game/ThirdPerson/Maps/ThirdPersonMap
----------------------------------------------------------------------------------------------------------------
ThirdPersonMap - Persistent Level
----------------------------------------------------------------------------------------------------------------
[+] Content of ThirdPersonMap Persistent Level
 |- Always loaded Actor Count: 28 
 |- Actor Path: /Game/ThirdPerson/Maps/ThirdPersonMap.ThirdPersonMap:PersistentLevel.DirectionalLight_0
 |- Actor Package: /Game/__ExternalActors__/ThirdPerson/Maps/ThirdPersonMap/5/R1/TS5OQ5CRUWFZYL1ZQ7I416
 |- Actor Path: /Game/ThirdPerson/Maps/ThirdPersonMap.ThirdPersonMap:PersistentLevel.ExponentialHeightFog_0
 |- Actor Package: /Game/__ExternalActors__/ThirdPerson/Maps/ThirdPersonMap/6/J7/N10XDC9G27EMLS5AGZ6AVV
 |- Actor Path: /Game/ThirdPerson/Maps/ThirdPersonMap.ThirdPersonMap:PersistentLevel.Moeda_C_UAID_D45D64346FDF984102_1712159887
 |- Actor Package: /Game/__ExternalActors__/ThirdPerson/Maps/ThirdPersonMap/E/NN/P8PP8R28427TTYFRIE54OS
 |- Actor Path: /Game/ThirdPerson/Maps/ThirdPersonMap.ThirdPersonMap:PersistentLevel.Moeda_C_UAID_D45D64346FDF994102_1887337064
 |- Actor Package: /Game/__ExternalActors__/ThirdPerson/Maps/ThirdPersonMap/9/6Z/8CQPWULS3MTL9EBU73Z194
 |- Actor Path: /Game/ThirdPerson/Maps/ThirdPersonMap.ThirdPersonMap:PersistentLevel.Moeda_C_UAID_D45D64346FDF994102_1891964065
 |- Actor Package: /Game/__ExternalActors__/ThirdPerson/Maps/ThirdPersonMap/0/SF/V5CI4LITW8SHUMNBSHIPBP
 |- Actor Path: /Game/ThirdPerson/Maps/ThirdPersonMap.ThirdPersonMap:PersistentLevel.Moeda_C_UAID_D45D64346FDF994102_1893389066
 |- Actor Package: /Game/__ExternalActors__/ThirdPerson/Maps/ThirdPersonMap/5/WY/IB0IE4SJ0BOZPCWEKYMNWP
 |- Actor Path: /Game/ThirdPerson/Maps/ThirdPersonMap.ThirdPersonMap:PersistentLevel.PlayerStart_UAID_D45D64346FDFBD4002_1090792347
 |- Actor Package: /Game/__ExternalActors__/ThirdPerson/Maps/ThirdPersonMap/9/5C/LB8HSLSNF2ZA8NX6XIH3L2
 |- Actor Path: /Game/ThirdPerson/Maps/ThirdPersonMap.ThirdPersonMap:PersistentLevel.PostProcessVolume_0
 |- Actor Package: /Game/__ExternalActors__/ThirdPerson/Maps/ThirdPersonMap/1/AZ/A7GPT109Y6ZTTJD4A7TXER
 |- Actor Path: /Game/ThirdPerson/Maps/ThirdPersonMap.ThirdPersonMap:PersistentLevel.SkyAtmosphere_0
 |- Actor Package: /Game/__ExternalActors__/ThirdPerson/Maps/ThirdPersonMap/4/LN/30UBDLYFFA5ZR7U4W4L4GG
 |- Actor Path: /Game/ThirdPerson/Maps/ThirdPersonMap.ThirdPersonMap:PersistentLevel.StaticMeshActor_UAID_D45D64346FDF2D4302_1209486167
 |- Actor Package: /Game/__ExternalActors__/ThirdPerson/Maps/ThirdPersonMap/D/QS/0EFW7KPCKQ9S9LG39YK25S
 |- Actor Path: /Game/ThirdPerson/Maps/ThirdPersonMap.ThirdPersonMap:PersistentLevel.StaticMeshActor_UAID_D45D64346FDFBC4002_1335259167
 |- Actor Package: /Game/__ExternalActors__/ThirdPerson/Maps/ThirdPersonMap/4/FF/CPP4LSBGJUPKW1NUL04JV1
 |- Actor Path: /Game/ThirdPerson/Maps/ThirdPersonMap.ThirdPersonMap:PersistentLevel.StaticMeshActor_UAID_D45D64346FDFBD4002_1594712392
 |- Actor Package: /Game/__ExternalActors__/ThirdPerson/Maps/ThirdPersonMap/A/UQ/S2KZF332WEANWNAT6DO10J
 |- Actor Path: /Game/ThirdPerson/Maps/ThirdPersonMap.ThirdPersonMap:PersistentLevel.StaticMeshActor_UAID_D45D64346FDFBE4002_1273915594
 |- Actor Package: /Game/__ExternalActors__/ThirdPerson/Maps/ThirdPersonMap/D/UB/558KRDVBLIAPHAQU6A6MJZ
 |- Actor Path: /Game/ThirdPerson/Maps/ThirdPersonMap.ThirdPersonMap:PersistentLevel.StaticMeshActor_UAID_D45D64346FDFBE4002_1499688595
 |- Actor Package: /Game/__ExternalActors__/ThirdPerson/Maps/ThirdPersonMap/A/3M/AJFNBRSFUBJDRZ7FYCL0CD
 |- Actor Path: /Game/ThirdPerson/Maps/ThirdPersonMap.ThirdPersonMap:PersistentLevel.StaticMeshActor_UAID_D45D64346FDFBE4002_1639860596
 |- Actor Package: /Game/__ExternalActors__/ThirdPerson/Maps/ThirdPersonMap/7/D3/TR7LAJ6IQ0VBAAPRMRXKVM
 |- Actor Path: /Game/ThirdPerson/Maps/ThirdPersonMap.ThirdPersonMap:PersistentLevel.StaticMeshActor_UAID_D45D64346FDFBE4002_1994735597
 |- Actor Package: /Game/__ExternalActors__/ThirdPerson/Maps/ThirdPersonMap/4/FE/QCV2NWC084AKXUEU8BK957
 |- Actor Path: /Game/ThirdPerson/Maps/ThirdPersonMap.ThirdPersonMap:PersistentLevel.StaticMeshActor_UAID_D45D64346FDFBE4002_2014342598
 |- Actor Package: /Game/__ExternalActors__/ThirdPerson/Maps/ThirdPersonMap/6/TL/N2QZXM6L2JM9V2GZYFTG8W
 |- Actor Path: /Game/ThirdPerson/Maps/ThirdPersonMap.ThirdPersonMap:PersistentLevel.StaticMeshActor_UAID_D45D64346FDFBE4002_2020051599
 |- Actor Package: /Game/__ExternalActors__/ThirdPerson/Maps/ThirdPersonMap/B/XX/IEORBLKWKWRS44RU7P0LIP
 |- Actor Path: /Game/ThirdPerson/Maps/ThirdPersonMap.ThirdPersonMap:PersistentLevel.Vidas_C_UAID_D45D64346FDF9B4102_2067463419
 |- Actor Package: /Game/__ExternalActors__/ThirdPerson/Maps/ThirdPersonMap/4/YS/VDP8ZT05JRRZP10JSWFNOK
 |- Actor Path: /Game/ThirdPerson/Maps/ThirdPersonMap.ThirdPersonMap:PersistentLevel.Vidas_C_UAID_D45D64346FDF9B4102_2070236420
 |- Actor Package: /Game/__ExternalActors__/ThirdPerson/Maps/ThirdPersonMap/7/60/5GC7SFA9U0NYVU9U47ZEWT
 |- Actor Path: /Game/ThirdPerson/Maps/ThirdPersonMap.ThirdPersonMap:PersistentLevel.Vidas_C_UAID_D45D64346FDF9B4102_2071686421
 |- Actor Package: /Game/__ExternalActors__/ThirdPerson/Maps/ThirdPersonMap/8/PB/VK3H30BWO36NUOX60BQ601
 |- Actor Path: /Game/ThirdPerson/Maps/ThirdPersonMap.ThirdPersonMap:PersistentLevel.Vidas_C_UAID_D45D64346FDF9B4102_2073210422
 |- Actor Package: /Game/__ExternalActors__/ThirdPerson/Maps/ThirdPersonMap/5/S8/8ZEOEQA1YN34JXWPNLPG3U
 |- Actor Path: /Game/ThirdPerson/Maps/ThirdPersonMap.ThirdPersonMap:PersistentLevel.Vidas_C_UAID_D45D64346FDF9B4102_2074529423
 |- Actor Package: /Game/__ExternalActors__/ThirdPerson/Maps/ThirdPersonMap/E/FY/3SHKII1SG90JN09GM74VVV
 |- Actor Path: /Game/ThirdPerson/Maps/ThirdPersonMap.ThirdPersonMap:PersistentLevel.VolumetricCloud_0
 |- Actor Package: /Game/__ExternalActors__/ThirdPerson/Maps/ThirdPersonMap/3/EY/87SHEJN5UBEAN2K5OV1G6R
 |- Actor Path: /Game/ThirdPerson/Maps/ThirdPersonMap.ThirdPersonMap:PersistentLevel.WinOrLost_C_UAID_D45D64346FDF2D4302_1610166168
 |- Actor Package: /Game/__ExternalActors__/ThirdPerson/Maps/ThirdPersonMap/3/SR/0JY6K4VYEKNBOX5II3IB7L
 |- Actor Path: /Game/ThirdPerson/Maps/ThirdPersonMap.ThirdPersonMap:PersistentLevel.WinOrLost_C_UAID_D45D64346FDF2D4302_1612770169
 |- Actor Package: /Game/__ExternalActors__/ThirdPerson/Maps/ThirdPersonMap/7/6C/HN7P7RNAE1M6K8TWPSUU5A
 |- Actor Path: /Game/ThirdPerson/Maps/ThirdPersonMap.ThirdPersonMap:PersistentLevel.WinOrLost_C_UAID_D45D64346FDFE24102_2092255916
 |- Actor Package: /Game/__ExternalActors__/ThirdPerson/Maps/ThirdPersonMap/B/9H/8OB0LRE59DGX412RKAS9SU
 |- Actor Path: /Game/ThirdPerson/Maps/ThirdPersonMap.ThirdPersonMap:PersistentLevel.WorldDataLayers
 |- Actor Package: /Game/__ExternalActors__/ThirdPerson/Maps/ThirdPersonMap/0/43/HYQWORMY4JDQ5X3OKZXFLC

----------------------------------------------------------------------------------------------------------------
ThirdPersonMap - Runtime Hash Set
----------------------------------------------------------------------------------------------------------------

