[+] Containers:
 |- [+] Container: /Game/ThirdPerson/Maps/ThirdPersonMap
 |   |- [+] ActorDescs:
 |   |   |- Guid:2FB58999456391D349DC0F86DAC136ED NativeClass:/Script/Engine.SkyLight Name:SkyLight_1 Label:SkyLight SpatiallyLoaded:false EditorBounds:IsValid=true, Min=(X=0.000 Y=0.000 Z=690.000), Max=(X=0.000 Y=0.000 Z=690.000) RuntimeBounds:IsValid=true, Min=(X=0.000 Y=0.000 Z=690.000), Max=(X=0.000 Y=0.000 Z=690.000) RuntimeGrid:None EditorOnly:false RuntimeOnly:false HLODRelevant:false ListedInSceneOutliner:true IsMainWorldOnly:false FolderPath:Lighting FolderGuid:963EC3EB4002CCE9759E2EBA541A873A
 |   |   |- Guid:316CF2A6494ACA4C0E4180A87D36AB8F NativeClass:/Script/Engine.ExponentialHeightFog Name:ExponentialHeightFog_0 Label:ExponentialHeightFog SpatiallyLoaded:false EditorBounds:IsValid=true, Min=(X=-5600.000 Y=-50.000 Z=-6850.000), Max=(X=-5600.000 Y=-50.000 Z=-6850.000) RuntimeBounds:IsValid=true, Min=(X=-5600.000 Y=-50.000 Z=-6850.000), Max=(X=-5600.000 Y=-50.000 Z=-6850.000) RuntimeGrid:None EditorOnly:false RuntimeOnly:false HLODRelevant:false ListedInSceneOutliner:true IsMainWorldOnly:false FolderPath:Lighting FolderGuid:963EC3EB4002CCE9759E2EBA541A873A
 |   |   |- Guid:3A00AA1C422CE54C0BDB60BAF471BFBB NativeClass:/Script/Engine.PlayerStart Name:PlayerStart_0 Label:PlayerStart SpatiallyLoaded:false EditorBounds:IsValid=true, Min=(X=539.978 Y=1618.818 Z=84.760), Max=(X=907.978 Y=1874.818 Z=340.760) RuntimeBounds:IsValid=true, Min=(X=627.978 Y=1706.818 Z=120.760), Max=(X=707.978 Y=1786.818 Z=304.760) RuntimeGrid:None EditorOnly:false RuntimeOnly:false HLODRelevant:false ListedInSceneOutliner:true IsMainWorldOnly:false
 |   |   |- Guid:4D3BE93F4146AAAC8BBE79999D96D57F NativeClass:/Script/Engine.VolumetricCloud Name:VolumetricCloud_0 Label:VolumetricCloud SpatiallyLoaded:false EditorBounds:IsValid=true, Min=(X=0.000 Y=0.000 Z=820.000), Max=(X=0.000 Y=0.000 Z=820.000) RuntimeBounds:IsValid=true, Min=(X=0.000 Y=0.000 Z=820.000), Max=(X=0.000 Y=0.000 Z=820.000) RuntimeGrid:None EditorOnly:false RuntimeOnly:false HLODRelevant:false ListedInSceneOutliner:true IsMainWorldOnly:false FolderPath:Lighting FolderGuid:963EC3EB4002CCE9759E2EBA541A873A
 |   |   |- Guid:6BAF4DDD444C60371492D3919DB42C97 NativeClass:/Script/Engine.WorldDataLayers Name:WorldDataLayers Label:WorldDataLayers SpatiallyLoaded:false EditorBounds:IsValid=true, Min=(X=0.000 Y=0.000 Z=0.000), Max=(X=0.000 Y=0.000 Z=0.000) RuntimeBounds:IsValid=true, Min=(X=0.000 Y=0.000 Z=0.000), Max=(X=0.000 Y=0.000 Z=0.000) RuntimeGrid:None EditorOnly:false RuntimeOnly:false HLODRelevant:false ListedInSceneOutliner:true IsMainWorldOnly:true
 |   |   |- Guid:83A6A8BD4753846C5DCDA38A25E0AC25 NativeClass:/Script/Engine.PointLight Name:PointLight_UAID_D45D64346FDF6A4002_1131902741 Label:PointLight4 SpatiallyLoaded:true EditorBounds:IsValid=true, Min=(X=269.984 Y=1722.051 Z=-750.011), Max=(X=2269.984 Y=3722.051 Z=1249.989) RuntimeBounds:IsValid=true, Min=(X=269.984 Y=1722.051 Z=-750.011), Max=(X=2269.984 Y=3722.051 Z=1249.989) RuntimeGrid:None EditorOnly:false RuntimeOnly:false HLODRelevant:false ListedInSceneOutliner:true IsMainWorldOnly:false
 |   |   |- Guid:987AAC3E4295953A6BBD46A72ECC5DE4 NativeClass:/Script/Engine.PointLight Name:PointLight_UAID_D45D64346FDF6A4002_1134991742 Label:PointLight5 SpatiallyLoaded:true EditorBounds:IsValid=true, Min=(X=269.984 Y=772.051 Z=-750.011), Max=(X=2269.984 Y=2772.051 Z=1249.989) RuntimeBounds:IsValid=true, Min=(X=269.984 Y=772.051 Z=-750.011), Max=(X=2269.984 Y=2772.051 Z=1249.989) RuntimeGrid:None EditorOnly:false RuntimeOnly:false HLODRelevant:false ListedInSceneOutliner:true IsMainWorldOnly:false
 |   |   |- Guid:B785ED2844B84CFB91E7F39FE661CD99 NativeClass:/Script/Engine.DirectionalLight Name:DirectionalLight_0 Label:DirectionalLight SpatiallyLoaded:false EditorBounds:IsValid=true, Min=(X=-1048576.000 Y=-1048576.000 Z=-1048576.000), Max=(X=1048576.000 Y=1048576.000 Z=1048576.000) RuntimeBounds:IsValid=true, Min=(X=-1048576.000 Y=-1048576.000 Z=-1048576.000), Max=(X=1048576.000 Y=1048576.000 Z=1048576.000) RuntimeGrid:None EditorOnly:false RuntimeOnly:false HLODRelevant:false ListedInSceneOutliner:true IsMainWorldOnly:false FolderPath:Lighting FolderGuid:963EC3EB4002CCE9759E2EBA541A873A
 |   |   |- Guid:C10CF7EE4BCFEA14410A49AAD3339F26 NativeClass:/Script/Engine.StaticMeshActor Name:StaticMeshActor_UAID_D45D64346FDF694002_2078581560 Label:CubeGridToolOutput SpatiallyLoaded:true EditorBounds:IsValid=true, Min=(X=600.000 Y=1600.000 Z=0.000), Max=(X=1800.000 Y=3000.000 Z=100.000) RuntimeBounds:IsValid=true, Min=(X=600.000 Y=1600.000 Z=0.000), Max=(X=1800.000 Y=3000.000 Z=100.000) RuntimeGrid:None EditorOnly:false RuntimeOnly:false HLODRelevant:true ListedInSceneOutliner:true IsMainWorldOnly:false
 |   |   |- Guid:C8113A654E848F61930A88A566AEEE81 NativeClass:/Script/Engine.PointLight Name:PointLight_UAID_D45D64346FDF6A4002_1141327743 Label:PointLight6 SpatiallyLoaded:true EditorBounds:IsValid=true, Min=(X=61.071 Y=841.023 Z=-779.980), Max=(X=2061.071 Y=2841.023 Z=1220.020) RuntimeBounds:IsValid=true, Min=(X=61.071 Y=841.023 Z=-779.980), Max=(X=2061.071 Y=2841.023 Z=1220.020) RuntimeGrid:None EditorOnly:false RuntimeOnly:false HLODRelevant:false ListedInSceneOutliner:true IsMainWorldOnly:false
 |   |   |- Guid:CCFF262C46EEFFDF319E7F9539CE697E NativeClass:/Script/Engine.SkyAtmosphere Name:SkyAtmosphere_0 Label:SkyAtmosphere SpatiallyLoaded:false EditorBounds:IsValid=true, Min=(X=0.000 Y=0.000 Z=1020.000), Max=(X=0.000 Y=0.000 Z=1020.000) RuntimeBounds:IsValid=true, Min=(X=0.000 Y=0.000 Z=1020.000), Max=(X=0.000 Y=0.000 Z=1020.000) RuntimeGrid:None EditorOnly:false RuntimeOnly:false HLODRelevant:false ListedInSceneOutliner:true IsMainWorldOnly:false FolderPath:Lighting FolderGuid:963EC3EB4002CCE9759E2EBA541A873A
 |   |   |- Guid:EA517670485B8270C343D3B22CB4A032 NativeClass:/Script/Engine.PointLight Name:PointLight_UAID_D45D64346FDF6A4002_1126284739 Label:PointLight2 SpatiallyLoaded:true EditorBounds:IsValid=true, Min=(X=-199.992 Y=1717.334 Z=-750.011), Max=(X=1800.008 Y=3717.334 Z=1249.989) RuntimeBounds:IsValid=true, Min=(X=-199.992 Y=1717.334 Z=-750.011), Max=(X=1800.008 Y=3717.334 Z=1249.989) RuntimeGrid:None EditorOnly:false RuntimeOnly:false HLODRelevant:false ListedInSceneOutliner:true IsMainWorldOnly:false
 |   |   |- Guid:EC4E0C944CE6AC6E784BC6BB2916EA13 NativeClass:/Script/Engine.StaticMeshActor Name:StaticMeshActor_UAID_A4AE111137DC5EFB00_1110535423 Label:SM_SkySphere SpatiallyLoaded:false EditorBounds:IsValid=true, Min=(X=-1638400.000 Y=-1638400.000 Z=-1638400.000), Max=(X=1638400.000 Y=1638400.000 Z=1638400.000) RuntimeBounds:IsValid=true, Min=(X=-1638400.000 Y=-1638400.000 Z=-1638400.000), Max=(X=1638400.000 Y=1638400.000 Z=1638400.000) RuntimeGrid:None EditorOnly:false RuntimeOnly:false HLODRelevant:true ListedInSceneOutliner:true IsMainWorldOnly:false FolderPath:Lighting FolderGuid:963EC3EB4002CCE9759E2EBA541A873A
 |   |   |- Guid:F1E40A18493940FE70193D9361FDE0B5 NativeClass:/Script/Engine.PointLight Name:PointLight_UAID_D45D64346FDF6A4002_1128546740 Label:PointLight3 SpatiallyLoaded:true EditorBounds:IsValid=true, Min=(X=179.987 Y=1721.357 Z=-740.013), Max=(X=2179.987 Y=3721.357 Z=1259.987) RuntimeBounds:IsValid=true, Min=(X=179.987 Y=1721.357 Z=-740.013), Max=(X=2179.987 Y=3721.357 Z=1259.987) RuntimeGrid:None EditorOnly:false RuntimeOnly:false HLODRelevant:false ListedInSceneOutliner:true IsMainWorldOnly:false
 |   |   |- Guid:F2E1AE784B4CA2D7743D78AE04B525FD NativeClass:/Script/Engine.StaticMeshActor Name:StaticMeshActor_UAID_D45D64346FDF6A4002_1100217737 Label:CubeGridToolOutput2 SpatiallyLoaded:true EditorBounds:IsValid=true, Min=(X=600.000 Y=1600.000 Z=100.000), Max=(X=1800.000 Y=3000.000 Z=600.000) RuntimeBounds:IsValid=true, Min=(X=600.000 Y=1600.000 Z=100.000), Max=(X=1800.000 Y=3000.000 Z=600.000) RuntimeGrid:None EditorOnly:false RuntimeOnly:false HLODRelevant:true ListedInSceneOutliner:true IsMainWorldOnly:false
 |   |   |- Guid:F5E3FEB3450C49844FD93DA8E083C8AD NativeClass:/Script/Engine.PostProcessVolume Name:PostProcessVolume_0 Label:PostProcessVolume SpatiallyLoaded:false EditorBounds:IsValid=true, Min=(X=0.000 Y=0.000 Z=400.000), Max=(X=200.000 Y=200.000 Z=600.000) RuntimeBounds:IsValid=true, Min=(X=0.000 Y=0.000 Z=400.000), Max=(X=200.000 Y=200.000 Z=600.000) RuntimeGrid:None EditorOnly:false RuntimeOnly:false HLODRelevant:false ListedInSceneOutliner:true IsMainWorldOnly:false FolderPath:Lighting FolderGuid:963EC3EB4002CCE9759E2EBA541A873A
 |   |   |- Guid:F60A6CC54BC751896D590094AD592620 NativeClass:/Script/Engine.PointLight Name:PointLight_UAID_D45D64346FDF6A4002_1112302738 Label:PointLight SpatiallyLoaded:true EditorBounds:IsValid=true, Min=(X=579.969 Y=1725.162 Z=-750.011), Max=(X=2579.969 Y=3725.162 Z=1249.989) RuntimeBounds:IsValid=true, Min=(X=579.969 Y=1725.162 Z=-750.011), Max=(X=2579.969 Y=3725.162 Z=1249.989) RuntimeGrid:None EditorOnly:false RuntimeOnly:false HLODRelevant:false ListedInSceneOutliner:true IsMainWorldOnly:false
 |   |- [+] Clusters:
 |   |   |- [+] [  0]
 |   |   |   |- Guid:2FB58999456391D349DC0F86DAC136ED NativeClass:/Script/Engine.SkyLight Name:SkyLight_1 Label:SkyLight SpatiallyLoaded:false EditorBounds:IsValid=true, Min=(X=0.000 Y=0.000 Z=690.000), Max=(X=0.000 Y=0.000 Z=690.000) RuntimeBounds:IsValid=true, Min=(X=0.000 Y=0.000 Z=690.000), Max=(X=0.000 Y=0.000 Z=690.000) RuntimeGrid:None EditorOnly:false RuntimeOnly:false HLODRelevant:false ListedInSceneOutliner:true IsMainWorldOnly:false FolderPath:Lighting FolderGuid:963EC3EB4002CCE9759E2EBA541A873A
 |   |   |- [+] [  1]
 |   |   |   |- Guid:316CF2A6494ACA4C0E4180A87D36AB8F NativeClass:/Script/Engine.ExponentialHeightFog Name:ExponentialHeightFog_0 Label:ExponentialHeightFog SpatiallyLoaded:false EditorBounds:IsValid=true, Min=(X=-5600.000 Y=-50.000 Z=-6850.000), Max=(X=-5600.000 Y=-50.000 Z=-6850.000) RuntimeBounds:IsValid=true, Min=(X=-5600.000 Y=-50.000 Z=-6850.000), Max=(X=-5600.000 Y=-50.000 Z=-6850.000) RuntimeGrid:None EditorOnly:false RuntimeOnly:false HLODRelevant:false ListedInSceneOutliner:true IsMainWorldOnly:false FolderPath:Lighting FolderGuid:963EC3EB4002CCE9759E2EBA541A873A
 |   |   |- [+] [  2]
 |   |   |   |- Guid:3A00AA1C422CE54C0BDB60BAF471BFBB NativeClass:/Script/Engine.PlayerStart Name:PlayerStart_0 Label:PlayerStart SpatiallyLoaded:false EditorBounds:IsValid=true, Min=(X=539.978 Y=1618.818 Z=84.760), Max=(X=907.978 Y=1874.818 Z=340.760) RuntimeBounds:IsValid=true, Min=(X=627.978 Y=1706.818 Z=120.760), Max=(X=707.978 Y=1786.818 Z=304.760) RuntimeGrid:None EditorOnly:false RuntimeOnly:false HLODRelevant:false ListedInSceneOutliner:true IsMainWorldOnly:false
 |   |   |- [+] [  3]
 |   |   |   |- Guid:4D3BE93F4146AAAC8BBE79999D96D57F NativeClass:/Script/Engine.VolumetricCloud Name:VolumetricCloud_0 Label:VolumetricCloud SpatiallyLoaded:false EditorBounds:IsValid=true, Min=(X=0.000 Y=0.000 Z=820.000), Max=(X=0.000 Y=0.000 Z=820.000) RuntimeBounds:IsValid=true, Min=(X=0.000 Y=0.000 Z=820.000), Max=(X=0.000 Y=0.000 Z=820.000) RuntimeGrid:None EditorOnly:false RuntimeOnly:false HLODRelevant:false ListedInSceneOutliner:true IsMainWorldOnly:false FolderPath:Lighting FolderGuid:963EC3EB4002CCE9759E2EBA541A873A
 |   |   |- [+] [  4]
 |   |   |   |- Guid:6BAF4DDD444C60371492D3919DB42C97 NativeClass:/Script/Engine.WorldDataLayers Name:WorldDataLayers Label:WorldDataLayers SpatiallyLoaded:false EditorBounds:IsValid=true, Min=(X=0.000 Y=0.000 Z=0.000), Max=(X=0.000 Y=0.000 Z=0.000) RuntimeBounds:IsValid=true, Min=(X=0.000 Y=0.000 Z=0.000), Max=(X=0.000 Y=0.000 Z=0.000) RuntimeGrid:None EditorOnly:false RuntimeOnly:false HLODRelevant:false ListedInSceneOutliner:true IsMainWorldOnly:true
 |   |   |- [+] [  5]
 |   |   |   |- Guid:83A6A8BD4753846C5DCDA38A25E0AC25 NativeClass:/Script/Engine.PointLight Name:PointLight_UAID_D45D64346FDF6A4002_1131902741 Label:PointLight4 SpatiallyLoaded:true EditorBounds:IsValid=true, Min=(X=269.984 Y=1722.051 Z=-750.011), Max=(X=2269.984 Y=3722.051 Z=1249.989) RuntimeBounds:IsValid=true, Min=(X=269.984 Y=1722.051 Z=-750.011), Max=(X=2269.984 Y=3722.051 Z=1249.989) RuntimeGrid:None EditorOnly:false RuntimeOnly:false HLODRelevant:false ListedInSceneOutliner:true IsMainWorldOnly:false
 |   |   |- [+] [  6]
 |   |   |   |- Guid:987AAC3E4295953A6BBD46A72ECC5DE4 NativeClass:/Script/Engine.PointLight Name:PointLight_UAID_D45D64346FDF6A4002_1134991742 Label:PointLight5 SpatiallyLoaded:true EditorBounds:IsValid=true, Min=(X=269.984 Y=772.051 Z=-750.011), Max=(X=2269.984 Y=2772.051 Z=1249.989) RuntimeBounds:IsValid=true, Min=(X=269.984 Y=772.051 Z=-750.011), Max=(X=2269.984 Y=2772.051 Z=1249.989) RuntimeGrid:None EditorOnly:false RuntimeOnly:false HLODRelevant:false ListedInSceneOutliner:true IsMainWorldOnly:false
 |   |   |- [+] [  7]
 |   |   |   |- Guid:B785ED2844B84CFB91E7F39FE661CD99 NativeClass:/Script/Engine.DirectionalLight Name:DirectionalLight_0 Label:DirectionalLight SpatiallyLoaded:false EditorBounds:IsValid=true, Min=(X=-1048576.000 Y=-1048576.000 Z=-1048576.000), Max=(X=1048576.000 Y=1048576.000 Z=1048576.000) RuntimeBounds:IsValid=true, Min=(X=-1048576.000 Y=-1048576.000 Z=-1048576.000), Max=(X=1048576.000 Y=1048576.000 Z=1048576.000) RuntimeGrid:None EditorOnly:false RuntimeOnly:false HLODRelevant:false ListedInSceneOutliner:true IsMainWorldOnly:false FolderPath:Lighting FolderGuid:963EC3EB4002CCE9759E2EBA541A873A
 |   |   |- [+] [  8]
 |   |   |   |- Guid:C10CF7EE4BCFEA14410A49AAD3339F26 NativeClass:/Script/Engine.StaticMeshActor Name:StaticMeshActor_UAID_D45D64346FDF694002_2078581560 Label:CubeGridToolOutput SpatiallyLoaded:true EditorBounds:IsValid=true, Min=(X=600.000 Y=1600.000 Z=0.000), Max=(X=1800.000 Y=3000.000 Z=100.000) RuntimeBounds:IsValid=true, Min=(X=600.000 Y=1600.000 Z=0.000), Max=(X=1800.000 Y=3000.000 Z=100.000) RuntimeGrid:None EditorOnly:false RuntimeOnly:false HLODRelevant:true ListedInSceneOutliner:true IsMainWorldOnly:false
 |   |   |- [+] [  9]
 |   |   |   |- Guid:C8113A654E848F61930A88A566AEEE81 NativeClass:/Script/Engine.PointLight Name:PointLight_UAID_D45D64346FDF6A4002_1141327743 Label:PointLight6 SpatiallyLoaded:true EditorBounds:IsValid=true, Min=(X=61.071 Y=841.023 Z=-779.980), Max=(X=2061.071 Y=2841.023 Z=1220.020) RuntimeBounds:IsValid=true, Min=(X=61.071 Y=841.023 Z=-779.980), Max=(X=2061.071 Y=2841.023 Z=1220.020) RuntimeGrid:None EditorOnly:false RuntimeOnly:false HLODRelevant:false ListedInSceneOutliner:true IsMainWorldOnly:false
 |   |   |- [+] [ 10]
 |   |   |   |- Guid:CCFF262C46EEFFDF319E7F9539CE697E NativeClass:/Script/Engine.SkyAtmosphere Name:SkyAtmosphere_0 Label:SkyAtmosphere SpatiallyLoaded:false EditorBounds:IsValid=true, Min=(X=0.000 Y=0.000 Z=1020.000), Max=(X=0.000 Y=0.000 Z=1020.000) RuntimeBounds:IsValid=true, Min=(X=0.000 Y=0.000 Z=1020.000), Max=(X=0.000 Y=0.000 Z=1020.000) RuntimeGrid:None EditorOnly:false RuntimeOnly:false HLODRelevant:false ListedInSceneOutliner:true IsMainWorldOnly:false FolderPath:Lighting FolderGuid:963EC3EB4002CCE9759E2EBA541A873A
 |   |   |- [+] [ 11]
 |   |   |   |- Guid:EA517670485B8270C343D3B22CB4A032 NativeClass:/Script/Engine.PointLight Name:PointLight_UAID_D45D64346FDF6A4002_1126284739 Label:PointLight2 SpatiallyLoaded:true EditorBounds:IsValid=true, Min=(X=-199.992 Y=1717.334 Z=-750.011), Max=(X=1800.008 Y=3717.334 Z=1249.989) RuntimeBounds:IsValid=true, Min=(X=-199.992 Y=1717.334 Z=-750.011), Max=(X=1800.008 Y=3717.334 Z=1249.989) RuntimeGrid:None EditorOnly:false RuntimeOnly:false HLODRelevant:false ListedInSceneOutliner:true IsMainWorldOnly:false
 |   |   |- [+] [ 12]
 |   |   |   |- Guid:EC4E0C944CE6AC6E784BC6BB2916EA13 NativeClass:/Script/Engine.StaticMeshActor Name:StaticMeshActor_UAID_A4AE111137DC5EFB00_1110535423 Label:SM_SkySphere SpatiallyLoaded:false EditorBounds:IsValid=true, Min=(X=-1638400.000 Y=-1638400.000 Z=-1638400.000), Max=(X=1638400.000 Y=1638400.000 Z=1638400.000) RuntimeBounds:IsValid=true, Min=(X=-1638400.000 Y=-1638400.000 Z=-1638400.000), Max=(X=1638400.000 Y=1638400.000 Z=1638400.000) RuntimeGrid:None EditorOnly:false RuntimeOnly:false HLODRelevant:true ListedInSceneOutliner:true IsMainWorldOnly:false FolderPath:Lighting FolderGuid:963EC3EB4002CCE9759E2EBA541A873A
 |   |   |- [+] [ 13]
 |   |   |   |- Guid:F1E40A18493940FE70193D9361FDE0B5 NativeClass:/Script/Engine.PointLight Name:PointLight_UAID_D45D64346FDF6A4002_1128546740 Label:PointLight3 SpatiallyLoaded:true EditorBounds:IsValid=true, Min=(X=179.987 Y=1721.357 Z=-740.013), Max=(X=2179.987 Y=3721.357 Z=1259.987) RuntimeBounds:IsValid=true, Min=(X=179.987 Y=1721.357 Z=-740.013), Max=(X=2179.987 Y=3721.357 Z=1259.987) RuntimeGrid:None EditorOnly:false RuntimeOnly:false HLODRelevant:false ListedInSceneOutliner:true IsMainWorldOnly:false
 |   |   |- [+] [ 14]
 |   |   |   |- Guid:F2E1AE784B4CA2D7743D78AE04B525FD NativeClass:/Script/Engine.StaticMeshActor Name:StaticMeshActor_UAID_D45D64346FDF6A4002_1100217737 Label:CubeGridToolOutput2 SpatiallyLoaded:true EditorBounds:IsValid=true, Min=(X=600.000 Y=1600.000 Z=100.000), Max=(X=1800.000 Y=3000.000 Z=600.000) RuntimeBounds:IsValid=true, Min=(X=600.000 Y=1600.000 Z=100.000), Max=(X=1800.000 Y=3000.000 Z=600.000) RuntimeGrid:None EditorOnly:false RuntimeOnly:false HLODRelevant:true ListedInSceneOutliner:true IsMainWorldOnly:false
 |   |   |- [+] [ 15]
 |   |   |   |- Guid:F5E3FEB3450C49844FD93DA8E083C8AD NativeClass:/Script/Engine.PostProcessVolume Name:PostProcessVolume_0 Label:PostProcessVolume SpatiallyLoaded:false EditorBounds:IsValid=true, Min=(X=0.000 Y=0.000 Z=400.000), Max=(X=200.000 Y=200.000 Z=600.000) RuntimeBounds:IsValid=true, Min=(X=0.000 Y=0.000 Z=400.000), Max=(X=200.000 Y=200.000 Z=600.000) RuntimeGrid:None EditorOnly:false RuntimeOnly:false HLODRelevant:false ListedInSceneOutliner:true IsMainWorldOnly:false FolderPath:Lighting FolderGuid:963EC3EB4002CCE9759E2EBA541A873A
 |   |   |- [+] [ 16]
 |   |   |   |- Guid:F60A6CC54BC751896D590094AD592620 NativeClass:/Script/Engine.PointLight Name:PointLight_UAID_D45D64346FDF6A4002_1112302738 Label:PointLight SpatiallyLoaded:true EditorBounds:IsValid=true, Min=(X=579.969 Y=1725.162 Z=-750.011), Max=(X=2579.969 Y=3725.162 Z=1249.989) RuntimeBounds:IsValid=true, Min=(X=579.969 Y=1725.162 Z=-750.011), Max=(X=2579.969 Y=3725.162 Z=1249.989) RuntimeGrid:None EditorOnly:false RuntimeOnly:false HLODRelevant:false ListedInSceneOutliner:true IsMainWorldOnly:false
 |- ContainerInstances:
 |- [+] MainContainer:
 |   |-        ID: 00000000000000000000000000000000
 |   |-  ParentID: 00000000000000000000000000000000
 |   |-    Bounds: IsValid=false, Min=(X=0.000 Y=0.000 Z=0.000), Max=(X=0.000 Y=0.000 Z=0.000)
 |   |- Transform: 0.000000,0.000000,0.000000|0.000000,0.000000,-0.000000|1.000000,1.000000,1.000000
 |   |- Container: /Game/ThirdPerson/Maps/ThirdPersonMap
----------------------------------------------------------------------------------------------------------------
ThirdPersonMap - Persistent Level
----------------------------------------------------------------------------------------------------------------
[+] Content of ThirdPersonMap Persistent Level
 |- Always loaded Actor Count: 17 
 |- Actor Path: /Game/ThirdPerson/Maps/ThirdPersonMap.ThirdPersonMap:PersistentLevel.DirectionalLight_0
 |- Actor Package: /Game/__ExternalActors__/ThirdPerson/Maps/ThirdPersonMap/5/R1/TS5OQ5CRUWFZYL1ZQ7I416
 |- Actor Path: /Game/ThirdPerson/Maps/ThirdPersonMap.ThirdPersonMap:PersistentLevel.ExponentialHeightFog_0
 |- Actor Package: /Game/__ExternalActors__/ThirdPerson/Maps/ThirdPersonMap/6/J7/N10XDC9G27EMLS5AGZ6AVV
 |- Actor Path: /Game/ThirdPerson/Maps/ThirdPersonMap.ThirdPersonMap:PersistentLevel.PlayerStart_0
 |- Actor Package: /Game/__ExternalActors__/ThirdPerson/Maps/ThirdPersonMap/D/DE/SWSI13675DVYIZ0N4NF7Y3
 |- Actor Path: /Game/ThirdPerson/Maps/ThirdPersonMap.ThirdPersonMap:PersistentLevel.PointLight_UAID_D45D64346FDF6A4002_1112302738
 |- Actor Package: /Game/__ExternalActors__/ThirdPerson/Maps/ThirdPersonMap/3/1U/OIR1DTOCO7S47OLFXL3FZQ
 |- Actor Path: /Game/ThirdPerson/Maps/ThirdPersonMap.ThirdPersonMap:PersistentLevel.PointLight_UAID_D45D64346FDF6A4002_1126284739
 |- Actor Package: /Game/__ExternalActors__/ThirdPerson/Maps/ThirdPersonMap/3/ZL/0ZDFIM1WIJX0ARV3OELZKL
 |- Actor Path: /Game/ThirdPerson/Maps/ThirdPersonMap.ThirdPersonMap:PersistentLevel.PointLight_UAID_D45D64346FDF6A4002_1128546740
 |- Actor Package: /Game/__ExternalActors__/ThirdPerson/Maps/ThirdPersonMap/8/L4/TXZZ4ZA788VSMV095JCNIA
 |- Actor Path: /Game/ThirdPerson/Maps/ThirdPersonMap.ThirdPersonMap:PersistentLevel.PointLight_UAID_D45D64346FDF6A4002_1131902741
 |- Actor Package: /Game/__ExternalActors__/ThirdPerson/Maps/ThirdPersonMap/4/1B/MCCSCTAFF2TSNKKDAZGB75
 |- Actor Path: /Game/ThirdPerson/Maps/ThirdPersonMap.ThirdPersonMap:PersistentLevel.PointLight_UAID_D45D64346FDF6A4002_1134991742
 |- Actor Package: /Game/__ExternalActors__/ThirdPerson/Maps/ThirdPersonMap/8/AL/EG5YHY939J73Z06YBJNIXP
 |- Actor Path: /Game/ThirdPerson/Maps/ThirdPersonMap.ThirdPersonMap:PersistentLevel.PointLight_UAID_D45D64346FDF6A4002_1141327743
 |- Actor Package: /Game/__ExternalActors__/ThirdPerson/Maps/ThirdPersonMap/8/WC/NJXEGGT1WB117AO3SXKIQE
 |- Actor Path: /Game/ThirdPerson/Maps/ThirdPersonMap.ThirdPersonMap:PersistentLevel.PostProcessVolume_0
 |- Actor Package: /Game/__ExternalActors__/ThirdPerson/Maps/ThirdPersonMap/1/AZ/A7GPT109Y6ZTTJD4A7TXER
 |- Actor Path: /Game/ThirdPerson/Maps/ThirdPersonMap.ThirdPersonMap:PersistentLevel.SkyAtmosphere_0
 |- Actor Package: /Game/__ExternalActors__/ThirdPerson/Maps/ThirdPersonMap/4/LN/30UBDLYFFA5ZR7U4W4L4GG
 |- Actor Path: /Game/ThirdPerson/Maps/ThirdPersonMap.ThirdPersonMap:PersistentLevel.SkyLight_1
 |- Actor Package: /Game/__ExternalActors__/ThirdPerson/Maps/ThirdPersonMap/8/S1/DXUWD12MD3HRWVVXX076BY
 |- Actor Path: /Game/ThirdPerson/Maps/ThirdPersonMap.ThirdPersonMap:PersistentLevel.StaticMeshActor_UAID_A4AE111137DC5EFB00_1110535423
 |- Actor Package: /Game/__ExternalActors__/ThirdPerson/Maps/ThirdPersonMap/4/PN/2QISIGK5DJNQ05US8O8FXW
 |- Actor Path: /Game/ThirdPerson/Maps/ThirdPersonMap.ThirdPersonMap:PersistentLevel.StaticMeshActor_UAID_D45D64346FDF694002_2078581560
 |- Actor Package: /Game/__ExternalActors__/ThirdPerson/Maps/ThirdPersonMap/6/ZT/W8GBQSY107DIEEWZ9KCZ18
 |- Actor Path: /Game/ThirdPerson/Maps/ThirdPersonMap.ThirdPersonMap:PersistentLevel.StaticMeshActor_UAID_D45D64346FDF6A4002_1100217737
 |- Actor Package: /Game/__ExternalActors__/ThirdPerson/Maps/ThirdPersonMap/C/LL/8AOKG7K3TB9GOJWQG42MZS
 |- Actor Path: /Game/ThirdPerson/Maps/ThirdPersonMap.ThirdPersonMap:PersistentLevel.VolumetricCloud_0
 |- Actor Package: /Game/__ExternalActors__/ThirdPerson/Maps/ThirdPersonMap/3/EY/87SHEJN5UBEAN2K5OV1G6R
 |- Actor Path: /Game/ThirdPerson/Maps/ThirdPersonMap.ThirdPersonMap:PersistentLevel.WorldDataLayers
 |- Actor Package: /Game/__ExternalActors__/ThirdPerson/Maps/ThirdPersonMap/0/43/HYQWORMY4JDQ5X3OKZXFLC

----------------------------------------------------------------------------------------------------------------
ThirdPersonMap - Runtime Hash Set
----------------------------------------------------------------------------------------------------------------

