[+] Containers:
 |- [+] Container: /Game/ThirdPerson/Maps/ThirdPersonMap
 |   |- [+] ActorDescs:
 |   |   |- Guid:046B0733488D945CBBB8AB8E1846D4CF NativeClass:/Script/Engine.StaticMeshActor Name:StaticMeshActor_UAID_D45D64346FDFBD4002_1982362412 Label:Gramado9 SpatiallyLoaded:true EditorBounds:IsValid=true, Min=(X=-1600.000 Y=500.000 Z=0.000), Max=(X=0.000 Y=2100.000 Z=100.000) RuntimeBounds:IsValid=true, Min=(X=-1600.000 Y=500.000 Z=0.000), Max=(X=0.000 Y=2100.000 Z=100.000) RuntimeGrid:None EditorOnly:false RuntimeOnly:false HLODRelevant:true ListedInSceneOutliner:true IsMainWorldOnly:false
 |   |   |- Guid:1646BAE947EAF8E1E2BA06957720CF55 NativeClass:/Script/Engine.StaticMeshActor Name:StaticMeshActor_UAID_D45D64346FDFBD4002_1594712392 Label:Cercadinho SpatiallyLoaded:true EditorBounds:IsValid=true, Min=(X=-3201.725 Y=500.094 Z=98.120), Max=(X=-1600.558 Y=2232.594 Z=183.120) RuntimeBounds:IsValid=true, Min=(X=-3201.725 Y=500.094 Z=98.120), Max=(X=-1600.558 Y=2232.594 Z=183.120) RuntimeGrid:None EditorOnly:false RuntimeOnly:false HLODRelevant:true ListedInSceneOutliner:true IsMainWorldOnly:false
 |   |   |- Guid:2166249B42F4F03347C06BA8CCC1B42F NativeClass:/Script/Engine.StaticMeshActor Name:StaticMeshActor_UAID_D45D64346FDFBE4002_2020051599 Label:SM_Couch3 SpatiallyLoaded:true EditorBounds:IsValid=true, Min=(X=1108.922 Y=-185.966 Z=100.096), Max=(X=1191.078 Y=85.966 Z=215.447) RuntimeBounds:IsValid=true, Min=(X=1108.922 Y=-185.966 Z=100.096), Max=(X=1191.078 Y=85.966 Z=215.447) RuntimeGrid:None EditorOnly:false RuntimeOnly:false HLODRelevant:true ListedInSceneOutliner:true IsMainWorldOnly:false
 |   |   |- Guid:2974AFC44005242C67948EA5D7FC62E5 NativeClass:/Script/Engine.StaticMeshActor Name:StaticMeshActor_UAID_D45D64346FDFBD4002_2004981416 Label:Gramado13 SpatiallyLoaded:true EditorBounds:IsValid=true, Min=(X=-1600.000 Y=2090.000 Z=0.000), Max=(X=0.000 Y=3690.000 Z=100.000) RuntimeBounds:IsValid=true, Min=(X=-1600.000 Y=2090.000 Z=0.000), Max=(X=0.000 Y=3690.000 Z=100.000) RuntimeGrid:None EditorOnly:false RuntimeOnly:false HLODRelevant:true ListedInSceneOutliner:true IsMainWorldOnly:false
 |   |   |- Guid:2AA9BF7B4C62EF60E670A4BFEE5D70DE NativeClass:/Script/Engine.StaticMeshActor Name:StaticMeshActor_UAID_D45D64346FDFBD4002_1816474397 Label:Gramado6 SpatiallyLoaded:true EditorBounds:IsValid=true, Min=(X=-3200.000 Y=-4299.992 Z=0.000), Max=(X=-1600.000 Y=-2699.992 Z=100.000) RuntimeBounds:IsValid=true, Min=(X=-3200.000 Y=-4299.992 Z=0.000), Max=(X=-1600.000 Y=-2699.992 Z=100.000) RuntimeGrid:None EditorOnly:false RuntimeOnly:false HLODRelevant:true ListedInSceneOutliner:true IsMainWorldOnly:false
 |   |   |- Guid:316CF2A6494ACA4C0E4180A87D36AB8F NativeClass:/Script/Engine.ExponentialHeightFog Name:ExponentialHeightFog_0 Label:ExponentialHeightFog SpatiallyLoaded:false EditorBounds:IsValid=true, Min=(X=-5600.000 Y=-50.000 Z=-6850.000), Max=(X=-5600.000 Y=-50.000 Z=-6850.000) RuntimeBounds:IsValid=true, Min=(X=-5600.000 Y=-50.000 Z=-6850.000), Max=(X=-5600.000 Y=-50.000 Z=-6850.000) RuntimeGrid:None EditorOnly:false RuntimeOnly:false HLODRelevant:false ListedInSceneOutliner:true IsMainWorldOnly:false FolderPath:Lighting FolderGuid:963EC3EB4002CCE9759E2EBA541A873A
 |   |   |- Guid:3AB6E06E46CD2BCA6A6277A6C7C124D6 BaseClass:/Game/ThirdPerson/Blueprints/MoedaBlueprint.MoedaBlueprint_C NativeClass:/Script/Engine.Actor Name:MoedaBlueprint_C_UAID_D45D64346FDFBF4002_2142005778 Label:MoedaBlueprint SpatiallyLoaded:true EditorBounds:IsValid=true, Min=(X=-2408.750 Y=1138.898 Z=191.250), Max=(X=-2371.250 Y=1154.898 Z=229.052) RuntimeBounds:IsValid=true, Min=(X=-2408.750 Y=1138.898 Z=191.250), Max=(X=-2371.250 Y=1154.898 Z=229.052) RuntimeGrid:None EditorOnly:false RuntimeOnly:false HLODRelevant:false ListedInSceneOutliner:true IsMainWorldOnly:false
 |   |   |- Guid:402B27EA411DF21330EA7B9321A1F0E1 NativeClass:/Script/Engine.StaticMeshActor Name:StaticMeshActor_UAID_D45D64346FDFBC4002_1335259167 Label:Casinha SpatiallyLoaded:true EditorBounds:IsValid=true, Min=(X=-3200.000 Y=2100.000 Z=0.000), Max=(X=-1600.000 Y=3700.000 Z=800.000) RuntimeBounds:IsValid=true, Min=(X=-3200.000 Y=2100.000 Z=0.000), Max=(X=-1600.000 Y=3700.000 Z=800.000) RuntimeGrid:None EditorOnly:false RuntimeOnly:false HLODRelevant:true ListedInSceneOutliner:true IsMainWorldOnly:false
 |   |   |- Guid:4CB064C14BF1ADD8E43E89A49F7643B2 NativeClass:/Script/Engine.StaticMeshActor Name:StaticMeshActor_UAID_D45D64346FDFBE4002_1273915594 Label:CubeGridToolOutput SpatiallyLoaded:true EditorBounds:IsValid=true, Min=(X=-1600.000 Y=-4300.000 Z=0.000), Max=(X=1300.000 Y=5000.000 Z=100.000) RuntimeBounds:IsValid=true, Min=(X=-1600.000 Y=-4300.000 Z=0.000), Max=(X=1300.000 Y=5000.000 Z=100.000) RuntimeGrid:None EditorOnly:false RuntimeOnly:false HLODRelevant:true ListedInSceneOutliner:true IsMainWorldOnly:false
 |   |   |- Guid:4D3BE93F4146AAAC8BBE79999D96D57F NativeClass:/Script/Engine.VolumetricCloud Name:VolumetricCloud_0 Label:VolumetricCloud SpatiallyLoaded:false EditorBounds:IsValid=true, Min=(X=-2267.769 Y=-308.436 Z=876.205), Max=(X=-2011.769 Y=-52.436 Z=1132.205) RuntimeBounds:IsValid=true, Min=(X=-2139.769 Y=-180.436 Z=1004.205), Max=(X=-2139.769 Y=-180.436 Z=1004.205) RuntimeGrid:None EditorOnly:false RuntimeOnly:false HLODRelevant:false ListedInSceneOutliner:true IsMainWorldOnly:false FolderPath:Lighting FolderGuid:963EC3EB4002CCE9759E2EBA541A873A
 |   |   |- Guid:5181FCBF4B3267BBA2D936BD825AE6E5 NativeClass:/Script/Engine.StaticMeshActor Name:StaticMeshActor_UAID_D45D64346FDFBD4002_1982365415 Label:Gramado12 SpatiallyLoaded:true EditorBounds:IsValid=true, Min=(X=-1600.000 Y=-4299.992 Z=0.000), Max=(X=0.000 Y=-2699.992 Z=100.000) RuntimeBounds:IsValid=true, Min=(X=-1600.000 Y=-4299.992 Z=0.000), Max=(X=0.000 Y=-2699.992 Z=100.000) RuntimeGrid:None EditorOnly:false RuntimeOnly:false HLODRelevant:true ListedInSceneOutliner:true IsMainWorldOnly:false
 |   |   |- Guid:5A3A2A054F2DAF84329E1B9A1AB6BA17 NativeClass:/Script/Engine.StaticMeshActor Name:StaticMeshActor_UAID_D45D64346FDFBD4002_2023894417 Label:Gramado14 SpatiallyLoaded:true EditorBounds:IsValid=true, Min=(X=-4800.000 Y=2090.000 Z=0.000), Max=(X=-3200.000 Y=3690.000 Z=100.000) RuntimeBounds:IsValid=true, Min=(X=-4800.000 Y=2090.000 Z=0.000), Max=(X=-3200.000 Y=3690.000 Z=100.000) RuntimeGrid:None EditorOnly:false RuntimeOnly:false HLODRelevant:true ListedInSceneOutliner:true IsMainWorldOnly:false
 |   |   |- Guid:61C882A84824F28DFAE8008FE1F43277 NativeClass:/Script/Engine.StaticMeshActor Name:StaticMeshActor_UAID_D45D64346FDFBE4002_1994735597 Label:SM_Couch SpatiallyLoaded:true EditorBounds:IsValid=true, Min=(X=1108.922 Y=1534.034 Z=100.096), Max=(X=1191.078 Y=1805.966 Z=215.447) RuntimeBounds:IsValid=true, Min=(X=1108.922 Y=1534.034 Z=100.096), Max=(X=1191.078 Y=1805.966 Z=215.447) RuntimeGrid:None EditorOnly:false RuntimeOnly:false HLODRelevant:true ListedInSceneOutliner:true IsMainWorldOnly:false
 |   |   |- Guid:6438392543BC7F3C202FA9BADA62F3C1 NativeClass:/Script/Engine.StaticMeshActor Name:StaticMeshActor_UAID_D45D64346FDFBE4002_1639860596 Label:CubeGridToolOutput3 SpatiallyLoaded:true EditorBounds:IsValid=true, Min=(X=-2600.000 Y=-4300.000 Z=300.000), Max=(X=1300.000 Y=5000.000 Z=800.000) RuntimeBounds:IsValid=true, Min=(X=-2600.000 Y=-4300.000 Z=300.000), Max=(X=1300.000 Y=5000.000 Z=800.000) RuntimeGrid:None EditorOnly:false RuntimeOnly:false HLODRelevant:true ListedInSceneOutliner:true IsMainWorldOnly:false
 |   |   |- Guid:6BAF4DDD444C60371492D3919DB42C97 NativeClass:/Script/Engine.WorldDataLayers Name:WorldDataLayers Label:WorldDataLayers SpatiallyLoaded:false EditorBounds:IsValid=true, Min=(X=0.000 Y=0.000 Z=0.000), Max=(X=0.000 Y=0.000 Z=0.000) RuntimeBounds:IsValid=true, Min=(X=0.000 Y=0.000 Z=0.000), Max=(X=0.000 Y=0.000 Z=0.000) RuntimeGrid:None EditorOnly:false RuntimeOnly:false HLODRelevant:false ListedInSceneOutliner:true IsMainWorldOnly:true
 |   |   |- Guid:742D75F748436A4535CB1A9DAA1F13BF NativeClass:/Script/Engine.StaticMeshActor Name:StaticMeshActor_UAID_D45D64346FDFBE4002_1499688595 Label:CubeGridToolOutput2 SpatiallyLoaded:true EditorBounds:IsValid=true, Min=(X=-3200.000 Y=-4300.000 Z=0.000), Max=(X=1300.000 Y=5000.000 Z=700.000) RuntimeBounds:IsValid=true, Min=(X=-3200.000 Y=-4300.000 Z=0.000), Max=(X=1300.000 Y=5000.000 Z=700.000) RuntimeGrid:None EditorOnly:false RuntimeOnly:false HLODRelevant:true ListedInSceneOutliner:true IsMainWorldOnly:false
 |   |   |- Guid:912880A8426D3D43E14F85BD518D076E NativeClass:/Script/Engine.StaticMeshActor Name:StaticMeshActor_UAID_D45D64346FDFBD4002_1972090409 Label:Gramado4 SpatiallyLoaded:true EditorBounds:IsValid=true, Min=(X=-4800.000 Y=-1099.992 Z=0.000), Max=(X=-3200.000 Y=500.008 Z=100.000) RuntimeBounds:IsValid=true, Min=(X=-4800.000 Y=-1099.992 Z=0.000), Max=(X=-3200.000 Y=500.008 Z=100.000) RuntimeGrid:None EditorOnly:false RuntimeOnly:false HLODRelevant:true ListedInSceneOutliner:true IsMainWorldOnly:false
 |   |   |- Guid:A55DCA654FB3CA7794BF74A18CB9C646 NativeClass:/Script/Engine.StaticMeshActor Name:StaticMeshActor_UAID_D45D64346FDFBD4002_1816472396 Label:Gramado5 SpatiallyLoaded:true EditorBounds:IsValid=true, Min=(X=-3200.000 Y=-2700.000 Z=0.000), Max=(X=-1600.000 Y=-1100.000 Z=100.000) RuntimeBounds:IsValid=true, Min=(X=-3200.000 Y=-2700.000 Z=0.000), Max=(X=-1600.000 Y=-1100.000 Z=100.000) RuntimeGrid:None EditorOnly:false RuntimeOnly:false HLODRelevant:true ListedInSceneOutliner:true IsMainWorldOnly:false
 |   |   |- Guid:AB5534584CE538C9711C1497F09AAE14 NativeClass:/Script/Engine.StaticMeshActor Name:StaticMeshActor_UAID_D45D64346FDFBC4002_2105163168 Label:Gramado SpatiallyLoaded:true EditorBounds:IsValid=true, Min=(X=-3200.000 Y=500.000 Z=0.000), Max=(X=-1600.000 Y=2100.000 Z=100.000) RuntimeBounds:IsValid=true, Min=(X=-3200.000 Y=500.000 Z=0.000), Max=(X=-1600.000 Y=2100.000 Z=100.000) RuntimeGrid:None EditorOnly:false RuntimeOnly:false HLODRelevant:true ListedInSceneOutliner:true IsMainWorldOnly:false
 |   |   |- Guid:B25BDEAD4779C53666D8F98EADC8E267 NativeClass:/Script/Engine.StaticMeshActor Name:StaticMeshActor_UAID_D45D64346FDFBE4002_2014342598 Label:SM_Couch2 SpatiallyLoaded:true EditorBounds:IsValid=true, Min=(X=1108.922 Y=684.034 Z=100.096), Max=(X=1191.078 Y=955.966 Z=215.447) RuntimeBounds:IsValid=true, Min=(X=1108.922 Y=684.034 Z=100.096), Max=(X=1191.078 Y=955.966 Z=215.447) RuntimeGrid:None EditorOnly:false RuntimeOnly:false HLODRelevant:true ListedInSceneOutliner:true IsMainWorldOnly:false
 |   |   |- Guid:B37414FB4D9F82B66111BD84FB9E09EE NativeClass:/Script/Engine.StaticMeshActor Name:StaticMeshActor_UAID_D45D64346FDFBD4002_1982365414 Label:Gramado11 SpatiallyLoaded:true EditorBounds:IsValid=true, Min=(X=-1600.000 Y=-2700.000 Z=0.000), Max=(X=0.000 Y=-1100.000 Z=100.000) RuntimeBounds:IsValid=true, Min=(X=-1600.000 Y=-2700.000 Z=0.000), Max=(X=0.000 Y=-1100.000 Z=100.000) RuntimeGrid:None EditorOnly:false RuntimeOnly:false HLODRelevant:true ListedInSceneOutliner:true IsMainWorldOnly:false
 |   |   |- Guid:B785ED2844B84CFB91E7F39FE661CD99 NativeClass:/Script/Engine.DirectionalLight Name:DirectionalLight_0 Label:DirectionalLight SpatiallyLoaded:false EditorBounds:IsValid=false, Min=(X=0.000 Y=0.000 Z=0.000), Max=(X=0.000 Y=0.000 Z=0.000) RuntimeBounds:IsValid=false, Min=(X=0.000 Y=0.000 Z=0.000), Max=(X=0.000 Y=0.000 Z=0.000) RuntimeGrid:None EditorOnly:false RuntimeOnly:false HLODRelevant:false ListedInSceneOutliner:true IsMainWorldOnly:false FolderPath:Lighting FolderGuid:963EC3EB4002CCE9759E2EBA541A873A
 |   |   |- Guid:BE73D2624C31FFCF96A7D786703B300E NativeClass:/Script/Engine.StaticMeshActor Name:StaticMeshActor_UAID_D45D64346FDFBD4002_1773431393 Label:Gramado2 SpatiallyLoaded:true EditorBounds:IsValid=true, Min=(X=-3200.000 Y=-1099.992 Z=-0.000), Max=(X=-1600.000 Y=500.008 Z=100.000) RuntimeBounds:IsValid=true, Min=(X=-3200.000 Y=-1099.992 Z=-0.000), Max=(X=-1600.000 Y=500.008 Z=100.000) RuntimeGrid:None EditorOnly:false RuntimeOnly:false HLODRelevant:true ListedInSceneOutliner:true IsMainWorldOnly:false
 |   |   |- Guid:C370C91B4E2AA6CE98FEBC8F3ABC9BF7 NativeClass:/Script/Engine.PlayerStart Name:PlayerStart_UAID_D45D64346FDFBD4002_1090792347 Label:PlayerStart3 SpatiallyLoaded:false EditorBounds:IsValid=true, Min=(X=-2458.662 Y=506.712 Z=118.698), Max=(X=-2202.662 Y=874.712 Z=374.698) RuntimeBounds:IsValid=true, Min=(X=-2370.662 Y=594.712 Z=154.698), Max=(X=-2290.662 Y=674.712 Z=338.698) RuntimeGrid:None EditorOnly:false RuntimeOnly:false HLODRelevant:false ListedInSceneOutliner:true IsMainWorldOnly:false
 |   |   |- Guid:C54E0EFA414DD0BFBDEDEE8048CBF09C NativeClass:/Script/Engine.StaticMeshActor Name:StaticMeshActor_UAID_D45D64346FDFBD4002_1972091411 Label:Gramado8 SpatiallyLoaded:true EditorBounds:IsValid=true, Min=(X=-4800.000 Y=-4299.992 Z=0.000), Max=(X=-3200.000 Y=-2699.992 Z=100.000) RuntimeBounds:IsValid=true, Min=(X=-4800.000 Y=-4299.992 Z=0.000), Max=(X=-3200.000 Y=-2699.992 Z=100.000) RuntimeGrid:None EditorOnly:false RuntimeOnly:false HLODRelevant:true ListedInSceneOutliner:true IsMainWorldOnly:false
 |   |   |- Guid:CCFF262C46EEFFDF319E7F9539CE697E NativeClass:/Script/Engine.SkyAtmosphere Name:SkyAtmosphere_0 Label:SkyAtmosphere SpatiallyLoaded:false EditorBounds:IsValid=true, Min=(X=-1575.897 Y=-464.395 Z=1010.297), Max=(X=-1212.623 Y=-120.843 Z=1266.297) RuntimeBounds:IsValid=true, Min=(X=-1340.623 Y=-336.395 Z=1138.297), Max=(X=-1340.623 Y=-336.395 Z=1138.297) RuntimeGrid:None EditorOnly:false RuntimeOnly:false HLODRelevant:false ListedInSceneOutliner:true IsMainWorldOnly:false FolderPath:Lighting FolderGuid:963EC3EB4002CCE9759E2EBA541A873A
 |   |   |- Guid:DA14E35F4B13A95C15141FBC42721ADC NativeClass:/Script/Engine.StaticMeshActor Name:StaticMeshActor_UAID_D45D64346FDFBD4002_1972088408 Label:Gramado3 SpatiallyLoaded:true EditorBounds:IsValid=true, Min=(X=-4800.000 Y=500.000 Z=0.000), Max=(X=-3200.000 Y=2100.000 Z=100.000) RuntimeBounds:IsValid=true, Min=(X=-4800.000 Y=500.000 Z=0.000), Max=(X=-3200.000 Y=2100.000 Z=100.000) RuntimeGrid:None EditorOnly:false RuntimeOnly:false HLODRelevant:true ListedInSceneOutliner:true IsMainWorldOnly:false
 |   |   |- Guid:E3061BC8410DB40005CD26A9E5359F46 NativeClass:/Script/Engine.StaticMeshActor Name:StaticMeshActor_UAID_D45D64346FDFBD4002_1972090410 Label:Gramado7 SpatiallyLoaded:true EditorBounds:IsValid=true, Min=(X=-4800.000 Y=-2700.000 Z=0.000), Max=(X=-3200.000 Y=-1100.000 Z=100.000) RuntimeBounds:IsValid=true, Min=(X=-4800.000 Y=-2700.000 Z=0.000), Max=(X=-3200.000 Y=-1100.000 Z=100.000) RuntimeGrid:None EditorOnly:false RuntimeOnly:false HLODRelevant:true ListedInSceneOutliner:true IsMainWorldOnly:false
 |   |   |- Guid:F5E3FEB3450C49844FD93DA8E083C8AD NativeClass:/Script/Engine.PostProcessVolume Name:PostProcessVolume_0 Label:PostProcessVolume SpatiallyLoaded:false EditorBounds:IsValid=true, Min=(X=-2082.383 Y=-569.069 Z=1146.044), Max=(X=-1882.383 Y=-369.069 Z=1346.044) RuntimeBounds:IsValid=true, Min=(X=-2082.383 Y=-569.069 Z=1146.044), Max=(X=-1882.383 Y=-369.069 Z=1346.044) RuntimeGrid:None EditorOnly:false RuntimeOnly:false HLODRelevant:false ListedInSceneOutliner:true IsMainWorldOnly:false FolderPath:Lighting FolderGuid:963EC3EB4002CCE9759E2EBA541A873A
 |   |   |- Guid:F868F711404F1CAED027CC9B0F97F650 NativeClass:/Script/Engine.StaticMeshActor Name:StaticMeshActor_UAID_D45D64346FDFBD4002_1982364413 Label:Gramado10 SpatiallyLoaded:true EditorBounds:IsValid=true, Min=(X=-1600.000 Y=-1099.992 Z=0.000), Max=(X=0.000 Y=500.008 Z=100.000) RuntimeBounds:IsValid=true, Min=(X=-1600.000 Y=-1099.992 Z=0.000), Max=(X=0.000 Y=500.008 Z=100.000) RuntimeGrid:None EditorOnly:false RuntimeOnly:false HLODRelevant:true ListedInSceneOutliner:true IsMainWorldOnly:false
 |   |- [+] Clusters:
 |   |   |- [+] [  0]
 |   |   |   |- Guid:046B0733488D945CBBB8AB8E1846D4CF NativeClass:/Script/Engine.StaticMeshActor Name:StaticMeshActor_UAID_D45D64346FDFBD4002_1982362412 Label:Gramado9 SpatiallyLoaded:true EditorBounds:IsValid=true, Min=(X=-1600.000 Y=500.000 Z=0.000), Max=(X=0.000 Y=2100.000 Z=100.000) RuntimeBounds:IsValid=true, Min=(X=-1600.000 Y=500.000 Z=0.000), Max=(X=0.000 Y=2100.000 Z=100.000) RuntimeGrid:None EditorOnly:false RuntimeOnly:false HLODRelevant:true ListedInSceneOutliner:true IsMainWorldOnly:false
 |   |   |- [+] [  1]
 |   |   |   |- Guid:1646BAE947EAF8E1E2BA06957720CF55 NativeClass:/Script/Engine.StaticMeshActor Name:StaticMeshActor_UAID_D45D64346FDFBD4002_1594712392 Label:Cercadinho SpatiallyLoaded:true EditorBounds:IsValid=true, Min=(X=-3201.725 Y=500.094 Z=98.120), Max=(X=-1600.558 Y=2232.594 Z=183.120) RuntimeBounds:IsValid=true, Min=(X=-3201.725 Y=500.094 Z=98.120), Max=(X=-1600.558 Y=2232.594 Z=183.120) RuntimeGrid:None EditorOnly:false RuntimeOnly:false HLODRelevant:true ListedInSceneOutliner:true IsMainWorldOnly:false
 |   |   |- [+] [  2]
 |   |   |   |- Guid:2166249B42F4F03347C06BA8CCC1B42F NativeClass:/Script/Engine.StaticMeshActor Name:StaticMeshActor_UAID_D45D64346FDFBE4002_2020051599 Label:SM_Couch3 SpatiallyLoaded:true EditorBounds:IsValid=true, Min=(X=1108.922 Y=-185.966 Z=100.096), Max=(X=1191.078 Y=85.966 Z=215.447) RuntimeBounds:IsValid=true, Min=(X=1108.922 Y=-185.966 Z=100.096), Max=(X=1191.078 Y=85.966 Z=215.447) RuntimeGrid:None EditorOnly:false RuntimeOnly:false HLODRelevant:true ListedInSceneOutliner:true IsMainWorldOnly:false
 |   |   |- [+] [  3]
 |   |   |   |- Guid:2974AFC44005242C67948EA5D7FC62E5 NativeClass:/Script/Engine.StaticMeshActor Name:StaticMeshActor_UAID_D45D64346FDFBD4002_2004981416 Label:Gramado13 SpatiallyLoaded:true EditorBounds:IsValid=true, Min=(X=-1600.000 Y=2090.000 Z=0.000), Max=(X=0.000 Y=3690.000 Z=100.000) RuntimeBounds:IsValid=true, Min=(X=-1600.000 Y=2090.000 Z=0.000), Max=(X=0.000 Y=3690.000 Z=100.000) RuntimeGrid:None EditorOnly:false RuntimeOnly:false HLODRelevant:true ListedInSceneOutliner:true IsMainWorldOnly:false
 |   |   |- [+] [  4]
 |   |   |   |- Guid:2AA9BF7B4C62EF60E670A4BFEE5D70DE NativeClass:/Script/Engine.StaticMeshActor Name:StaticMeshActor_UAID_D45D64346FDFBD4002_1816474397 Label:Gramado6 SpatiallyLoaded:true EditorBounds:IsValid=true, Min=(X=-3200.000 Y=-4299.992 Z=0.000), Max=(X=-1600.000 Y=-2699.992 Z=100.000) RuntimeBounds:IsValid=true, Min=(X=-3200.000 Y=-4299.992 Z=0.000), Max=(X=-1600.000 Y=-2699.992 Z=100.000) RuntimeGrid:None EditorOnly:false RuntimeOnly:false HLODRelevant:true ListedInSceneOutliner:true IsMainWorldOnly:false
 |   |   |- [+] [  5]
 |   |   |   |- Guid:316CF2A6494ACA4C0E4180A87D36AB8F NativeClass:/Script/Engine.ExponentialHeightFog Name:ExponentialHeightFog_0 Label:ExponentialHeightFog SpatiallyLoaded:false EditorBounds:IsValid=true, Min=(X=-5600.000 Y=-50.000 Z=-6850.000), Max=(X=-5600.000 Y=-50.000 Z=-6850.000) RuntimeBounds:IsValid=true, Min=(X=-5600.000 Y=-50.000 Z=-6850.000), Max=(X=-5600.000 Y=-50.000 Z=-6850.000) RuntimeGrid:None EditorOnly:false RuntimeOnly:false HLODRelevant:false ListedInSceneOutliner:true IsMainWorldOnly:false FolderPath:Lighting FolderGuid:963EC3EB4002CCE9759E2EBA541A873A
 |   |   |- [+] [  6]
 |   |   |   |- Guid:3AB6E06E46CD2BCA6A6277A6C7C124D6 BaseClass:/Game/ThirdPerson/Blueprints/MoedaBlueprint.MoedaBlueprint_C NativeClass:/Script/Engine.Actor Name:MoedaBlueprint_C_UAID_D45D64346FDFBF4002_2142005778 Label:MoedaBlueprint SpatiallyLoaded:true EditorBounds:IsValid=true, Min=(X=-2408.750 Y=1138.898 Z=191.250), Max=(X=-2371.250 Y=1154.898 Z=229.052) RuntimeBounds:IsValid=true, Min=(X=-2408.750 Y=1138.898 Z=191.250), Max=(X=-2371.250 Y=1154.898 Z=229.052) RuntimeGrid:None EditorOnly:false RuntimeOnly:false HLODRelevant:false ListedInSceneOutliner:true IsMainWorldOnly:false
 |   |   |- [+] [  7]
 |   |   |   |- Guid:402B27EA411DF21330EA7B9321A1F0E1 NativeClass:/Script/Engine.StaticMeshActor Name:StaticMeshActor_UAID_D45D64346FDFBC4002_1335259167 Label:Casinha SpatiallyLoaded:true EditorBounds:IsValid=true, Min=(X=-3200.000 Y=2100.000 Z=0.000), Max=(X=-1600.000 Y=3700.000 Z=800.000) RuntimeBounds:IsValid=true, Min=(X=-3200.000 Y=2100.000 Z=0.000), Max=(X=-1600.000 Y=3700.000 Z=800.000) RuntimeGrid:None EditorOnly:false RuntimeOnly:false HLODRelevant:true ListedInSceneOutliner:true IsMainWorldOnly:false
 |   |   |- [+] [  8]
 |   |   |   |- Guid:4CB064C14BF1ADD8E43E89A49F7643B2 NativeClass:/Script/Engine.StaticMeshActor Name:StaticMeshActor_UAID_D45D64346FDFBE4002_1273915594 Label:CubeGridToolOutput SpatiallyLoaded:true EditorBounds:IsValid=true, Min=(X=-1600.000 Y=-4300.000 Z=0.000), Max=(X=1300.000 Y=5000.000 Z=100.000) RuntimeBounds:IsValid=true, Min=(X=-1600.000 Y=-4300.000 Z=0.000), Max=(X=1300.000 Y=5000.000 Z=100.000) RuntimeGrid:None EditorOnly:false RuntimeOnly:false HLODRelevant:true ListedInSceneOutliner:true IsMainWorldOnly:false
 |   |   |- [+] [  9]
 |   |   |   |- Guid:4D3BE93F4146AAAC8BBE79999D96D57F NativeClass:/Script/Engine.VolumetricCloud Name:VolumetricCloud_0 Label:VolumetricCloud SpatiallyLoaded:false EditorBounds:IsValid=true, Min=(X=-2267.769 Y=-308.436 Z=876.205), Max=(X=-2011.769 Y=-52.436 Z=1132.205) RuntimeBounds:IsValid=true, Min=(X=-2139.769 Y=-180.436 Z=1004.205), Max=(X=-2139.769 Y=-180.436 Z=1004.205) RuntimeGrid:None EditorOnly:false RuntimeOnly:false HLODRelevant:false ListedInSceneOutliner:true IsMainWorldOnly:false FolderPath:Lighting FolderGuid:963EC3EB4002CCE9759E2EBA541A873A
 |   |   |- [+] [ 10]
 |   |   |   |- Guid:5181FCBF4B3267BBA2D936BD825AE6E5 NativeClass:/Script/Engine.StaticMeshActor Name:StaticMeshActor_UAID_D45D64346FDFBD4002_1982365415 Label:Gramado12 SpatiallyLoaded:true EditorBounds:IsValid=true, Min=(X=-1600.000 Y=-4299.992 Z=0.000), Max=(X=0.000 Y=-2699.992 Z=100.000) RuntimeBounds:IsValid=true, Min=(X=-1600.000 Y=-4299.992 Z=0.000), Max=(X=0.000 Y=-2699.992 Z=100.000) RuntimeGrid:None EditorOnly:false RuntimeOnly:false HLODRelevant:true ListedInSceneOutliner:true IsMainWorldOnly:false
 |   |   |- [+] [ 11]
 |   |   |   |- Guid:5A3A2A054F2DAF84329E1B9A1AB6BA17 NativeClass:/Script/Engine.StaticMeshActor Name:StaticMeshActor_UAID_D45D64346FDFBD4002_2023894417 Label:Gramado14 SpatiallyLoaded:true EditorBounds:IsValid=true, Min=(X=-4800.000 Y=2090.000 Z=0.000), Max=(X=-3200.000 Y=3690.000 Z=100.000) RuntimeBounds:IsValid=true, Min=(X=-4800.000 Y=2090.000 Z=0.000), Max=(X=-3200.000 Y=3690.000 Z=100.000) RuntimeGrid:None EditorOnly:false RuntimeOnly:false HLODRelevant:true ListedInSceneOutliner:true IsMainWorldOnly:false
 |   |   |- [+] [ 12]
 |   |   |   |- Guid:61C882A84824F28DFAE8008FE1F43277 NativeClass:/Script/Engine.StaticMeshActor Name:StaticMeshActor_UAID_D45D64346FDFBE4002_1994735597 Label:SM_Couch SpatiallyLoaded:true EditorBounds:IsValid=true, Min=(X=1108.922 Y=1534.034 Z=100.096), Max=(X=1191.078 Y=1805.966 Z=215.447) RuntimeBounds:IsValid=true, Min=(X=1108.922 Y=1534.034 Z=100.096), Max=(X=1191.078 Y=1805.966 Z=215.447) RuntimeGrid:None EditorOnly:false RuntimeOnly:false HLODRelevant:true ListedInSceneOutliner:true IsMainWorldOnly:false
 |   |   |- [+] [ 13]
 |   |   |   |- Guid:6438392543BC7F3C202FA9BADA62F3C1 NativeClass:/Script/Engine.StaticMeshActor Name:StaticMeshActor_UAID_D45D64346FDFBE4002_1639860596 Label:CubeGridToolOutput3 SpatiallyLoaded:true EditorBounds:IsValid=true, Min=(X=-2600.000 Y=-4300.000 Z=300.000), Max=(X=1300.000 Y=5000.000 Z=800.000) RuntimeBounds:IsValid=true, Min=(X=-2600.000 Y=-4300.000 Z=300.000), Max=(X=1300.000 Y=5000.000 Z=800.000) RuntimeGrid:None EditorOnly:false RuntimeOnly:false HLODRelevant:true ListedInSceneOutliner:true IsMainWorldOnly:false
 |   |   |- [+] [ 14]
 |   |   |   |- Guid:6BAF4DDD444C60371492D3919DB42C97 NativeClass:/Script/Engine.WorldDataLayers Name:WorldDataLayers Label:WorldDataLayers SpatiallyLoaded:false EditorBounds:IsValid=true, Min=(X=0.000 Y=0.000 Z=0.000), Max=(X=0.000 Y=0.000 Z=0.000) RuntimeBounds:IsValid=true, Min=(X=0.000 Y=0.000 Z=0.000), Max=(X=0.000 Y=0.000 Z=0.000) RuntimeGrid:None EditorOnly:false RuntimeOnly:false HLODRelevant:false ListedInSceneOutliner:true IsMainWorldOnly:true
 |   |   |- [+] [ 15]
 |   |   |   |- Guid:742D75F748436A4535CB1A9DAA1F13BF NativeClass:/Script/Engine.StaticMeshActor Name:StaticMeshActor_UAID_D45D64346FDFBE4002_1499688595 Label:CubeGridToolOutput2 SpatiallyLoaded:true EditorBounds:IsValid=true, Min=(X=-3200.000 Y=-4300.000 Z=0.000), Max=(X=1300.000 Y=5000.000 Z=700.000) RuntimeBounds:IsValid=true, Min=(X=-3200.000 Y=-4300.000 Z=0.000), Max=(X=1300.000 Y=5000.000 Z=700.000) RuntimeGrid:None EditorOnly:false RuntimeOnly:false HLODRelevant:true ListedInSceneOutliner:true IsMainWorldOnly:false
 |   |   |- [+] [ 16]
 |   |   |   |- Guid:912880A8426D3D43E14F85BD518D076E NativeClass:/Script/Engine.StaticMeshActor Name:StaticMeshActor_UAID_D45D64346FDFBD4002_1972090409 Label:Gramado4 SpatiallyLoaded:true EditorBounds:IsValid=true, Min=(X=-4800.000 Y=-1099.992 Z=0.000), Max=(X=-3200.000 Y=500.008 Z=100.000) RuntimeBounds:IsValid=true, Min=(X=-4800.000 Y=-1099.992 Z=0.000), Max=(X=-3200.000 Y=500.008 Z=100.000) RuntimeGrid:None EditorOnly:false RuntimeOnly:false HLODRelevant:true ListedInSceneOutliner:true IsMainWorldOnly:false
 |   |   |- [+] [ 17]
 |   |   |   |- Guid:A55DCA654FB3CA7794BF74A18CB9C646 NativeClass:/Script/Engine.StaticMeshActor Name:StaticMeshActor_UAID_D45D64346FDFBD4002_1816472396 Label:Gramado5 SpatiallyLoaded:true EditorBounds:IsValid=true, Min=(X=-3200.000 Y=-2700.000 Z=0.000), Max=(X=-1600.000 Y=-1100.000 Z=100.000) RuntimeBounds:IsValid=true, Min=(X=-3200.000 Y=-2700.000 Z=0.000), Max=(X=-1600.000 Y=-1100.000 Z=100.000) RuntimeGrid:None EditorOnly:false RuntimeOnly:false HLODRelevant:true ListedInSceneOutliner:true IsMainWorldOnly:false
 |   |   |- [+] [ 18]
 |   |   |   |- Guid:AB5534584CE538C9711C1497F09AAE14 NativeClass:/Script/Engine.StaticMeshActor Name:StaticMeshActor_UAID_D45D64346FDFBC4002_2105163168 Label:Gramado SpatiallyLoaded:true EditorBounds:IsValid=true, Min=(X=-3200.000 Y=500.000 Z=0.000), Max=(X=-1600.000 Y=2100.000 Z=100.000) RuntimeBounds:IsValid=true, Min=(X=-3200.000 Y=500.000 Z=0.000), Max=(X=-1600.000 Y=2100.000 Z=100.000) RuntimeGrid:None EditorOnly:false RuntimeOnly:false HLODRelevant:true ListedInSceneOutliner:true IsMainWorldOnly:false
 |   |   |- [+] [ 19]
 |   |   |   |- Guid:B25BDEAD4779C53666D8F98EADC8E267 NativeClass:/Script/Engine.StaticMeshActor Name:StaticMeshActor_UAID_D45D64346FDFBE4002_2014342598 Label:SM_Couch2 SpatiallyLoaded:true EditorBounds:IsValid=true, Min=(X=1108.922 Y=684.034 Z=100.096), Max=(X=1191.078 Y=955.966 Z=215.447) RuntimeBounds:IsValid=true, Min=(X=1108.922 Y=684.034 Z=100.096), Max=(X=1191.078 Y=955.966 Z=215.447) RuntimeGrid:None EditorOnly:false RuntimeOnly:false HLODRelevant:true ListedInSceneOutliner:true IsMainWorldOnly:false
 |   |   |- [+] [ 20]
 |   |   |   |- Guid:B37414FB4D9F82B66111BD84FB9E09EE NativeClass:/Script/Engine.StaticMeshActor Name:StaticMeshActor_UAID_D45D64346FDFBD4002_1982365414 Label:Gramado11 SpatiallyLoaded:true EditorBounds:IsValid=true, Min=(X=-1600.000 Y=-2700.000 Z=0.000), Max=(X=0.000 Y=-1100.000 Z=100.000) RuntimeBounds:IsValid=true, Min=(X=-1600.000 Y=-2700.000 Z=0.000), Max=(X=0.000 Y=-1100.000 Z=100.000) RuntimeGrid:None EditorOnly:false RuntimeOnly:false HLODRelevant:true ListedInSceneOutliner:true IsMainWorldOnly:false
 |   |   |- [+] [ 21]
 |   |   |   |- Guid:B785ED2844B84CFB91E7F39FE661CD99 NativeClass:/Script/Engine.DirectionalLight Name:DirectionalLight_0 Label:DirectionalLight SpatiallyLoaded:false EditorBounds:IsValid=false, Min=(X=0.000 Y=0.000 Z=0.000), Max=(X=0.000 Y=0.000 Z=0.000) RuntimeBounds:IsValid=false, Min=(X=0.000 Y=0.000 Z=0.000), Max=(X=0.000 Y=0.000 Z=0.000) RuntimeGrid:None EditorOnly:false RuntimeOnly:false HLODRelevant:false ListedInSceneOutliner:true IsMainWorldOnly:false FolderPath:Lighting FolderGuid:963EC3EB4002CCE9759E2EBA541A873A
 |   |   |- [+] [ 22]
 |   |   |   |- Guid:BE73D2624C31FFCF96A7D786703B300E NativeClass:/Script/Engine.StaticMeshActor Name:StaticMeshActor_UAID_D45D64346FDFBD4002_1773431393 Label:Gramado2 SpatiallyLoaded:true EditorBounds:IsValid=true, Min=(X=-3200.000 Y=-1099.992 Z=-0.000), Max=(X=-1600.000 Y=500.008 Z=100.000) RuntimeBounds:IsValid=true, Min=(X=-3200.000 Y=-1099.992 Z=-0.000), Max=(X=-1600.000 Y=500.008 Z=100.000) RuntimeGrid:None EditorOnly:false RuntimeOnly:false HLODRelevant:true ListedInSceneOutliner:true IsMainWorldOnly:false
 |   |   |- [+] [ 23]
 |   |   |   |- Guid:C370C91B4E2AA6CE98FEBC8F3ABC9BF7 NativeClass:/Script/Engine.PlayerStart Name:PlayerStart_UAID_D45D64346FDFBD4002_1090792347 Label:PlayerStart3 SpatiallyLoaded:false EditorBounds:IsValid=true, Min=(X=-2458.662 Y=506.712 Z=118.698), Max=(X=-2202.662 Y=874.712 Z=374.698) RuntimeBounds:IsValid=true, Min=(X=-2370.662 Y=594.712 Z=154.698), Max=(X=-2290.662 Y=674.712 Z=338.698) RuntimeGrid:None EditorOnly:false RuntimeOnly:false HLODRelevant:false ListedInSceneOutliner:true IsMainWorldOnly:false
 |   |   |- [+] [ 24]
 |   |   |   |- Guid:C54E0EFA414DD0BFBDEDEE8048CBF09C NativeClass:/Script/Engine.StaticMeshActor Name:StaticMeshActor_UAID_D45D64346FDFBD4002_1972091411 Label:Gramado8 SpatiallyLoaded:true EditorBounds:IsValid=true, Min=(X=-4800.000 Y=-4299.992 Z=0.000), Max=(X=-3200.000 Y=-2699.992 Z=100.000) RuntimeBounds:IsValid=true, Min=(X=-4800.000 Y=-4299.992 Z=0.000), Max=(X=-3200.000 Y=-2699.992 Z=100.000) RuntimeGrid:None EditorOnly:false RuntimeOnly:false HLODRelevant:true ListedInSceneOutliner:true IsMainWorldOnly:false
 |   |   |- [+] [ 25]
 |   |   |   |- Guid:CCFF262C46EEFFDF319E7F9539CE697E NativeClass:/Script/Engine.SkyAtmosphere Name:SkyAtmosphere_0 Label:SkyAtmosphere SpatiallyLoaded:false EditorBounds:IsValid=true, Min=(X=-1575.897 Y=-464.395 Z=1010.297), Max=(X=-1212.623 Y=-120.843 Z=1266.297) RuntimeBounds:IsValid=true, Min=(X=-1340.623 Y=-336.395 Z=1138.297), Max=(X=-1340.623 Y=-336.395 Z=1138.297) RuntimeGrid:None EditorOnly:false RuntimeOnly:false HLODRelevant:false ListedInSceneOutliner:true IsMainWorldOnly:false FolderPath:Lighting FolderGuid:963EC3EB4002CCE9759E2EBA541A873A
 |   |   |- [+] [ 26]
 |   |   |   |- Guid:DA14E35F4B13A95C15141FBC42721ADC NativeClass:/Script/Engine.StaticMeshActor Name:StaticMeshActor_UAID_D45D64346FDFBD4002_1972088408 Label:Gramado3 SpatiallyLoaded:true EditorBounds:IsValid=true, Min=(X=-4800.000 Y=500.000 Z=0.000), Max=(X=-3200.000 Y=2100.000 Z=100.000) RuntimeBounds:IsValid=true, Min=(X=-4800.000 Y=500.000 Z=0.000), Max=(X=-3200.000 Y=2100.000 Z=100.000) RuntimeGrid:None EditorOnly:false RuntimeOnly:false HLODRelevant:true ListedInSceneOutliner:true IsMainWorldOnly:false
 |   |   |- [+] [ 27]
 |   |   |   |- Guid:E3061BC8410DB40005CD26A9E5359F46 NativeClass:/Script/Engine.StaticMeshActor Name:StaticMeshActor_UAID_D45D64346FDFBD4002_1972090410 Label:Gramado7 SpatiallyLoaded:true EditorBounds:IsValid=true, Min=(X=-4800.000 Y=-2700.000 Z=0.000), Max=(X=-3200.000 Y=-1100.000 Z=100.000) RuntimeBounds:IsValid=true, Min=(X=-4800.000 Y=-2700.000 Z=0.000), Max=(X=-3200.000 Y=-1100.000 Z=100.000) RuntimeGrid:None EditorOnly:false RuntimeOnly:false HLODRelevant:true ListedInSceneOutliner:true IsMainWorldOnly:false
 |   |   |- [+] [ 28]
 |   |   |   |- Guid:F5E3FEB3450C49844FD93DA8E083C8AD NativeClass:/Script/Engine.PostProcessVolume Name:PostProcessVolume_0 Label:PostProcessVolume SpatiallyLoaded:false EditorBounds:IsValid=true, Min=(X=-2082.383 Y=-569.069 Z=1146.044), Max=(X=-1882.383 Y=-369.069 Z=1346.044) RuntimeBounds:IsValid=true, Min=(X=-2082.383 Y=-569.069 Z=1146.044), Max=(X=-1882.383 Y=-369.069 Z=1346.044) RuntimeGrid:None EditorOnly:false RuntimeOnly:false HLODRelevant:false ListedInSceneOutliner:true IsMainWorldOnly:false FolderPath:Lighting FolderGuid:963EC3EB4002CCE9759E2EBA541A873A
 |   |   |- [+] [ 29]
 |   |   |   |- Guid:F868F711404F1CAED027CC9B0F97F650 NativeClass:/Script/Engine.StaticMeshActor Name:StaticMeshActor_UAID_D45D64346FDFBD4002_1982364413 Label:Gramado10 SpatiallyLoaded:true EditorBounds:IsValid=true, Min=(X=-1600.000 Y=-1099.992 Z=0.000), Max=(X=0.000 Y=500.008 Z=100.000) RuntimeBounds:IsValid=true, Min=(X=-1600.000 Y=-1099.992 Z=0.000), Max=(X=0.000 Y=500.008 Z=100.000) RuntimeGrid:None EditorOnly:false RuntimeOnly:false HLODRelevant:true ListedInSceneOutliner:true IsMainWorldOnly:false
 |- ContainerInstances:
 |- [+] MainContainer:
 |   |-        ID: 00000000000000000000000000000000
 |   |-  ParentID: 00000000000000000000000000000000
 |   |-    Bounds: IsValid=false, Min=(X=0.000 Y=0.000 Z=0.000), Max=(X=0.000 Y=0.000 Z=0.000)
 |   |- Transform: 0.000000,0.000000,0.000000|0.000000,0.000000,-0.000000|1.000000,1.000000,1.000000
 |   |- Container: /Game/ThirdPerson/Maps/ThirdPersonMap
----------------------------------------------------------------------------------------------------------------
ThirdPersonMap - Persistent Level
----------------------------------------------------------------------------------------------------------------
[+] Content of ThirdPersonMap Persistent Level
 |- Always loaded Actor Count: 30 
 |- Actor Path: /Game/ThirdPerson/Maps/ThirdPersonMap.ThirdPersonMap:PersistentLevel.DirectionalLight_0
 |- Actor Package: /Game/__ExternalActors__/ThirdPerson/Maps/ThirdPersonMap/5/R1/TS5OQ5CRUWFZYL1ZQ7I416
 |- Actor Path: /Game/ThirdPerson/Maps/ThirdPersonMap.ThirdPersonMap:PersistentLevel.ExponentialHeightFog_0
 |- Actor Package: /Game/__ExternalActors__/ThirdPerson/Maps/ThirdPersonMap/6/J7/N10XDC9G27EMLS5AGZ6AVV
 |- Actor Path: /Game/ThirdPerson/Maps/ThirdPersonMap.ThirdPersonMap:PersistentLevel.MoedaBlueprint_C_UAID_D45D64346FDFBF4002_2142005778
 |- Actor Package: /Game/__ExternalActors__/ThirdPerson/Maps/ThirdPersonMap/6/99/G4D0R411W9UA4G4SNRUYFW
 |- Actor Path: /Game/ThirdPerson/Maps/ThirdPersonMap.ThirdPersonMap:PersistentLevel.PlayerStart_UAID_D45D64346FDFBD4002_1090792347
 |- Actor Package: /Game/__ExternalActors__/ThirdPerson/Maps/ThirdPersonMap/9/5C/LB8HSLSNF2ZA8NX6XIH3L2
 |- Actor Path: /Game/ThirdPerson/Maps/ThirdPersonMap.ThirdPersonMap:PersistentLevel.PostProcessVolume_0
 |- Actor Package: /Game/__ExternalActors__/ThirdPerson/Maps/ThirdPersonMap/1/AZ/A7GPT109Y6ZTTJD4A7TXER
 |- Actor Path: /Game/ThirdPerson/Maps/ThirdPersonMap.ThirdPersonMap:PersistentLevel.SkyAtmosphere_0
 |- Actor Package: /Game/__ExternalActors__/ThirdPerson/Maps/ThirdPersonMap/4/LN/30UBDLYFFA5ZR7U4W4L4GG
 |- Actor Path: /Game/ThirdPerson/Maps/ThirdPersonMap.ThirdPersonMap:PersistentLevel.StaticMeshActor_UAID_D45D64346FDFBC4002_1335259167
 |- Actor Package: /Game/__ExternalActors__/ThirdPerson/Maps/ThirdPersonMap/4/FF/CPP4LSBGJUPKW1NUL04JV1
 |- Actor Path: /Game/ThirdPerson/Maps/ThirdPersonMap.ThirdPersonMap:PersistentLevel.StaticMeshActor_UAID_D45D64346FDFBC4002_2105163168
 |- Actor Package: /Game/__ExternalActors__/ThirdPerson/Maps/ThirdPersonMap/1/05/O5EOE6G8UGYKUBJH43EHLV
 |- Actor Path: /Game/ThirdPerson/Maps/ThirdPersonMap.ThirdPersonMap:PersistentLevel.StaticMeshActor_UAID_D45D64346FDFBD4002_1594712392
 |- Actor Package: /Game/__ExternalActors__/ThirdPerson/Maps/ThirdPersonMap/A/UQ/S2KZF332WEANWNAT6DO10J
 |- Actor Path: /Game/ThirdPerson/Maps/ThirdPersonMap.ThirdPersonMap:PersistentLevel.StaticMeshActor_UAID_D45D64346FDFBD4002_1773431393
 |- Actor Package: /Game/__ExternalActors__/ThirdPerson/Maps/ThirdPersonMap/4/KH/7K7H5IZFF0H1CGGMFCVY3T
 |- Actor Path: /Game/ThirdPerson/Maps/ThirdPersonMap.ThirdPersonMap:PersistentLevel.StaticMeshActor_UAID_D45D64346FDFBD4002_1816472396
 |- Actor Package: /Game/__ExternalActors__/ThirdPerson/Maps/ThirdPersonMap/4/4R/MHQ6E2EC1A5TFVNYTV3AWO
 |- Actor Path: /Game/ThirdPerson/Maps/ThirdPersonMap.ThirdPersonMap:PersistentLevel.StaticMeshActor_UAID_D45D64346FDFBD4002_1816474397
 |- Actor Package: /Game/__ExternalActors__/ThirdPerson/Maps/ThirdPersonMap/D/2B/C1FWTJ8QXPGQZ4PVXRAE2S
 |- Actor Path: /Game/ThirdPerson/Maps/ThirdPersonMap.ThirdPersonMap:PersistentLevel.StaticMeshActor_UAID_D45D64346FDFBD4002_1972088408
 |- Actor Package: /Game/__ExternalActors__/ThirdPerson/Maps/ThirdPersonMap/2/1Y/T1TNIMJ3Y08CVH9FVT8LKC
 |- Actor Path: /Game/ThirdPerson/Maps/ThirdPersonMap.ThirdPersonMap:PersistentLevel.StaticMeshActor_UAID_D45D64346FDFBD4002_1972090409
 |- Actor Package: /Game/__ExternalActors__/ThirdPerson/Maps/ThirdPersonMap/A/RF/BXL9JH07YD7SX0QOH6TDL2
 |- Actor Path: /Game/ThirdPerson/Maps/ThirdPersonMap.ThirdPersonMap:PersistentLevel.StaticMeshActor_UAID_D45D64346FDFBD4002_1972090410
 |- Actor Package: /Game/__ExternalActors__/ThirdPerson/Maps/ThirdPersonMap/E/BD/SY5AT4GLXA1CZMCBPO23PD
 |- Actor Path: /Game/ThirdPerson/Maps/ThirdPersonMap.ThirdPersonMap:PersistentLevel.StaticMeshActor_UAID_D45D64346FDFBD4002_1972091411
 |- Actor Package: /Game/__ExternalActors__/ThirdPerson/Maps/ThirdPersonMap/A/L4/NDVRS686CNMTWYETJREHUY
 |- Actor Path: /Game/ThirdPerson/Maps/ThirdPersonMap.ThirdPersonMap:PersistentLevel.StaticMeshActor_UAID_D45D64346FDFBD4002_1982362412
 |- Actor Package: /Game/__ExternalActors__/ThirdPerson/Maps/ThirdPersonMap/C/WI/YQ2F428C69A3TX5F8NUEN6
 |- Actor Path: /Game/ThirdPerson/Maps/ThirdPersonMap.ThirdPersonMap:PersistentLevel.StaticMeshActor_UAID_D45D64346FDFBD4002_1982364413
 |- Actor Package: /Game/__ExternalActors__/ThirdPerson/Maps/ThirdPersonMap/C/G4/1ZO7ZK5Z1LWSSL31JC18GQ
 |- Actor Path: /Game/ThirdPerson/Maps/ThirdPersonMap.ThirdPersonMap:PersistentLevel.StaticMeshActor_UAID_D45D64346FDFBD4002_1982365414
 |- Actor Package: /Game/__ExternalActors__/ThirdPerson/Maps/ThirdPersonMap/5/29/8XUEFI6NQTISBC13PGEUYF
 |- Actor Path: /Game/ThirdPerson/Maps/ThirdPersonMap.ThirdPersonMap:PersistentLevel.StaticMeshActor_UAID_D45D64346FDFBD4002_1982365415
 |- Actor Package: /Game/__ExternalActors__/ThirdPerson/Maps/ThirdPersonMap/4/CU/D74Y6RSUV8LHKKGBY788OT
 |- Actor Path: /Game/ThirdPerson/Maps/ThirdPersonMap.ThirdPersonMap:PersistentLevel.StaticMeshActor_UAID_D45D64346FDFBD4002_2004981416
 |- Actor Package: /Game/__ExternalActors__/ThirdPerson/Maps/ThirdPersonMap/1/JS/Z6HOJRW2XBA3AIUP8QWJ3J
 |- Actor Path: /Game/ThirdPerson/Maps/ThirdPersonMap.ThirdPersonMap:PersistentLevel.StaticMeshActor_UAID_D45D64346FDFBD4002_2023894417
 |- Actor Package: /Game/__ExternalActors__/ThirdPerson/Maps/ThirdPersonMap/B/3Q/RZ8C84CRHIULZZXMBKBETR
 |- Actor Path: /Game/ThirdPerson/Maps/ThirdPersonMap.ThirdPersonMap:PersistentLevel.StaticMeshActor_UAID_D45D64346FDFBE4002_1273915594
 |- Actor Package: /Game/__ExternalActors__/ThirdPerson/Maps/ThirdPersonMap/D/UB/558KRDVBLIAPHAQU6A6MJZ
 |- Actor Path: /Game/ThirdPerson/Maps/ThirdPersonMap.ThirdPersonMap:PersistentLevel.StaticMeshActor_UAID_D45D64346FDFBE4002_1499688595
 |- Actor Package: /Game/__ExternalActors__/ThirdPerson/Maps/ThirdPersonMap/A/3M/AJFNBRSFUBJDRZ7FYCL0CD
 |- Actor Path: /Game/ThirdPerson/Maps/ThirdPersonMap.ThirdPersonMap:PersistentLevel.StaticMeshActor_UAID_D45D64346FDFBE4002_1639860596
 |- Actor Package: /Game/__ExternalActors__/ThirdPerson/Maps/ThirdPersonMap/7/D3/TR7LAJ6IQ0VBAAPRMRXKVM
 |- Actor Path: /Game/ThirdPerson/Maps/ThirdPersonMap.ThirdPersonMap:PersistentLevel.StaticMeshActor_UAID_D45D64346FDFBE4002_1994735597
 |- Actor Package: /Game/__ExternalActors__/ThirdPerson/Maps/ThirdPersonMap/4/FE/QCV2NWC084AKXUEU8BK957
 |- Actor Path: /Game/ThirdPerson/Maps/ThirdPersonMap.ThirdPersonMap:PersistentLevel.StaticMeshActor_UAID_D45D64346FDFBE4002_2014342598
 |- Actor Package: /Game/__ExternalActors__/ThirdPerson/Maps/ThirdPersonMap/6/TL/N2QZXM6L2JM9V2GZYFTG8W
 |- Actor Path: /Game/ThirdPerson/Maps/ThirdPersonMap.ThirdPersonMap:PersistentLevel.StaticMeshActor_UAID_D45D64346FDFBE4002_2020051599
 |- Actor Package: /Game/__ExternalActors__/ThirdPerson/Maps/ThirdPersonMap/B/XX/IEORBLKWKWRS44RU7P0LIP
 |- Actor Path: /Game/ThirdPerson/Maps/ThirdPersonMap.ThirdPersonMap:PersistentLevel.VolumetricCloud_0
 |- Actor Package: /Game/__ExternalActors__/ThirdPerson/Maps/ThirdPersonMap/3/EY/87SHEJN5UBEAN2K5OV1G6R
 |- Actor Path: /Game/ThirdPerson/Maps/ThirdPersonMap.ThirdPersonMap:PersistentLevel.WorldDataLayers
 |- Actor Package: /Game/__ExternalActors__/ThirdPerson/Maps/ThirdPersonMap/0/43/HYQWORMY4JDQ5X3OKZXFLC

----------------------------------------------------------------------------------------------------------------
ThirdPersonMap - Runtime Hash Set
----------------------------------------------------------------------------------------------------------------

