[+] Containers:
 |- [+] Container: /Game/ThirdPerson/Maps/ThirdPersonMap
 |   |- [+] ActorDescs:
 |   |   |- Guid:1646BAE947EAF8E1E2BA06957720CF55 NativeClass:/Script/Engine.StaticMeshActor Name:StaticMeshActor_UAID_D45D64346FDFBD4002_1594712392 Label:Cercadinho SpatiallyLoaded:true EditorBounds:IsValid=true, Min=(X=-3201.725 Y=500.094 Z=98.120), Max=(X=-1600.558 Y=2232.594 Z=183.120) RuntimeBounds:IsValid=true, Min=(X=-3201.725 Y=500.094 Z=98.120), Max=(X=-1600.558 Y=2232.594 Z=183.120) RuntimeGrid:None EditorOnly:false RuntimeOnly:false HLODRelevant:true ListedInSceneOutliner:true IsMainWorldOnly:false
 |   |   |- Guid:316CF2A6494ACA4C0E4180A87D36AB8F NativeClass:/Script/Engine.ExponentialHeightFog Name:ExponentialHeightFog_0 Label:ExponentialHeightFog SpatiallyLoaded:false EditorBounds:IsValid=true, Min=(X=-5600.000 Y=-50.000 Z=-6850.000), Max=(X=-5600.000 Y=-50.000 Z=-6850.000) RuntimeBounds:IsValid=true, Min=(X=-5600.000 Y=-50.000 Z=-6850.000), Max=(X=-5600.000 Y=-50.000 Z=-6850.000) RuntimeGrid:None EditorOnly:false RuntimeOnly:false HLODRelevant:false ListedInSceneOutliner:true IsMainWorldOnly:false FolderPath:Lighting FolderGuid:963EC3EB4002CCE9759E2EBA541A873A
 |   |   |- Guid:402B27EA411DF21330EA7B9321A1F0E1 NativeClass:/Script/Engine.StaticMeshActor Name:StaticMeshActor_UAID_D45D64346FDFBC4002_1335259167 Label:Casinha SpatiallyLoaded:true EditorBounds:IsValid=true, Min=(X=-3200.000 Y=2100.000 Z=0.000), Max=(X=-1600.000 Y=3700.000 Z=800.000) RuntimeBounds:IsValid=true, Min=(X=-3200.000 Y=2100.000 Z=0.000), Max=(X=-1600.000 Y=3700.000 Z=800.000) RuntimeGrid:None EditorOnly:false RuntimeOnly:false HLODRelevant:true ListedInSceneOutliner:true IsMainWorldOnly:false
 |   |   |- Guid:4D3BE93F4146AAAC8BBE79999D96D57F NativeClass:/Script/Engine.VolumetricCloud Name:VolumetricCloud_0 Label:VolumetricCloud SpatiallyLoaded:false EditorBounds:IsValid=true, Min=(X=-943.125 Y=989.435 Z=1001.695), Max=(X=-687.125 Y=1245.435 Z=1257.695) RuntimeBounds:IsValid=true, Min=(X=-815.125 Y=1117.435 Z=1129.695), Max=(X=-815.125 Y=1117.435 Z=1129.695) RuntimeGrid:None EditorOnly:false RuntimeOnly:false HLODRelevant:false ListedInSceneOutliner:true IsMainWorldOnly:false FolderPath:Lighting FolderGuid:963EC3EB4002CCE9759E2EBA541A873A
 |   |   |- Guid:6BAF4DDD444C60371492D3919DB42C97 NativeClass:/Script/Engine.WorldDataLayers Name:WorldDataLayers Label:WorldDataLayers SpatiallyLoaded:false EditorBounds:IsValid=true, Min=(X=0.000 Y=0.000 Z=0.000), Max=(X=0.000 Y=0.000 Z=0.000) RuntimeBounds:IsValid=true, Min=(X=0.000 Y=0.000 Z=0.000), Max=(X=0.000 Y=0.000 Z=0.000) RuntimeGrid:None EditorOnly:false RuntimeOnly:false HLODRelevant:false ListedInSceneOutliner:true IsMainWorldOnly:true
 |   |   |- Guid:AB5534584CE538C9711C1497F09AAE14 NativeClass:/Script/Engine.StaticMeshActor Name:StaticMeshActor_UAID_D45D64346FDFBC4002_2105163168 Label:Gramado SpatiallyLoaded:true EditorBounds:IsValid=true, Min=(X=-3200.000 Y=500.000 Z=0.000), Max=(X=-1600.000 Y=2100.000 Z=100.000) RuntimeBounds:IsValid=true, Min=(X=-3200.000 Y=500.000 Z=0.000), Max=(X=-1600.000 Y=2100.000 Z=100.000) RuntimeGrid:None EditorOnly:false RuntimeOnly:false HLODRelevant:true ListedInSceneOutliner:true IsMainWorldOnly:false
 |   |   |- Guid:B785ED2844B84CFB91E7F39FE661CD99 NativeClass:/Script/Engine.DirectionalLight Name:DirectionalLight_0 Label:DirectionalLight SpatiallyLoaded:false EditorBounds:IsValid=false, Min=(X=0.000 Y=0.000 Z=0.000), Max=(X=0.000 Y=0.000 Z=0.000) RuntimeBounds:IsValid=false, Min=(X=0.000 Y=0.000 Z=0.000), Max=(X=0.000 Y=0.000 Z=0.000) RuntimeGrid:None EditorOnly:false RuntimeOnly:false HLODRelevant:false ListedInSceneOutliner:true IsMainWorldOnly:false FolderPath:Lighting FolderGuid:963EC3EB4002CCE9759E2EBA541A873A
 |   |   |- Guid:C370C91B4E2AA6CE98FEBC8F3ABC9BF7 NativeClass:/Script/Engine.PlayerStart Name:PlayerStart_UAID_D45D64346FDFBD4002_1090792347 Label:PlayerStart3 SpatiallyLoaded:false EditorBounds:IsValid=true, Min=(X=-2428.662 Y=454.712 Z=129.698), Max=(X=-1760.662 Y=814.712 Z=543.698) RuntimeBounds:IsValid=true, Min=(X=-2390.662 Y=544.712 Z=129.698), Max=(X=-2210.662 Y=724.712 Z=543.698) RuntimeGrid:None EditorOnly:false RuntimeOnly:false HLODRelevant:false ListedInSceneOutliner:true IsMainWorldOnly:false
 |   |   |- Guid:CCFF262C46EEFFDF319E7F9539CE697E NativeClass:/Script/Engine.SkyAtmosphere Name:SkyAtmosphere_0 Label:SkyAtmosphere SpatiallyLoaded:false EditorBounds:IsValid=true, Min=(X=-837.826 Y=380.909 Z=1170.645), Max=(X=-474.552 Y=724.461 Z=1426.645) RuntimeBounds:IsValid=true, Min=(X=-602.552 Y=508.909 Z=1298.645), Max=(X=-602.552 Y=508.909 Z=1298.645) RuntimeGrid:None EditorOnly:false RuntimeOnly:false HLODRelevant:false ListedInSceneOutliner:true IsMainWorldOnly:false FolderPath:Lighting FolderGuid:963EC3EB4002CCE9759E2EBA541A873A
 |   |   |- Guid:F5E3FEB3450C49844FD93DA8E083C8AD NativeClass:/Script/Engine.PostProcessVolume Name:PostProcessVolume_0 Label:PostProcessVolume SpatiallyLoaded:false EditorBounds:IsValid=true, Min=(X=-813.703 Y=285.598 Z=978.724), Max=(X=-613.703 Y=485.598 Z=1178.724) RuntimeBounds:IsValid=true, Min=(X=-813.703 Y=285.598 Z=978.724), Max=(X=-613.703 Y=485.598 Z=1178.724) RuntimeGrid:None EditorOnly:false RuntimeOnly:false HLODRelevant:false ListedInSceneOutliner:true IsMainWorldOnly:false FolderPath:Lighting FolderGuid:963EC3EB4002CCE9759E2EBA541A873A
 |   |- [+] Clusters:
 |   |   |- [+] [  0]
 |   |   |   |- Guid:1646BAE947EAF8E1E2BA06957720CF55 NativeClass:/Script/Engine.StaticMeshActor Name:StaticMeshActor_UAID_D45D64346FDFBD4002_1594712392 Label:Cercadinho SpatiallyLoaded:true EditorBounds:IsValid=true, Min=(X=-3201.725 Y=500.094 Z=98.120), Max=(X=-1600.558 Y=2232.594 Z=183.120) RuntimeBounds:IsValid=true, Min=(X=-3201.725 Y=500.094 Z=98.120), Max=(X=-1600.558 Y=2232.594 Z=183.120) RuntimeGrid:None EditorOnly:false RuntimeOnly:false HLODRelevant:true ListedInSceneOutliner:true IsMainWorldOnly:false
 |   |   |- [+] [  1]
 |   |   |   |- Guid:316CF2A6494ACA4C0E4180A87D36AB8F NativeClass:/Script/Engine.ExponentialHeightFog Name:ExponentialHeightFog_0 Label:ExponentialHeightFog SpatiallyLoaded:false EditorBounds:IsValid=true, Min=(X=-5600.000 Y=-50.000 Z=-6850.000), Max=(X=-5600.000 Y=-50.000 Z=-6850.000) RuntimeBounds:IsValid=true, Min=(X=-5600.000 Y=-50.000 Z=-6850.000), Max=(X=-5600.000 Y=-50.000 Z=-6850.000) RuntimeGrid:None EditorOnly:false RuntimeOnly:false HLODRelevant:false ListedInSceneOutliner:true IsMainWorldOnly:false FolderPath:Lighting FolderGuid:963EC3EB4002CCE9759E2EBA541A873A
 |   |   |- [+] [  2]
 |   |   |   |- Guid:402B27EA411DF21330EA7B9321A1F0E1 NativeClass:/Script/Engine.StaticMeshActor Name:StaticMeshActor_UAID_D45D64346FDFBC4002_1335259167 Label:Casinha SpatiallyLoaded:true EditorBounds:IsValid=true, Min=(X=-3200.000 Y=2100.000 Z=0.000), Max=(X=-1600.000 Y=3700.000 Z=800.000) RuntimeBounds:IsValid=true, Min=(X=-3200.000 Y=2100.000 Z=0.000), Max=(X=-1600.000 Y=3700.000 Z=800.000) RuntimeGrid:None EditorOnly:false RuntimeOnly:false HLODRelevant:true ListedInSceneOutliner:true IsMainWorldOnly:false
 |   |   |- [+] [  3]
 |   |   |   |- Guid:4D3BE93F4146AAAC8BBE79999D96D57F NativeClass:/Script/Engine.VolumetricCloud Name:VolumetricCloud_0 Label:VolumetricCloud SpatiallyLoaded:false EditorBounds:IsValid=true, Min=(X=-943.125 Y=989.435 Z=1001.695), Max=(X=-687.125 Y=1245.435 Z=1257.695) RuntimeBounds:IsValid=true, Min=(X=-815.125 Y=1117.435 Z=1129.695), Max=(X=-815.125 Y=1117.435 Z=1129.695) RuntimeGrid:None EditorOnly:false RuntimeOnly:false HLODRelevant:false ListedInSceneOutliner:true IsMainWorldOnly:false FolderPath:Lighting FolderGuid:963EC3EB4002CCE9759E2EBA541A873A
 |   |   |- [+] [  4]
 |   |   |   |- Guid:6BAF4DDD444C60371492D3919DB42C97 NativeClass:/Script/Engine.WorldDataLayers Name:WorldDataLayers Label:WorldDataLayers SpatiallyLoaded:false EditorBounds:IsValid=true, Min=(X=0.000 Y=0.000 Z=0.000), Max=(X=0.000 Y=0.000 Z=0.000) RuntimeBounds:IsValid=true, Min=(X=0.000 Y=0.000 Z=0.000), Max=(X=0.000 Y=0.000 Z=0.000) RuntimeGrid:None EditorOnly:false RuntimeOnly:false HLODRelevant:false ListedInSceneOutliner:true IsMainWorldOnly:true
 |   |   |- [+] [  5]
 |   |   |   |- Guid:AB5534584CE538C9711C1497F09AAE14 NativeClass:/Script/Engine.StaticMeshActor Name:StaticMeshActor_UAID_D45D64346FDFBC4002_2105163168 Label:Gramado SpatiallyLoaded:true EditorBounds:IsValid=true, Min=(X=-3200.000 Y=500.000 Z=0.000), Max=(X=-1600.000 Y=2100.000 Z=100.000) RuntimeBounds:IsValid=true, Min=(X=-3200.000 Y=500.000 Z=0.000), Max=(X=-1600.000 Y=2100.000 Z=100.000) RuntimeGrid:None EditorOnly:false RuntimeOnly:false HLODRelevant:true ListedInSceneOutliner:true IsMainWorldOnly:false
 |   |   |- [+] [  6]
 |   |   |   |- Guid:B785ED2844B84CFB91E7F39FE661CD99 NativeClass:/Script/Engine.DirectionalLight Name:DirectionalLight_0 Label:DirectionalLight SpatiallyLoaded:false EditorBounds:IsValid=false, Min=(X=0.000 Y=0.000 Z=0.000), Max=(X=0.000 Y=0.000 Z=0.000) RuntimeBounds:IsValid=false, Min=(X=0.000 Y=0.000 Z=0.000), Max=(X=0.000 Y=0.000 Z=0.000) RuntimeGrid:None EditorOnly:false RuntimeOnly:false HLODRelevant:false ListedInSceneOutliner:true IsMainWorldOnly:false FolderPath:Lighting FolderGuid:963EC3EB4002CCE9759E2EBA541A873A
 |   |   |- [+] [  7]
 |   |   |   |- Guid:C370C91B4E2AA6CE98FEBC8F3ABC9BF7 NativeClass:/Script/Engine.PlayerStart Name:PlayerStart_UAID_D45D64346FDFBD4002_1090792347 Label:PlayerStart3 SpatiallyLoaded:false EditorBounds:IsValid=true, Min=(X=-2428.662 Y=454.712 Z=129.698), Max=(X=-1760.662 Y=814.712 Z=543.698) RuntimeBounds:IsValid=true, Min=(X=-2390.662 Y=544.712 Z=129.698), Max=(X=-2210.662 Y=724.712 Z=543.698) RuntimeGrid:None EditorOnly:false RuntimeOnly:false HLODRelevant:false ListedInSceneOutliner:true IsMainWorldOnly:false
 |   |   |- [+] [  8]
 |   |   |   |- Guid:CCFF262C46EEFFDF319E7F9539CE697E NativeClass:/Script/Engine.SkyAtmosphere Name:SkyAtmosphere_0 Label:SkyAtmosphere SpatiallyLoaded:false EditorBounds:IsValid=true, Min=(X=-837.826 Y=380.909 Z=1170.645), Max=(X=-474.552 Y=724.461 Z=1426.645) RuntimeBounds:IsValid=true, Min=(X=-602.552 Y=508.909 Z=1298.645), Max=(X=-602.552 Y=508.909 Z=1298.645) RuntimeGrid:None EditorOnly:false RuntimeOnly:false HLODRelevant:false ListedInSceneOutliner:true IsMainWorldOnly:false FolderPath:Lighting FolderGuid:963EC3EB4002CCE9759E2EBA541A873A
 |   |   |- [+] [  9]
 |   |   |   |- Guid:F5E3FEB3450C49844FD93DA8E083C8AD NativeClass:/Script/Engine.PostProcessVolume Name:PostProcessVolume_0 Label:PostProcessVolume SpatiallyLoaded:false EditorBounds:IsValid=true, Min=(X=-813.703 Y=285.598 Z=978.724), Max=(X=-613.703 Y=485.598 Z=1178.724) RuntimeBounds:IsValid=true, Min=(X=-813.703 Y=285.598 Z=978.724), Max=(X=-613.703 Y=485.598 Z=1178.724) RuntimeGrid:None EditorOnly:false RuntimeOnly:false HLODRelevant:false ListedInSceneOutliner:true IsMainWorldOnly:false FolderPath:Lighting FolderGuid:963EC3EB4002CCE9759E2EBA541A873A
 |- ContainerInstances:
 |- [+] MainContainer:
 |   |-        ID: 00000000000000000000000000000000
 |   |-  ParentID: 00000000000000000000000000000000
 |   |-    Bounds: IsValid=false, Min=(X=0.000 Y=0.000 Z=0.000), Max=(X=0.000 Y=0.000 Z=0.000)
 |   |- Transform: 0.000000,0.000000,0.000000|0.000000,0.000000,-0.000000|1.000000,1.000000,1.000000
 |   |- Container: /Game/ThirdPerson/Maps/ThirdPersonMap
----------------------------------------------------------------------------------------------------------------
ThirdPersonMap - Persistent Level
----------------------------------------------------------------------------------------------------------------
[+] Content of ThirdPersonMap Persistent Level
 |- Always loaded Actor Count: 10 
 |- Actor Path: /Game/ThirdPerson/Maps/ThirdPersonMap.ThirdPersonMap:PersistentLevel.DirectionalLight_0
 |- Actor Package: /Game/__ExternalActors__/ThirdPerson/Maps/ThirdPersonMap/5/R1/TS5OQ5CRUWFZYL1ZQ7I416
 |- Actor Path: /Game/ThirdPerson/Maps/ThirdPersonMap.ThirdPersonMap:PersistentLevel.ExponentialHeightFog_0
 |- Actor Package: /Game/__ExternalActors__/ThirdPerson/Maps/ThirdPersonMap/6/J7/N10XDC9G27EMLS5AGZ6AVV
 |- Actor Path: /Game/ThirdPerson/Maps/ThirdPersonMap.ThirdPersonMap:PersistentLevel.PlayerStart_UAID_D45D64346FDFBD4002_1090792347
 |- Actor Package: /Game/__ExternalActors__/ThirdPerson/Maps/ThirdPersonMap/9/5C/LB8HSLSNF2ZA8NX6XIH3L2
 |- Actor Path: /Game/ThirdPerson/Maps/ThirdPersonMap.ThirdPersonMap:PersistentLevel.PostProcessVolume_0
 |- Actor Package: /Game/__ExternalActors__/ThirdPerson/Maps/ThirdPersonMap/1/AZ/A7GPT109Y6ZTTJD4A7TXER
 |- Actor Path: /Game/ThirdPerson/Maps/ThirdPersonMap.ThirdPersonMap:PersistentLevel.SkyAtmosphere_0
 |- Actor Package: /Game/__ExternalActors__/ThirdPerson/Maps/ThirdPersonMap/4/LN/30UBDLYFFA5ZR7U4W4L4GG
 |- Actor Path: /Game/ThirdPerson/Maps/ThirdPersonMap.ThirdPersonMap:PersistentLevel.StaticMeshActor_UAID_D45D64346FDFBC4002_1335259167
 |- Actor Package: /Game/__ExternalActors__/ThirdPerson/Maps/ThirdPersonMap/4/FF/CPP4LSBGJUPKW1NUL04JV1
 |- Actor Path: /Game/ThirdPerson/Maps/ThirdPersonMap.ThirdPersonMap:PersistentLevel.StaticMeshActor_UAID_D45D64346FDFBC4002_2105163168
 |- Actor Package: /Game/__ExternalActors__/ThirdPerson/Maps/ThirdPersonMap/1/05/O5EOE6G8UGYKUBJH43EHLV
 |- Actor Path: /Game/ThirdPerson/Maps/ThirdPersonMap.ThirdPersonMap:PersistentLevel.StaticMeshActor_UAID_D45D64346FDFBD4002_1594712392
 |- Actor Package: /Game/__ExternalActors__/ThirdPerson/Maps/ThirdPersonMap/A/UQ/S2KZF332WEANWNAT6DO10J
 |- Actor Path: /Game/ThirdPerson/Maps/ThirdPersonMap.ThirdPersonMap:PersistentLevel.VolumetricCloud_0
 |- Actor Package: /Game/__ExternalActors__/ThirdPerson/Maps/ThirdPersonMap/3/EY/87SHEJN5UBEAN2K5OV1G6R
 |- Actor Path: /Game/ThirdPerson/Maps/ThirdPersonMap.ThirdPersonMap:PersistentLevel.WorldDataLayers
 |- Actor Package: /Game/__ExternalActors__/ThirdPerson/Maps/ThirdPersonMap/0/43/HYQWORMY4JDQ5X3OKZXFLC

----------------------------------------------------------------------------------------------------------------
ThirdPersonMap - Runtime Hash Set
----------------------------------------------------------------------------------------------------------------

